{"C:\\Users\\Asus\\Desktop\\previous11-v\\assets\\images\\logo_black.png": {"path":"C:\\Users\\Asus\\Desktop\\previous11-v\\assets\\images\\logo_black.png","statementMap":{"0":{"start":{"line":1,"column":0},"end":{"line":1,"column":19}}},"fnMap":{},"branchMap":{},"s":{"0":1},"f":{},"b":{},"_coverageSchema":"1a1c01bbd47fc00a2c39e90264f33305004495a9","hash":"e945857ce987b412603f5df592d9600068bb0bc3"}
,"C:\\Users\\Asus\\Desktop\\previous11-v\\src\\assets\\images\\bg_corner_splash.png": {"path":"C:\\Users\\Asus\\Desktop\\previous11-v\\src\\assets\\images\\bg_corner_splash.png","statementMap":{"0":{"start":{"line":1,"column":0},"end":{"line":1,"column":19}}},"fnMap":{},"branchMap":{},"s":{"0":1},"f":{},"b":{},"_coverageSchema":"1a1c01bbd47fc00a2c39e90264f33305004495a9","hash":"da71e2bbbfffc0fdf999fc328ca6990d18111ff0"}
,"C:\\Users\\Asus\\Desktop\\previous11-v\\src\\components\\EventModals\\helpers\\index.ts": {"path":"C:\\Users\\Asus\\Desktop\\previous11-v\\src\\components\\EventModals\\helpers\\index.ts","statementMap":{"0":{"start":{"line":7,"column":37},"end":{"line":36,"column":1}},"1":{"start":{"line":8,"column":2},"end":{"line":35,"column":3}},"2":{"start":{"line":10,"column":6},"end":{"line":10,"column":37}},"3":{"start":{"line":12,"column":6},"end":{"line":12,"column":37}},"4":{"start":{"line":14,"column":6},"end":{"line":14,"column":37}},"5":{"start":{"line":16,"column":6},"end":{"line":16,"column":37}},"6":{"start":{"line":18,"column":6},"end":{"line":18,"column":37}},"7":{"start":{"line":20,"column":6},"end":{"line":20,"column":37}},"8":{"start":{"line":22,"column":6},"end":{"line":22,"column":37}},"9":{"start":{"line":24,"column":6},"end":{"line":24,"column":37}},"10":{"start":{"line":26,"column":6},"end":{"line":26,"column":37}},"11":{"start":{"line":28,"column":6},"end":{"line":28,"column":37}},"12":{"start":{"line":30,"column":6},"end":{"line":30,"column":37}},"13":{"start":{"line":32,"column":6},"end":{"line":32,"column":43}},"14":{"start":{"line":34,"column":6},"end":{"line":34,"column":34}},"15":{"start":{"line":38,"column":30},"end":{"line":69,"column":1}},"16":{"start":{"line":39,"column":2},"end":{"line":68,"column":3}},"17":{"start":{"line":41,"column":6},"end":{"line":41,"column":16}},"18":{"start":{"line":43,"column":6},"end":{"line":43,"column":16}},"19":{"start":{"line":45,"column":6},"end":{"line":45,"column":16}},"20":{"start":{"line":47,"column":6},"end":{"line":47,"column":16}},"21":{"start":{"line":49,"column":6},"end":{"line":49,"column":16}},"22":{"start":{"line":51,"column":6},"end":{"line":51,"column":16}},"23":{"start":{"line":53,"column":6},"end":{"line":53,"column":16}},"24":{"start":{"line":55,"column":6},"end":{"line":55,"column":16}},"25":{"start":{"line":57,"column":6},"end":{"line":57,"column":15}},"26":{"start":{"line":59,"column":6},"end":{"line":59,"column":15}},"27":{"start":{"line":61,"column":6},"end":{"line":61,"column":15}},"28":{"start":{"line":63,"column":6},"end":{"line":63,"column":27}},"29":{"start":{"line":65,"column":6},"end":{"line":65,"column":26}},"30":{"start":{"line":67,"column":6},"end":{"line":67,"column":15}},"31":{"start":{"line":71,"column":34},"end":{"line":127,"column":1}},"32":{"start":{"line":77,"column":29},"end":{"line":80,"column":3}},"33":{"start":{"line":78,"column":19},"end":{"line":78,"column":45}},"34":{"start":{"line":82,"column":2},"end":{"line":82,"column":45}},"35":{"start":{"line":82,"column":19},"end":{"line":82,"column":45}},"36":{"start":{"line":84,"column":25},"end":{"line":87,"column":54}},"37":{"start":{"line":85,"column":4},"end":{"line":87,"column":54}},"38":{"start":{"line":89,"column":21},"end":{"line":95,"column":3}},"39":{"start":{"line":90,"column":17},"end":{"line":90,"column":71}},"40":{"start":{"line":91,"column":4},"end":{"line":94,"column":6}},"41":{"start":{"line":97,"column":37},"end":{"line":97,"column":65}},"42":{"start":{"line":98,"column":34},"end":{"line":98,"column":59}},"43":{"start":{"line":100,"column":2},"end":{"line":124,"column":3}},"44":{"start":{"line":101,"column":47},"end":{"line":103,"column":5}},"45":{"start":{"line":105,"column":28},"end":{"line":108,"column":5}},"46":{"start":{"line":106,"column":21},"end":{"line":106,"column":44}},"47":{"start":{"line":110,"column":30},"end":{"line":113,"column":5}},"48":{"start":{"line":111,"column":21},"end":{"line":111,"column":45}},"49":{"start":{"line":115,"column":30},"end":{"line":115,"column":74}},"50":{"start":{"line":117,"column":28},"end":{"line":121,"column":5}},"51":{"start":{"line":119,"column":8},"end":{"line":119,"column":54}},"52":{"start":{"line":119,"column":36},"end":{"line":119,"column":53}},"53":{"start":{"line":123,"column":4},"end":{"line":123,"column":27}},"54":{"start":{"line":126,"column":2},"end":{"line":126,"column":28}},"55":{"start":{"line":129,"column":48},"end":{"line":145,"column":1}},"56":{"start":{"line":133,"column":24},"end":{"line":141,"column":8}},"57":{"start":{"line":143,"column":2},"end":{"line":143,"column":47}},"58":{"start":{"line":143,"column":26},"end":{"line":143,"column":47}},"59":{"start":{"line":144,"column":2},"end":{"line":144,"column":19}}},"fnMap":{"0":{"name":"(anonymous_0)","decl":{"start":{"line":7,"column":37},"end":{"line":7,"column":38}},"loc":{"start":{"line":7,"column":76},"end":{"line":36,"column":1}},"line":7},"1":{"name":"(anonymous_1)","decl":{"start":{"line":38,"column":30},"end":{"line":38,"column":31}},"loc":{"start":{"line":38,"column":53},"end":{"line":69,"column":1}},"line":38},"2":{"name":"(anonymous_2)","decl":{"start":{"line":71,"column":34},"end":{"line":71,"column":35}},"loc":{"start":{"line":76,"column":5},"end":{"line":127,"column":1}},"line":76},"3":{"name":"(anonymous_3)","decl":{"start":{"line":78,"column":4},"end":{"line":78,"column":5}},"loc":{"start":{"line":78,"column":19},"end":{"line":78,"column":45}},"line":78},"4":{"name":"(anonymous_4)","decl":{"start":{"line":84,"column":25},"end":{"line":84,"column":26}},"loc":{"start":{"line":85,"column":4},"end":{"line":87,"column":54}},"line":85},"5":{"name":"(anonymous_5)","decl":{"start":{"line":89,"column":21},"end":{"line":89,"column":22}},"loc":{"start":{"line":89,"column":45},"end":{"line":95,"column":3}},"line":89},"6":{"name":"(anonymous_6)","decl":{"start":{"line":106,"column":6},"end":{"line":106,"column":7}},"loc":{"start":{"line":106,"column":21},"end":{"line":106,"column":44}},"line":106},"7":{"name":"(anonymous_7)","decl":{"start":{"line":111,"column":6},"end":{"line":111,"column":7}},"loc":{"start":{"line":111,"column":21},"end":{"line":111,"column":45}},"line":111},"8":{"name":"(anonymous_8)","decl":{"start":{"line":118,"column":47},"end":{"line":118,"column":48}},"loc":{"start":{"line":119,"column":8},"end":{"line":119,"column":54}},"line":119},"9":{"name":"(anonymous_9)","decl":{"start":{"line":119,"column":24},"end":{"line":119,"column":25}},"loc":{"start":{"line":119,"column":36},"end":{"line":119,"column":53}},"line":119},"10":{"name":"(anonymous_10)","decl":{"start":{"line":129,"column":48},"end":{"line":129,"column":49}},"loc":{"start":{"line":132,"column":5},"end":{"line":145,"column":1}},"line":132}},"branchMap":{"0":{"loc":{"start":{"line":8,"column":2},"end":{"line":35,"column":3}},"type":"switch","locations":[{"start":{"line":9,"column":4},"end":{"line":10,"column":37}},{"start":{"line":11,"column":4},"end":{"line":12,"column":37}},{"start":{"line":13,"column":4},"end":{"line":14,"column":37}},{"start":{"line":15,"column":4},"end":{"line":16,"column":37}},{"start":{"line":17,"column":4},"end":{"line":18,"column":37}},{"start":{"line":19,"column":4},"end":{"line":20,"column":37}},{"start":{"line":21,"column":4},"end":{"line":22,"column":37}},{"start":{"line":23,"column":4},"end":{"line":24,"column":37}},{"start":{"line":25,"column":4},"end":{"line":26,"column":37}},{"start":{"line":27,"column":4},"end":{"line":28,"column":37}},{"start":{"line":29,"column":4},"end":{"line":30,"column":37}},{"start":{"line":31,"column":4},"end":{"line":32,"column":43}},{"start":{"line":33,"column":4},"end":{"line":34,"column":34}}],"line":8},"1":{"loc":{"start":{"line":39,"column":2},"end":{"line":68,"column":3}},"type":"switch","locations":[{"start":{"line":40,"column":4},"end":{"line":41,"column":16}},{"start":{"line":42,"column":4},"end":{"line":43,"column":16}},{"start":{"line":44,"column":4},"end":{"line":45,"column":16}},{"start":{"line":46,"column":4},"end":{"line":47,"column":16}},{"start":{"line":48,"column":4},"end":{"line":49,"column":16}},{"start":{"line":50,"column":4},"end":{"line":51,"column":16}},{"start":{"line":52,"column":4},"end":{"line":53,"column":16}},{"start":{"line":54,"column":4},"end":{"line":55,"column":16}},{"start":{"line":56,"column":4},"end":{"line":57,"column":15}},{"start":{"line":58,"column":4},"end":{"line":59,"column":15}},{"start":{"line":60,"column":4},"end":{"line":61,"column":15}},{"start":{"line":62,"column":4},"end":{"line":63,"column":27}},{"start":{"line":64,"column":4},"end":{"line":65,"column":26}},{"start":{"line":66,"column":4},"end":{"line":67,"column":15}}],"line":39},"2":{"loc":{"start":{"line":82,"column":2},"end":{"line":82,"column":45}},"type":"if","locations":[{"start":{"line":82,"column":2},"end":{"line":82,"column":45}},{"start":{},"end":{}}],"line":82},"3":{"loc":{"start":{"line":85,"column":4},"end":{"line":87,"column":54}},"type":"binary-expr","locations":[{"start":{"line":85,"column":4},"end":{"line":85,"column":21}},{"start":{"line":86,"column":5},"end":{"line":86,"column":52}},{"start":{"line":87,"column":6},"end":{"line":87,"column":53}}],"line":85},"4":{"loc":{"start":{"line":90,"column":17},"end":{"line":90,"column":71}},"type":"cond-expr","locations":[{"start":{"line":90,"column":47},"end":{"line":90,"column":56}},{"start":{"line":90,"column":59},"end":{"line":90,"column":71}}],"line":90},"5":{"loc":{"start":{"line":92,"column":22},"end":{"line":92,"column":61}},"type":"binary-expr","locations":[{"start":{"line":92,"column":22},"end":{"line":92,"column":55}},{"start":{"line":92,"column":59},"end":{"line":92,"column":61}}],"line":92},"6":{"loc":{"start":{"line":93,"column":22},"end":{"line":93,"column":61}},"type":"binary-expr","locations":[{"start":{"line":93,"column":22},"end":{"line":93,"column":55}},{"start":{"line":93,"column":59},"end":{"line":93,"column":61}}],"line":93},"7":{"loc":{"start":{"line":100,"column":2},"end":{"line":124,"column":3}},"type":"if","locations":[{"start":{"line":100,"column":2},"end":{"line":124,"column":3}},{"start":{},"end":{}}],"line":100},"8":{"loc":{"start":{"line":100,"column":6},"end":{"line":100,"column":59}},"type":"binary-expr","locations":[{"start":{"line":100,"column":6},"end":{"line":100,"column":29}},{"start":{"line":100,"column":33},"end":{"line":100,"column":59}}],"line":100},"9":{"loc":{"start":{"line":102,"column":6},"end":{"line":102,"column":66}},"type":"cond-expr","locations":[{"start":{"line":102,"column":32},"end":{"line":102,"column":46}},{"start":{"line":102,"column":49},"end":{"line":102,"column":66}}],"line":102},"10":{"loc":{"start":{"line":143,"column":2},"end":{"line":143,"column":47}},"type":"if","locations":[{"start":{"line":143,"column":2},"end":{"line":143,"column":47}},{"start":{},"end":{}}],"line":143}},"s":{"0":1,"1":0,"2":0,"3":0,"4":0,"5":0,"6":0,"7":0,"8":0,"9":0,"10":0,"11":0,"12":0,"13":0,"14":0,"15":1,"16":0,"17":0,"18":0,"19":0,"20":0,"21":0,"22":0,"23":0,"24":0,"25":0,"26":0,"27":0,"28":0,"29":0,"30":0,"31":1,"32":0,"33":0,"34":0,"35":0,"36":0,"37":0,"38":0,"39":0,"40":0,"41":0,"42":0,"43":0,"44":0,"45":0,"46":0,"47":0,"48":0,"49":0,"50":0,"51":0,"52":0,"53":0,"54":0,"55":1,"56":0,"57":0,"58":0,"59":0},"f":{"0":0,"1":0,"2":0,"3":0,"4":0,"5":0,"6":0,"7":0,"8":0,"9":0,"10":0},"b":{"0":[0,0,0,0,0,0,0,0,0,0,0,0,0],"1":[0,0,0,0,0,0,0,0,0,0,0,0,0,0],"2":[0,0],"3":[0,0,0],"4":[0,0],"5":[0,0],"6":[0,0],"7":[0,0],"8":[0,0],"9":[0,0],"10":[0,0]},"_coverageSchema":"1a1c01bbd47fc00a2c39e90264f33305004495a9","hash":"fe6d7c0f7c53b72946afa8b36f5a2c7cafa678bd"}
,"C:\\Users\\Asus\\Desktop\\previous11-v\\src\\components\\EventModals\\types\\index.ts": {"path":"C:\\Users\\Asus\\Desktop\\previous11-v\\src\\components\\EventModals\\types\\index.ts","statementMap":{"0":{"start":{"line":3,"column":29},"end":{"line":7,"column":1}},"1":{"start":{"line":9,"column":36},"end":{"line":12,"column":1}},"2":{"start":{"line":25,"column":35},"end":{"line":31,"column":1}},"3":{"start":{"line":33,"column":33},"end":{"line":48,"column":1}},"4":{"start":{"line":50,"column":31},"end":{"line":53,"column":1}},"5":{"start":{"line":55,"column":27},"end":{"line":58,"column":1}},"6":{"start":{"line":60,"column":29},"end":{"line":64,"column":1}},"7":{"start":{"line":62,"column":4},"end":{"line":62,"column":38}},"8":{"start":{"line":66,"column":32},"end":{"line":70,"column":1}},"9":{"start":{"line":68,"column":4},"end":{"line":68,"column":38}}},"fnMap":{"0":{"name":"(anonymous_0)","decl":{"start":{"line":61,"column":2},"end":{"line":61,"column":3}},"loc":{"start":{"line":61,"column":19},"end":{"line":63,"column":3}},"line":61},"1":{"name":"(anonymous_1)","decl":{"start":{"line":67,"column":2},"end":{"line":67,"column":3}},"loc":{"start":{"line":67,"column":19},"end":{"line":69,"column":3}},"line":67}},"branchMap":{},"s":{"0":1,"1":1,"2":1,"3":1,"4":1,"5":1,"6":1,"7":5,"8":1,"9":14},"f":{"0":5,"1":14},"b":{},"_coverageSchema":"1a1c01bbd47fc00a2c39e90264f33305004495a9","hash":"10e61d0c69db2d0a70d9d718ce596b420e161d66"}
,"C:\\Users\\Asus\\Desktop\\previous11-v\\src\\components\\common\\ButtonNew.tsx": {"path":"C:\\Users\\Asus\\Desktop\\previous11-v\\src\\components\\common\\ButtonNew.tsx","statementMap":{"0":{"start":{"line":33,"column":2},"end":{"line":62,"column":4}},"1":{"start":{"line":65,"column":15},"end":{"line":102,"column":2}}},"fnMap":{"0":{"name":"ButtonNew","decl":{"start":{"line":24,"column":24},"end":{"line":24,"column":33}},"loc":{"start":{"line":32,"column":10},"end":{"line":63,"column":1}},"line":32}},"branchMap":{"0":{"loc":{"start":{"line":26,"column":2},"end":{"line":26,"column":18}},"type":"default-arg","locations":[{"start":{"line":26,"column":9},"end":{"line":26,"column":18}}],"line":26},"1":{"loc":{"start":{"line":38,"column":8},"end":{"line":38,"column":69}},"type":"cond-expr","locations":[{"start":{"line":38,"column":29},"end":{"line":38,"column":47}},{"start":{"line":38,"column":50},"end":{"line":38,"column":69}}],"line":38},"2":{"loc":{"start":{"line":39,"column":8},"end":{"line":39,"column":22}},"type":"binary-expr","locations":[{"start":{"line":39,"column":8},"end":{"line":39,"column":13}},{"start":{"line":39,"column":17},"end":{"line":39,"column":22}}],"line":39},"3":{"loc":{"start":{"line":40,"column":8},"end":{"line":40,"column":35}},"type":"binary-expr","locations":[{"start":{"line":40,"column":8},"end":{"line":40,"column":16}},{"start":{"line":40,"column":20},"end":{"line":40,"column":35}}],"line":40},"4":{"loc":{"start":{"line":42,"column":16},"end":{"line":42,"column":37}},"type":"binary-expr","locations":[{"start":{"line":42,"column":16},"end":{"line":42,"column":24}},{"start":{"line":42,"column":28},"end":{"line":42,"column":37}}],"line":42},"5":{"loc":{"start":{"line":45,"column":7},"end":{"line":60,"column":11}},"type":"cond-expr","locations":[{"start":{"line":47,"column":8},"end":{"line":56,"column":15}},{"start":{"line":59,"column":8},"end":{"line":59,"column":66}}],"line":45},"6":{"loc":{"start":{"line":50,"column":12},"end":{"line":50,"column":74}},"type":"cond-expr","locations":[{"start":{"line":50,"column":33},"end":{"line":50,"column":51}},{"start":{"line":50,"column":54},"end":{"line":50,"column":74}}],"line":50},"7":{"loc":{"start":{"line":51,"column":12},"end":{"line":51,"column":34}},"type":"binary-expr","locations":[{"start":{"line":51,"column":12},"end":{"line":51,"column":21}},{"start":{"line":51,"column":25},"end":{"line":51,"column":34}}],"line":51},"8":{"loc":{"start":{"line":52,"column":12},"end":{"line":52,"column":43}},"type":"binary-expr","locations":[{"start":{"line":52,"column":12},"end":{"line":52,"column":20}},{"start":{"line":52,"column":24},"end":{"line":52,"column":43}}],"line":52}},"s":{"0":22,"1":1},"f":{"0":22},"b":{"0":[11],"1":[11,11],"2":[22,22],"3":[22,0],"4":[22,22],"5":[22,0],"6":[11,11],"7":[22,11],"8":[22,0]},"_coverageSchema":"1a1c01bbd47fc00a2c39e90264f33305004495a9","hash":"55d6d079ce31a1005b8127935756ddf99b437262"}
,"C:\\Users\\Asus\\Desktop\\previous11-v\\src\\components\\common\\OverlayLoader.tsx": {"path":"C:\\Users\\Asus\\Desktop\\previous11-v\\src\\components\\common\\OverlayLoader.tsx","statementMap":{"0":{"start":{"line":13,"column":22},"end":{"line":32,"column":1}},"1":{"start":{"line":19,"column":2},"end":{"line":21,"column":3}},"2":{"start":{"line":20,"column":4},"end":{"line":20,"column":16}},"3":{"start":{"line":23,"column":2},"end":{"line":25,"column":3}},"4":{"start":{"line":24,"column":4},"end":{"line":24,"column":59}},"5":{"start":{"line":27,"column":2},"end":{"line":31,"column":4}}},"fnMap":{"0":{"name":"(anonymous_0)","decl":{"start":{"line":13,"column":22},"end":{"line":13,"column":23}},"loc":{"start":{"line":18,"column":26},"end":{"line":32,"column":1}},"line":18}},"branchMap":{"0":{"loc":{"start":{"line":14,"column":2},"end":{"line":14,"column":18}},"type":"default-arg","locations":[{"start":{"line":14,"column":14},"end":{"line":14,"column":18}}],"line":14},"1":{"loc":{"start":{"line":15,"column":2},"end":{"line":15,"column":16}},"type":"default-arg","locations":[{"start":{"line":15,"column":9},"end":{"line":15,"column":16}}],"line":15},"2":{"loc":{"start":{"line":16,"column":2},"end":{"line":16,"column":17}},"type":"default-arg","locations":[{"start":{"line":16,"column":10},"end":{"line":16,"column":17}}],"line":16},"3":{"loc":{"start":{"line":17,"column":2},"end":{"line":17,"column":18}},"type":"default-arg","locations":[{"start":{"line":17,"column":14},"end":{"line":17,"column":18}}],"line":17},"4":{"loc":{"start":{"line":19,"column":2},"end":{"line":21,"column":3}},"type":"if","locations":[{"start":{"line":19,"column":2},"end":{"line":21,"column":3}},{"start":{},"end":{}}],"line":19},"5":{"loc":{"start":{"line":23,"column":2},"end":{"line":25,"column":3}},"type":"if","locations":[{"start":{"line":23,"column":2},"end":{"line":25,"column":3}},{"start":{},"end":{}}],"line":23}},"s":{"0":1,"1":11,"2":10,"3":1,"4":0,"5":1},"f":{"0":11},"b":{"0":[0],"1":[11],"2":[11],"3":[11],"4":[10,1],"5":[0,1]},"_coverageSchema":"1a1c01bbd47fc00a2c39e90264f33305004495a9","hash":"b501b4f2dfc402d88617f755e004d657ea22135f"}
,"C:\\Users\\Asus\\Desktop\\previous11-v\\src\\converters\\auth.ts": {"path":"C:\\Users\\Asus\\Desktop\\previous11-v\\src\\converters\\auth.ts","statementMap":{"0":{"start":{"line":37,"column":29},"end":{"line":57,"column":1}},"1":{"start":{"line":39,"column":4},"end":{"line":41,"column":6}},"2":{"start":{"line":47,"column":17},"end":{"line":47,"column":39}},"3":{"start":{"line":48,"column":4},"end":{"line":55,"column":6}}},"fnMap":{"0":{"name":"(anonymous_0)","decl":{"start":{"line":38,"column":15},"end":{"line":38,"column":16}},"loc":{"start":{"line":38,"column":51},"end":{"line":42,"column":3}},"line":38},"1":{"name":"(anonymous_1)","decl":{"start":{"line":43,"column":17},"end":{"line":43,"column":18}},"loc":{"start":{"line":46,"column":24},"end":{"line":56,"column":3}},"line":46}},"branchMap":{},"s":{"0":1,"1":0,"2":0,"3":0},"f":{"0":0,"1":0},"b":{},"_coverageSchema":"1a1c01bbd47fc00a2c39e90264f33305004495a9","hash":"8c8e9aaa286af9847f6057ea3e34849e66aba1ae"}
,"C:\\Users\\Asus\\Desktop\\previous11-v\\src\\converters\\club.ts": {"path":"C:\\Users\\Asus\\Desktop\\previous11-v\\src\\converters\\club.ts","statementMap":{"0":{"start":{"line":51,"column":29},"end":{"line":87,"column":1}},"1":{"start":{"line":53,"column":4},"end":{"line":55,"column":6}},"2":{"start":{"line":61,"column":17},"end":{"line":61,"column":39}},"3":{"start":{"line":62,"column":4},"end":{"line":85,"column":6}}},"fnMap":{"0":{"name":"(anonymous_0)","decl":{"start":{"line":52,"column":15},"end":{"line":52,"column":16}},"loc":{"start":{"line":52,"column":51},"end":{"line":56,"column":3}},"line":52},"1":{"name":"(anonymous_1)","decl":{"start":{"line":57,"column":17},"end":{"line":57,"column":18}},"loc":{"start":{"line":60,"column":24},"end":{"line":86,"column":3}},"line":60}},"branchMap":{"0":{"loc":{"start":{"line":78,"column":14},"end":{"line":78,"column":31}},"type":"binary-expr","locations":[{"start":{"line":78,"column":14},"end":{"line":78,"column":25}},{"start":{"line":78,"column":29},"end":{"line":78,"column":31}}],"line":78},"1":{"loc":{"start":{"line":79,"column":17},"end":{"line":79,"column":39}},"type":"binary-expr","locations":[{"start":{"line":79,"column":17},"end":{"line":79,"column":31}},{"start":{"line":79,"column":35},"end":{"line":79,"column":39}}],"line":79},"2":{"loc":{"start":{"line":80,"column":28},"end":{"line":80,"column":62}},"type":"binary-expr","locations":[{"start":{"line":80,"column":28},"end":{"line":80,"column":53}},{"start":{"line":80,"column":57},"end":{"line":80,"column":62}}],"line":80},"3":{"loc":{"start":{"line":81,"column":33},"end":{"line":81,"column":72}},"type":"binary-expr","locations":[{"start":{"line":81,"column":33},"end":{"line":81,"column":63}},{"start":{"line":81,"column":67},"end":{"line":81,"column":72}}],"line":81},"4":{"loc":{"start":{"line":82,"column":16},"end":{"line":82,"column":43}},"type":"binary-expr","locations":[{"start":{"line":82,"column":16},"end":{"line":82,"column":29}},{"start":{"line":82,"column":33},"end":{"line":82,"column":43}}],"line":82},"5":{"loc":{"start":{"line":83,"column":17},"end":{"line":83,"column":40}},"type":"binary-expr","locations":[{"start":{"line":83,"column":17},"end":{"line":83,"column":31}},{"start":{"line":83,"column":35},"end":{"line":83,"column":40}}],"line":83},"6":{"loc":{"start":{"line":84,"column":16},"end":{"line":84,"column":37}},"type":"binary-expr","locations":[{"start":{"line":84,"column":16},"end":{"line":84,"column":29}},{"start":{"line":84,"column":33},"end":{"line":84,"column":37}}],"line":84}},"s":{"0":1,"1":0,"2":0,"3":0},"f":{"0":0,"1":0},"b":{"0":[0,0],"1":[0,0],"2":[0,0],"3":[0,0],"4":[0,0],"5":[0,0],"6":[0,0]},"_coverageSchema":"1a1c01bbd47fc00a2c39e90264f33305004495a9","hash":"a23e7a079f8b9543dba1e8cca66e3c7a8bd397a5"}
,"C:\\Users\\Asus\\Desktop\\previous11-v\\src\\converters\\game.ts": {"path":"C:\\Users\\Asus\\Desktop\\previous11-v\\src\\converters\\game.ts","statementMap":{"0":{"start":{"line":7,"column":29},"end":{"line":74,"column":1}},"1":{"start":{"line":9,"column":24},"end":{"line":9,"column":68}},"2":{"start":{"line":10,"column":4},"end":{"line":10,"column":46}},"3":{"start":{"line":10,"column":27},"end":{"line":10,"column":46}},"4":{"start":{"line":12,"column":4},"end":{"line":14,"column":13}},"5":{"start":{"line":16,"column":4},"end":{"line":20,"column":7}},"6":{"start":{"line":17,"column":6},"end":{"line":19,"column":7}},"7":{"start":{"line":18,"column":8},"end":{"line":18,"column":49}},"8":{"start":{"line":22,"column":4},"end":{"line":27,"column":6}},"9":{"start":{"line":30,"column":4},"end":{"line":30,"column":34}},"10":{"start":{"line":30,"column":17},"end":{"line":30,"column":34}},"11":{"start":{"line":31,"column":27},"end":{"line":33,"column":33}},"12":{"start":{"line":34,"column":25},"end":{"line":36,"column":33}},"13":{"start":{"line":37,"column":4},"end":{"line":45,"column":6}},"14":{"start":{"line":48,"column":4},"end":{"line":48,"column":34}},"15":{"start":{"line":48,"column":17},"end":{"line":48,"column":34}},"16":{"start":{"line":49,"column":4},"end":{"line":53,"column":6}},"17":{"start":{"line":57,"column":4},"end":{"line":72,"column":6}}},"fnMap":{"0":{"name":"(anonymous_0)","decl":{"start":{"line":8,"column":15},"end":{"line":8,"column":16}},"loc":{"start":{"line":8,"column":34},"end":{"line":28,"column":3}},"line":8},"1":{"name":"(anonymous_1)","decl":{"start":{"line":16,"column":37},"end":{"line":16,"column":38}},"loc":{"start":{"line":16,"column":46},"end":{"line":20,"column":5}},"line":16},"2":{"name":"(anonymous_2)","decl":{"start":{"line":29,"column":21},"end":{"line":29,"column":22}},"loc":{"start":{"line":29,"column":53},"end":{"line":46,"column":3}},"line":29},"3":{"name":"(anonymous_3)","decl":{"start":{"line":47,"column":23},"end":{"line":47,"column":24}},"loc":{"start":{"line":47,"column":65},"end":{"line":54,"column":3}},"line":47},"4":{"name":"(anonymous_4)","decl":{"start":{"line":55,"column":17},"end":{"line":55,"column":18}},"loc":{"start":{"line":55,"column":41},"end":{"line":73,"column":3}},"line":55}},"branchMap":{"0":{"loc":{"start":{"line":10,"column":4},"end":{"line":10,"column":46}},"type":"if","locations":[{"start":{"line":10,"column":4},"end":{"line":10,"column":46}},{"start":{},"end":{}}],"line":10},"1":{"loc":{"start":{"line":13,"column":6},"end":{"line":13,"column":33}},"type":"binary-expr","locations":[{"start":{"line":13,"column":6},"end":{"line":13,"column":25}},{"start":{"line":13,"column":29},"end":{"line":13,"column":33}}],"line":13},"2":{"loc":{"start":{"line":17,"column":6},"end":{"line":19,"column":7}},"type":"if","locations":[{"start":{"line":17,"column":6},"end":{"line":19,"column":7}},{"start":{},"end":{}}],"line":17},"3":{"loc":{"start":{"line":30,"column":4},"end":{"line":30,"column":34}},"type":"if","locations":[{"start":{"line":30,"column":4},"end":{"line":30,"column":34}},{"start":{},"end":{}}],"line":30},"4":{"loc":{"start":{"line":48,"column":4},"end":{"line":48,"column":34}},"type":"if","locations":[{"start":{"line":48,"column":4},"end":{"line":48,"column":34}},{"start":{},"end":{}}],"line":48}},"s":{"0":1,"1":0,"2":0,"3":0,"4":0,"5":0,"6":0,"7":0,"8":0,"9":0,"10":0,"11":0,"12":0,"13":0,"14":0,"15":0,"16":0,"17":0},"f":{"0":0,"1":0,"2":0,"3":0,"4":0},"b":{"0":[0,0],"1":[0,0],"2":[0,0],"3":[0,0],"4":[0,0]},"_coverageSchema":"1a1c01bbd47fc00a2c39e90264f33305004495a9","hash":"fcd20a33f7962bdf825528c2620347ca6d1d5406"}
,"C:\\Users\\Asus\\Desktop\\previous11-v\\src\\converters\\index.ts": {"path":"C:\\Users\\Asus\\Desktop\\previous11-v\\src\\converters\\index.ts","statementMap":{},"fnMap":{},"branchMap":{},"s":{},"f":{},"b":{},"_coverageSchema":"1a1c01bbd47fc00a2c39e90264f33305004495a9","hash":"35b091aa01224a5cd9b48c22a10c7dcfe5c93267"}
,"C:\\Users\\Asus\\Desktop\\previous11-v\\src\\converters\\player.ts": {"path":"C:\\Users\\Asus\\Desktop\\previous11-v\\src\\converters\\player.ts","statementMap":{"0":{"start":{"line":26,"column":31},"end":{"line":60,"column":1}},"1":{"start":{"line":29,"column":4},"end":{"line":33,"column":7}},"2":{"start":{"line":30,"column":6},"end":{"line":32,"column":7}},"3":{"start":{"line":31,"column":8},"end":{"line":31,"column":43}},"4":{"start":{"line":34,"column":4},"end":{"line":36,"column":6}},"5":{"start":{"line":39,"column":19},"end":{"line":39,"column":23}},"6":{"start":{"line":40,"column":4},"end":{"line":58,"column":6}}},"fnMap":{"0":{"name":"(anonymous_0)","decl":{"start":{"line":27,"column":15},"end":{"line":27,"column":16}},"loc":{"start":{"line":27,"column":41},"end":{"line":37,"column":3}},"line":27},"1":{"name":"(anonymous_1)","decl":{"start":{"line":29,"column":32},"end":{"line":29,"column":33}},"loc":{"start":{"line":29,"column":41},"end":{"line":33,"column":5}},"line":29},"2":{"name":"(anonymous_2)","decl":{"start":{"line":38,"column":17},"end":{"line":38,"column":18}},"loc":{"start":{"line":38,"column":50},"end":{"line":59,"column":3}},"line":38}},"branchMap":{"0":{"loc":{"start":{"line":30,"column":6},"end":{"line":32,"column":7}},"type":"if","locations":[{"start":{"line":30,"column":6},"end":{"line":32,"column":7}},{"start":{},"end":{}}],"line":30},"1":{"loc":{"start":{"line":42,"column":13},"end":{"line":42,"column":33}},"type":"binary-expr","locations":[{"start":{"line":42,"column":13},"end":{"line":42,"column":25}},{"start":{"line":42,"column":29},"end":{"line":42,"column":33}}],"line":42},"2":{"loc":{"start":{"line":43,"column":16},"end":{"line":43,"column":39}},"type":"binary-expr","locations":[{"start":{"line":43,"column":16},"end":{"line":43,"column":31}},{"start":{"line":43,"column":35},"end":{"line":43,"column":39}}],"line":43},"3":{"loc":{"start":{"line":47,"column":11},"end":{"line":47,"column":27}},"type":"binary-expr","locations":[{"start":{"line":47,"column":11},"end":{"line":47,"column":21}},{"start":{"line":47,"column":25},"end":{"line":47,"column":27}}],"line":47},"4":{"loc":{"start":{"line":48,"column":16},"end":{"line":48,"column":39}},"type":"binary-expr","locations":[{"start":{"line":48,"column":16},"end":{"line":48,"column":31}},{"start":{"line":48,"column":35},"end":{"line":48,"column":39}}],"line":48},"5":{"loc":{"start":{"line":49,"column":14},"end":{"line":49,"column":35}},"type":"binary-expr","locations":[{"start":{"line":49,"column":14},"end":{"line":49,"column":27}},{"start":{"line":49,"column":31},"end":{"line":49,"column":35}}],"line":49},"6":{"loc":{"start":{"line":50,"column":14},"end":{"line":50,"column":35}},"type":"binary-expr","locations":[{"start":{"line":50,"column":14},"end":{"line":50,"column":27}},{"start":{"line":50,"column":31},"end":{"line":50,"column":35}}],"line":50},"7":{"loc":{"start":{"line":51,"column":15},"end":{"line":51,"column":37}},"type":"binary-expr","locations":[{"start":{"line":51,"column":15},"end":{"line":51,"column":29}},{"start":{"line":51,"column":33},"end":{"line":51,"column":37}}],"line":51},"8":{"loc":{"start":{"line":52,"column":16},"end":{"line":52,"column":37}},"type":"binary-expr","locations":[{"start":{"line":52,"column":16},"end":{"line":52,"column":31}},{"start":{"line":52,"column":35},"end":{"line":52,"column":37}}],"line":52},"9":{"loc":{"start":{"line":53,"column":12},"end":{"line":53,"column":29}},"type":"binary-expr","locations":[{"start":{"line":53,"column":12},"end":{"line":53,"column":23}},{"start":{"line":53,"column":27},"end":{"line":53,"column":29}}],"line":53},"10":{"loc":{"start":{"line":54,"column":17},"end":{"line":54,"column":41}},"type":"binary-expr","locations":[{"start":{"line":54,"column":17},"end":{"line":54,"column":33}},{"start":{"line":54,"column":37},"end":{"line":54,"column":41}}],"line":54},"11":{"loc":{"start":{"line":55,"column":13},"end":{"line":55,"column":33}},"type":"binary-expr","locations":[{"start":{"line":55,"column":13},"end":{"line":55,"column":25}},{"start":{"line":55,"column":29},"end":{"line":55,"column":33}}],"line":55},"12":{"loc":{"start":{"line":56,"column":20},"end":{"line":56,"column":47}},"type":"binary-expr","locations":[{"start":{"line":56,"column":20},"end":{"line":56,"column":39}},{"start":{"line":56,"column":43},"end":{"line":56,"column":47}}],"line":56},"13":{"loc":{"start":{"line":57,"column":15},"end":{"line":57,"column":38}},"type":"binary-expr","locations":[{"start":{"line":57,"column":15},"end":{"line":57,"column":29}},{"start":{"line":57,"column":33},"end":{"line":57,"column":38}}],"line":57}},"s":{"0":1,"1":0,"2":0,"3":0,"4":0,"5":0,"6":0},"f":{"0":0,"1":0,"2":0},"b":{"0":[0,0],"1":[0,0],"2":[0,0],"3":[0,0],"4":[0,0],"5":[0,0],"6":[0,0],"7":[0,0],"8":[0,0],"9":[0,0],"10":[0,0],"11":[0,0],"12":[0,0],"13":[0,0]},"_coverageSchema":"1a1c01bbd47fc00a2c39e90264f33305004495a9","hash":"661046c78f7bef97bc618f4dba33da926d27a398"}
,"C:\\Users\\Asus\\Desktop\\previous11-v\\src\\converters\\userProfile.ts": {"path":"C:\\Users\\Asus\\Desktop\\previous11-v\\src\\converters\\userProfile.ts","statementMap":{"0":{"start":{"line":36,"column":29},"end":{"line":57,"column":1}},"1":{"start":{"line":38,"column":4},"end":{"line":40,"column":6}},"2":{"start":{"line":46,"column":17},"end":{"line":46,"column":39}},"3":{"start":{"line":47,"column":4},"end":{"line":55,"column":6}}},"fnMap":{"0":{"name":"(anonymous_0)","decl":{"start":{"line":37,"column":15},"end":{"line":37,"column":16}},"loc":{"start":{"line":37,"column":58},"end":{"line":41,"column":3}},"line":37},"1":{"name":"(anonymous_1)","decl":{"start":{"line":42,"column":17},"end":{"line":42,"column":18}},"loc":{"start":{"line":45,"column":31},"end":{"line":56,"column":3}},"line":45}},"branchMap":{},"s":{"0":1,"1":0,"2":0,"3":0},"f":{"0":0,"1":0},"b":{},"_coverageSchema":"1a1c01bbd47fc00a2c39e90264f33305004495a9","hash":"e01ee7c71d333a08037ef0718a60eb22a05c5fca"}
,"C:\\Users\\Asus\\Desktop\\previous11-v\\src\\helpers\\api.ts": {"path":"C:\\Users\\Asus\\Desktop\\previous11-v\\src\\helpers\\api.ts","statementMap":{"0":{"start":{"line":16,"column":12},"end":{"line":55,"column":1}},"1":{"start":{"line":18,"column":4},"end":{"line":18,"column":73}},"2":{"start":{"line":20,"column":4},"end":{"line":22,"column":5}},"3":{"start":{"line":24,"column":4},"end":{"line":26,"column":5}},"4":{"start":{"line":28,"column":4},"end":{"line":31,"column":5}},"5":{"start":{"line":33,"column":4},"end":{"line":33,"column":63}},"6":{"start":{"line":35,"column":4},"end":{"line":35,"column":62}},"7":{"start":{"line":37,"column":4},"end":{"line":37,"column":70}},"8":{"start":{"line":43,"column":4},"end":{"line":48,"column":5}},"9":{"start":{"line":50,"column":4},"end":{"line":50,"column":55}},"10":{"start":{"line":52,"column":4},"end":{"line":52,"column":63}},"11":{"start":{"line":54,"column":4},"end":{"line":54,"column":60}},"12":{"start":{"line":60,"column":28},"end":{"line":78,"column":1}},"13":{"start":{"line":66,"column":2},"end":{"line":66,"column":56}},"14":{"start":{"line":67,"column":2},"end":{"line":77,"column":51}},"15":{"start":{"line":68,"column":16},"end":{"line":68,"column":27}},"16":{"start":{"line":69,"column":4},"end":{"line":74,"column":5}},"17":{"start":{"line":70,"column":6},"end":{"line":70,"column":29}},"18":{"start":{"line":71,"column":6},"end":{"line":71,"column":26}},"19":{"start":{"line":72,"column":11},"end":{"line":74,"column":5}},"20":{"start":{"line":73,"column":6},"end":{"line":73,"column":69}},"21":{"start":{"line":75,"column":4},"end":{"line":75,"column":27}},"22":{"start":{"line":76,"column":4},"end":{"line":76,"column":17}}},"fnMap":{"0":{"name":"(anonymous_0)","decl":{"start":{"line":17,"column":19},"end":{"line":17,"column":20}},"loc":{"start":{"line":18,"column":4},"end":{"line":18,"column":73}},"line":18},"1":{"name":"(anonymous_1)","decl":{"start":{"line":19,"column":23},"end":{"line":19,"column":24}},"loc":{"start":{"line":20,"column":4},"end":{"line":22,"column":5}},"line":20},"2":{"name":"(anonymous_2)","decl":{"start":{"line":23,"column":29},"end":{"line":23,"column":30}},"loc":{"start":{"line":24,"column":4},"end":{"line":26,"column":5}},"line":24},"3":{"name":"(anonymous_3)","decl":{"start":{"line":27,"column":16},"end":{"line":27,"column":17}},"loc":{"start":{"line":28,"column":4},"end":{"line":31,"column":5}},"line":28},"4":{"name":"(anonymous_4)","decl":{"start":{"line":32,"column":16},"end":{"line":32,"column":17}},"loc":{"start":{"line":33,"column":4},"end":{"line":33,"column":63}},"line":33},"5":{"name":"(anonymous_5)","decl":{"start":{"line":34,"column":15},"end":{"line":34,"column":16}},"loc":{"start":{"line":35,"column":4},"end":{"line":35,"column":62}},"line":35},"6":{"name":"(anonymous_6)","decl":{"start":{"line":36,"column":16},"end":{"line":36,"column":17}},"loc":{"start":{"line":37,"column":4},"end":{"line":37,"column":70}},"line":37},"7":{"name":"(anonymous_7)","decl":{"start":{"line":38,"column":21},"end":{"line":38,"column":22}},"loc":{"start":{"line":43,"column":4},"end":{"line":48,"column":5}},"line":43},"8":{"name":"(anonymous_8)","decl":{"start":{"line":49,"column":23},"end":{"line":49,"column":24}},"loc":{"start":{"line":50,"column":4},"end":{"line":50,"column":55}},"line":50},"9":{"name":"(anonymous_9)","decl":{"start":{"line":51,"column":23},"end":{"line":51,"column":24}},"loc":{"start":{"line":52,"column":4},"end":{"line":52,"column":63}},"line":52},"10":{"name":"(anonymous_10)","decl":{"start":{"line":53,"column":19},"end":{"line":53,"column":20}},"loc":{"start":{"line":54,"column":4},"end":{"line":54,"column":60}},"line":54},"11":{"name":"(anonymous_11)","decl":{"start":{"line":60,"column":28},"end":{"line":60,"column":29}},"loc":{"start":{"line":65,"column":5},"end":{"line":78,"column":1}},"line":65},"12":{"name":"(anonymous_12)","decl":{"start":{"line":67,"column":13},"end":{"line":67,"column":14}},"loc":{"start":{"line":67,"column":25},"end":{"line":77,"column":3}},"line":67}},"branchMap":{"0":{"loc":{"start":{"line":17,"column":35},"end":{"line":17,"column":73}},"type":"default-arg","locations":[{"start":{"line":17,"column":66},"end":{"line":17,"column":73}}],"line":17},"1":{"loc":{"start":{"line":45,"column":9},"end":{"line":45,"column":42}},"type":"cond-expr","locations":[{"start":{"line":45,"column":18},"end":{"line":45,"column":37}},{"start":{"line":45,"column":40},"end":{"line":45,"column":42}}],"line":45},"2":{"loc":{"start":{"line":46,"column":9},"end":{"line":46,"column":58}},"type":"cond-expr","locations":[{"start":{"line":46,"column":17},"end":{"line":46,"column":53}},{"start":{"line":46,"column":56},"end":{"line":46,"column":58}}],"line":46},"3":{"loc":{"start":{"line":46,"column":18},"end":{"line":46,"column":36}},"type":"cond-expr","locations":[{"start":{"line":46,"column":27},"end":{"line":46,"column":30}},{"start":{"line":46,"column":33},"end":{"line":46,"column":36}}],"line":46},"4":{"loc":{"start":{"line":64,"column":2},"end":{"line":64,"column":14}},"type":"default-arg","locations":[{"start":{"line":64,"column":13},"end":{"line":64,"column":14}}],"line":64},"5":{"loc":{"start":{"line":69,"column":4},"end":{"line":74,"column":5}},"type":"if","locations":[{"start":{"line":69,"column":4},"end":{"line":74,"column":5}},{"start":{"line":72,"column":11},"end":{"line":74,"column":5}}],"line":69},"6":{"loc":{"start":{"line":72,"column":11},"end":{"line":74,"column":5}},"type":"if","locations":[{"start":{"line":72,"column":11},"end":{"line":74,"column":5}},{"start":{},"end":{}}],"line":72}},"s":{"0":1,"1":1,"2":0,"3":0,"4":0,"5":0,"6":0,"7":0,"8":0,"9":0,"10":0,"11":0,"12":1,"13":0,"14":0,"15":0,"16":0,"17":0,"18":0,"19":0,"20":0,"21":0,"22":0},"f":{"0":1,"1":0,"2":0,"3":0,"4":0,"5":0,"6":0,"7":0,"8":0,"9":0,"10":0,"11":0,"12":0},"b":{"0":[0],"1":[0,0],"2":[0,0],"3":[0,0],"4":[0],"5":[0,0],"6":[0,0]},"_coverageSchema":"1a1c01bbd47fc00a2c39e90264f33305004495a9","hash":"1c206756f964afebb01dbf6d353c5e1d4d20bac7"}
,"C:\\Users\\Asus\\Desktop\\previous11-v\\src\\helpers\\api_endpoints.ts": {"path":"C:\\Users\\Asus\\Desktop\\previous11-v\\src\\helpers\\api_endpoints.ts","statementMap":{"0":{"start":{"line":4,"column":2},"end":{"line":4,"column":67}},"1":{"start":{"line":6,"column":19},"end":{"line":6,"column":24}},"2":{"start":{"line":8,"column":18},"end":{"line":15,"column":1}},"3":{"start":{"line":17,"column":24},"end":{"line":22,"column":1}},"4":{"start":{"line":18,"column":19},"end":{"line":18,"column":44}},"5":{"start":{"line":19,"column":15},"end":{"line":19,"column":41}},"6":{"start":{"line":20,"column":22},"end":{"line":20,"column":57}},"7":{"start":{"line":21,"column":2},"end":{"line":21,"column":47}},"8":{"start":{"line":24,"column":22},"end":{"line":52,"column":1}},"9":{"start":{"line":32,"column":4},"end":{"line":32,"column":50}},"10":{"start":{"line":34,"column":4},"end":{"line":34,"column":40}},"11":{"start":{"line":36,"column":4},"end":{"line":36,"column":72}},"12":{"start":{"line":38,"column":4},"end":{"line":38,"column":79}},"13":{"start":{"line":40,"column":4},"end":{"line":40,"column":72}},"14":{"start":{"line":43,"column":4},"end":{"line":45,"column":28}}},"fnMap":{"0":{"name":"(anonymous_0)","decl":{"start":{"line":17,"column":24},"end":{"line":17,"column":25}},"loc":{"start":{"line":17,"column":45},"end":{"line":22,"column":1}},"line":17},"1":{"name":"(anonymous_1)","decl":{"start":{"line":31,"column":25},"end":{"line":31,"column":26}},"loc":{"start":{"line":32,"column":4},"end":{"line":32,"column":50}},"line":32},"2":{"name":"(anonymous_2)","decl":{"start":{"line":33,"column":27},"end":{"line":33,"column":28}},"loc":{"start":{"line":34,"column":4},"end":{"line":34,"column":40}},"line":34},"3":{"name":"(anonymous_3)","decl":{"start":{"line":35,"column":25},"end":{"line":35,"column":26}},"loc":{"start":{"line":36,"column":4},"end":{"line":36,"column":72}},"line":36},"4":{"name":"(anonymous_4)","decl":{"start":{"line":37,"column":32},"end":{"line":37,"column":33}},"loc":{"start":{"line":38,"column":4},"end":{"line":38,"column":79}},"line":38},"5":{"name":"(anonymous_5)","decl":{"start":{"line":39,"column":17},"end":{"line":39,"column":18}},"loc":{"start":{"line":40,"column":4},"end":{"line":40,"column":72}},"line":40},"6":{"name":"(anonymous_6)","decl":{"start":{"line":42,"column":17},"end":{"line":42,"column":18}},"loc":{"start":{"line":43,"column":4},"end":{"line":45,"column":28}},"line":43}},"branchMap":{"0":{"loc":{"start":{"line":4,"column":2},"end":{"line":4,"column":67}},"type":"binary-expr","locations":[{"start":{"line":4,"column":2},"end":{"line":4,"column":34}},{"start":{"line":4,"column":38},"end":{"line":4,"column":67}}],"line":4},"1":{"loc":{"start":{"line":9,"column":24},"end":{"line":11,"column":51}},"type":"cond-expr","locations":[{"start":{"line":10,"column":6},"end":{"line":10,"column":52}},{"start":{"line":11,"column":6},"end":{"line":11,"column":51}}],"line":9},"2":{"loc":{"start":{"line":12,"column":8},"end":{"line":12,"column":63}},"type":"cond-expr","locations":[{"start":{"line":12,"column":18},"end":{"line":12,"column":40}},{"start":{"line":12,"column":43},"end":{"line":12,"column":63}}],"line":12},"3":{"loc":{"start":{"line":18,"column":19},"end":{"line":18,"column":44}},"type":"cond-expr","locations":[{"start":{"line":18,"column":32},"end":{"line":18,"column":37}},{"start":{"line":18,"column":40},"end":{"line":18,"column":44}}],"line":18},"4":{"loc":{"start":{"line":19,"column":15},"end":{"line":19,"column":41}},"type":"cond-expr","locations":[{"start":{"line":19,"column":28},"end":{"line":19,"column":30}},{"start":{"line":19,"column":33},"end":{"line":19,"column":41}}],"line":19},"5":{"loc":{"start":{"line":26,"column":4},"end":{"line":26,"column":55}},"type":"cond-expr","locations":[{"start":{"line":26,"column":17},"end":{"line":26,"column":38}},{"start":{"line":26,"column":41},"end":{"line":26,"column":55}}],"line":26},"6":{"loc":{"start":{"line":42,"column":33},"end":{"line":42,"column":51}},"type":"default-arg","locations":[{"start":{"line":42,"column":44},"end":{"line":42,"column":51}}],"line":42}},"s":{"0":1,"1":1,"2":1,"3":1,"4":1,"5":1,"6":1,"7":1,"8":1,"9":0,"10":0,"11":0,"12":0,"13":0,"14":1},"f":{"0":1,"1":0,"2":0,"3":0,"4":0,"5":0,"6":1},"b":{"0":[1,1],"1":[0,1],"2":[1,0],"3":[0,1],"4":[0,1],"5":[0,1],"6":[0]},"_coverageSchema":"1a1c01bbd47fc00a2c39e90264f33305004495a9","hash":"8de910f3f7d5b8714076607b26ff2764cd302a3e"}
,"C:\\Users\\Asus\\Desktop\\previous11-v\\src\\helpers\\firestoreService.ts": {"path":"C:\\Users\\Asus\\Desktop\\previous11-v\\src\\helpers\\firestoreService.ts","statementMap":{"0":{"start":{"line":22,"column":19},"end":{"line":22,"column":40}},"1":{"start":{"line":24,"column":34},"end":{"line":32,"column":1}},"2":{"start":{"line":27,"column":2},"end":{"line":31,"column":5}},"3":{"start":{"line":28,"column":4},"end":{"line":28,"column":79}},"4":{"start":{"line":30,"column":4},"end":{"line":30,"column":54}},"5":{"start":{"line":34,"column":25},"end":{"line":43,"column":1}},"6":{"start":{"line":35,"column":2},"end":{"line":42,"column":7}},"7":{"start":{"line":38,"column":6},"end":{"line":38,"column":39}},"8":{"start":{"line":41,"column":6},"end":{"line":41,"column":36}},"9":{"start":{"line":45,"column":27},"end":{"line":60,"column":1}},"10":{"start":{"line":48,"column":2},"end":{"line":59,"column":23}},"11":{"start":{"line":53,"column":6},"end":{"line":56,"column":7}},"12":{"start":{"line":54,"column":8},"end":{"line":54,"column":53}},"13":{"start":{"line":55,"column":8},"end":{"line":55,"column":67}},"14":{"start":{"line":57,"column":6},"end":{"line":57,"column":18}},"15":{"start":{"line":59,"column":17},"end":{"line":59,"column":21}},"16":{"start":{"line":62,"column":30},"end":{"line":82,"column":1}},"17":{"start":{"line":66,"column":2},"end":{"line":81,"column":7}},"18":{"start":{"line":73,"column":6},"end":{"line":75,"column":7}},"19":{"start":{"line":74,"column":8},"end":{"line":74,"column":48}},"20":{"start":{"line":76,"column":6},"end":{"line":76,"column":18}},"21":{"start":{"line":79,"column":6},"end":{"line":79,"column":25}},"22":{"start":{"line":80,"column":6},"end":{"line":80,"column":18}},"23":{"start":{"line":84,"column":33},"end":{"line":95,"column":1}},"24":{"start":{"line":89,"column":2},"end":{"line":94,"column":32}},"25":{"start":{"line":98,"column":2},"end":{"line":98,"column":46}},"26":{"start":{"line":101,"column":26},"end":{"line":107,"column":1}},"27":{"start":{"line":105,"column":2},"end":{"line":105,"column":49}},"28":{"start":{"line":106,"column":2},"end":{"line":106,"column":41}},"29":{"start":{"line":109,"column":30},"end":{"line":124,"column":1}},"30":{"start":{"line":113,"column":15},"end":{"line":113,"column":33}},"31":{"start":{"line":114,"column":2},"end":{"line":114,"column":40}},"32":{"start":{"line":114,"column":28},"end":{"line":114,"column":40}},"33":{"start":{"line":115,"column":2},"end":{"line":123,"column":7}},"34":{"start":{"line":118,"column":6},"end":{"line":118,"column":55}},"35":{"start":{"line":121,"column":6},"end":{"line":121,"column":25}},"36":{"start":{"line":122,"column":6},"end":{"line":122,"column":30}},"37":{"start":{"line":151,"column":16},"end":{"line":151,"column":59}},"38":{"start":{"line":152,"column":25},"end":{"line":152,"column":27}},"39":{"start":{"line":153,"column":2},"end":{"line":172,"column":5}},"40":{"start":{"line":154,"column":17},"end":{"line":154,"column":27}},"41":{"start":{"line":156,"column":4},"end":{"line":160,"column":5}},"42":{"start":{"line":157,"column":6},"end":{"line":157,"column":54}},"43":{"start":{"line":159,"column":6},"end":{"line":159,"column":13}},"44":{"start":{"line":162,"column":4},"end":{"line":171,"column":5}},"45":{"start":{"line":167,"column":6},"end":{"line":170,"column":9}},"46":{"start":{"line":174,"column":2},"end":{"line":174,"column":45}},"47":{"start":{"line":174,"column":34},"end":{"line":174,"column":43}},"48":{"start":{"line":184,"column":2},"end":{"line":184,"column":50}},"49":{"start":{"line":190,"column":2},"end":{"line":190,"column":42}},"50":{"start":{"line":204,"column":27},"end":{"line":249,"column":1}},"51":{"start":{"line":218,"column":23},"end":{"line":222,"column":3}},"52":{"start":{"line":224,"column":15},"end":{"line":236,"column":12}},"53":{"start":{"line":225,"column":16},"end":{"line":225,"column":36}},"54":{"start":{"line":226,"column":4},"end":{"line":228,"column":6}},"55":{"start":{"line":227,"column":6},"end":{"line":227,"column":28}},"56":{"start":{"line":229,"column":4},"end":{"line":232,"column":6}},"57":{"start":{"line":230,"column":6},"end":{"line":230,"column":21}},"58":{"start":{"line":231,"column":6},"end":{"line":231,"column":54}},"59":{"start":{"line":233,"column":4},"end":{"line":233,"column":30}},"60":{"start":{"line":234,"column":4},"end":{"line":234,"column":44}},"61":{"start":{"line":235,"column":4},"end":{"line":235,"column":19}},"62":{"start":{"line":238,"column":18},"end":{"line":238,"column":49}},"63":{"start":{"line":239,"column":17},"end":{"line":239,"column":48}},"64":{"start":{"line":240,"column":22},"end":{"line":240,"column":52}},"65":{"start":{"line":241,"column":14},"end":{"line":241,"column":45}},"66":{"start":{"line":242,"column":2},"end":{"line":242,"column":73}},"67":{"start":{"line":245,"column":2},"end":{"line":245,"column":15}},"68":{"start":{"line":246,"column":2},"end":{"line":246,"column":32}},"69":{"start":{"line":248,"column":2},"end":{"line":248,"column":21}},"70":{"start":{"line":254,"column":21},"end":{"line":254,"column":58}},"71":{"start":{"line":256,"column":2},"end":{"line":258,"column":3}},"72":{"start":{"line":257,"column":4},"end":{"line":257,"column":16}},"73":{"start":{"line":259,"column":31},"end":{"line":259,"column":33}},"74":{"start":{"line":260,"column":2},"end":{"line":262,"column":5}},"75":{"start":{"line":261,"column":4},"end":{"line":261,"column":39}},"76":{"start":{"line":264,"column":2},"end":{"line":264,"column":16}},"77":{"start":{"line":271,"column":2},"end":{"line":271,"column":80}},"78":{"start":{"line":278,"column":20},"end":{"line":278,"column":52}},"79":{"start":{"line":280,"column":2},"end":{"line":280,"column":49}},"80":{"start":{"line":282,"column":2},"end":{"line":282,"column":19}},"81":{"start":{"line":288,"column":2},"end":{"line":288,"column":34}},"82":{"start":{"line":295,"column":19},"end":{"line":295,"column":51}},"83":{"start":{"line":303,"column":15},"end":{"line":303,"column":45}},"84":{"start":{"line":304,"column":2},"end":{"line":304,"column":41}},"85":{"start":{"line":306,"column":2},"end":{"line":306,"column":14}},"86":{"start":{"line":309,"column":26},"end":{"line":316,"column":1}},"87":{"start":{"line":313,"column":19},"end":{"line":313,"column":51}},"88":{"start":{"line":314,"column":2},"end":{"line":314,"column":51}},"89":{"start":{"line":315,"column":2},"end":{"line":315,"column":79}},"90":{"start":{"line":318,"column":32},"end":{"line":331,"column":1}},"91":{"start":{"line":322,"column":16},"end":{"line":322,"column":35}},"92":{"start":{"line":324,"column":2},"end":{"line":328,"column":5}},"93":{"start":{"line":325,"column":21},"end":{"line":325,"column":53}},"94":{"start":{"line":326,"column":20},"end":{"line":326,"column":58}},"95":{"start":{"line":327,"column":4},"end":{"line":327,"column":50}},"96":{"start":{"line":330,"column":2},"end":{"line":330,"column":24}},"97":{"start":{"line":334,"column":32},"end":{"line":352,"column":1}},"98":{"start":{"line":338,"column":16},"end":{"line":338,"column":35}},"99":{"start":{"line":339,"column":35},"end":{"line":339,"column":37}},"100":{"start":{"line":340,"column":2},"end":{"line":348,"column":5}},"101":{"start":{"line":341,"column":21},"end":{"line":341,"column":53}},"102":{"start":{"line":342,"column":20},"end":{"line":342,"column":50}},"103":{"start":{"line":343,"column":4},"end":{"line":343,"column":56}},"104":{"start":{"line":344,"column":4},"end":{"line":347,"column":7}},"105":{"start":{"line":350,"column":2},"end":{"line":350,"column":17}},"106":{"start":{"line":351,"column":2},"end":{"line":351,"column":23}},"107":{"start":{"line":354,"column":32},"end":{"line":387,"column":1}},"108":{"start":{"line":360,"column":2},"end":{"line":386,"column":3}},"109":{"start":{"line":363,"column":22},"end":{"line":363,"column":50}},"110":{"start":{"line":366,"column":21},"end":{"line":366,"column":62}},"111":{"start":{"line":367,"column":4},"end":{"line":372,"column":6}},"112":{"start":{"line":373,"column":22},"end":{"line":373,"column":51}},"113":{"start":{"line":375,"column":4},"end":{"line":385,"column":5}},"114":{"start":{"line":375,"column":17},"end":{"line":375,"column":18}},"115":{"start":{"line":376,"column":21},"end":{"line":376,"column":51}},"116":{"start":{"line":377,"column":6},"end":{"line":384,"column":8}},"117":{"start":{"line":389,"column":29},"end":{"line":399,"column":1}},"118":{"start":{"line":393,"column":2},"end":{"line":398,"column":11}},"119":{"start":{"line":401,"column":26},"end":{"line":417,"column":1}},"120":{"start":{"line":405,"column":18},"end":{"line":405,"column":56}},"121":{"start":{"line":408,"column":2},"end":{"line":415,"column":7}},"122":{"start":{"line":412,"column":6},"end":{"line":414,"column":9}},"123":{"start":{"line":413,"column":8},"end":{"line":413,"column":25}},"124":{"start":{"line":416,"column":2},"end":{"line":416,"column":19}},"125":{"start":{"line":420,"column":32},"end":{"line":432,"column":1}},"126":{"start":{"line":424,"column":16},"end":{"line":424,"column":35}},"127":{"start":{"line":426,"column":2},"end":{"line":429,"column":5}},"128":{"start":{"line":427,"column":20},"end":{"line":427,"column":58}},"129":{"start":{"line":428,"column":4},"end":{"line":428,"column":26}},"130":{"start":{"line":431,"column":2},"end":{"line":431,"column":24}},"131":{"start":{"line":434,"column":29},"end":{"line":438,"column":1}},"132":{"start":{"line":435,"column":23},"end":{"line":435,"column":69}},"133":{"start":{"line":437,"column":2},"end":{"line":437,"column":61}},"134":{"start":{"line":437,"column":53},"end":{"line":437,"column":59}},"135":{"start":{"line":440,"column":32},"end":{"line":449,"column":1}},"136":{"start":{"line":444,"column":2},"end":{"line":444,"column":57}},"137":{"start":{"line":445,"column":2},"end":{"line":448,"column":45}}},"fnMap":{"0":{"name":"(anonymous_0)","decl":{"start":{"line":24,"column":34},"end":{"line":24,"column":35}},"loc":{"start":{"line":26,"column":5},"end":{"line":32,"column":1}},"line":26},"1":{"name":"(anonymous_1)","decl":{"start":{"line":27,"column":25},"end":{"line":27,"column":26}},"loc":{"start":{"line":27,"column":47},"end":{"line":31,"column":3}},"line":27},"2":{"name":"(anonymous_2)","decl":{"start":{"line":34,"column":25},"end":{"line":34,"column":26}},"loc":{"start":{"line":34,"column":68},"end":{"line":43,"column":1}},"line":34},"3":{"name":"(anonymous_3)","decl":{"start":{"line":37,"column":10},"end":{"line":37,"column":11}},"loc":{"start":{"line":37,"column":19},"end":{"line":39,"column":5}},"line":37},"4":{"name":"(anonymous_4)","decl":{"start":{"line":40,"column":11},"end":{"line":40,"column":12}},"loc":{"start":{"line":40,"column":20},"end":{"line":42,"column":5}},"line":40},"5":{"name":"(anonymous_5)","decl":{"start":{"line":45,"column":27},"end":{"line":45,"column":28}},"loc":{"start":{"line":47,"column":53},"end":{"line":60,"column":1}},"line":47},"6":{"name":"(anonymous_6)","decl":{"start":{"line":52,"column":10},"end":{"line":52,"column":11}},"loc":{"start":{"line":52,"column":19},"end":{"line":58,"column":5}},"line":52},"7":{"name":"(anonymous_7)","decl":{"start":{"line":59,"column":11},"end":{"line":59,"column":12}},"loc":{"start":{"line":59,"column":17},"end":{"line":59,"column":21}},"line":59},"8":{"name":"(anonymous_8)","decl":{"start":{"line":62,"column":30},"end":{"line":62,"column":31}},"loc":{"start":{"line":65,"column":60},"end":{"line":82,"column":1}},"line":65},"9":{"name":"(anonymous_9)","decl":{"start":{"line":72,"column":10},"end":{"line":72,"column":11}},"loc":{"start":{"line":72,"column":19},"end":{"line":77,"column":5}},"line":72},"10":{"name":"(anonymous_10)","decl":{"start":{"line":78,"column":11},"end":{"line":78,"column":12}},"loc":{"start":{"line":78,"column":22},"end":{"line":81,"column":5}},"line":78},"11":{"name":"(anonymous_11)","decl":{"start":{"line":84,"column":33},"end":{"line":84,"column":34}},"loc":{"start":{"line":88,"column":5},"end":{"line":95,"column":1}},"line":88},"12":{"name":"getClub","decl":{"start":{"line":97,"column":22},"end":{"line":97,"column":29}},"loc":{"start":{"line":97,"column":52},"end":{"line":99,"column":1}},"line":97},"13":{"name":"(anonymous_13)","decl":{"start":{"line":101,"column":26},"end":{"line":101,"column":27}},"loc":{"start":{"line":104,"column":5},"end":{"line":107,"column":1}},"line":104},"14":{"name":"(anonymous_14)","decl":{"start":{"line":109,"column":30},"end":{"line":109,"column":31}},"loc":{"start":{"line":112,"column":5},"end":{"line":124,"column":1}},"line":112},"15":{"name":"(anonymous_15)","decl":{"start":{"line":117,"column":10},"end":{"line":117,"column":11}},"loc":{"start":{"line":117,"column":24},"end":{"line":119,"column":5}},"line":117},"16":{"name":"(anonymous_16)","decl":{"start":{"line":120,"column":11},"end":{"line":120,"column":12}},"loc":{"start":{"line":120,"column":22},"end":{"line":123,"column":5}},"line":120},"17":{"name":"getCollectionOfTeam","decl":{"start":{"line":146,"column":15},"end":{"line":146,"column":34}},"loc":{"start":{"line":149,"column":2},"end":{"line":175,"column":1}},"line":149},"18":{"name":"(anonymous_18)","decl":{"start":{"line":153,"column":16},"end":{"line":153,"column":17}},"loc":{"start":{"line":153,"column":31},"end":{"line":172,"column":3}},"line":153},"19":{"name":"(anonymous_19)","decl":{"start":{"line":174,"column":24},"end":{"line":174,"column":25}},"loc":{"start":{"line":174,"column":34},"end":{"line":174,"column":43}},"line":174},"20":{"name":"getGames","decl":{"start":{"line":181,"column":22},"end":{"line":181,"column":30}},"loc":{"start":{"line":183,"column":2},"end":{"line":185,"column":1}},"line":183},"21":{"name":"getPlayers","decl":{"start":{"line":187,"column":22},"end":{"line":187,"column":32}},"loc":{"start":{"line":189,"column":2},"end":{"line":202,"column":1}},"line":189},"22":{"name":"(anonymous_22)","decl":{"start":{"line":204,"column":27},"end":{"line":204,"column":28}},"loc":{"start":{"line":208,"column":5},"end":{"line":249,"column":1}},"line":208},"23":{"name":"(anonymous_23)","decl":{"start":{"line":224,"column":34},"end":{"line":224,"column":35}},"loc":{"start":{"line":224,"column":55},"end":{"line":236,"column":3}},"line":224},"24":{"name":"(anonymous_24)","decl":{"start":{"line":226,"column":17},"end":{"line":226,"column":18}},"loc":{"start":{"line":226,"column":29},"end":{"line":228,"column":5}},"line":226},"25":{"name":"(anonymous_25)","decl":{"start":{"line":229,"column":18},"end":{"line":229,"column":19}},"loc":{"start":{"line":229,"column":31},"end":{"line":232,"column":5}},"line":229},"26":{"name":"getConfigData","decl":{"start":{"line":251,"column":22},"end":{"line":251,"column":35}},"loc":{"start":{"line":253,"column":2},"end":{"line":265,"column":1}},"line":253},"27":{"name":"(anonymous_27)","decl":{"start":{"line":260,"column":26},"end":{"line":260,"column":27}},"loc":{"start":{"line":260,"column":36},"end":{"line":262,"column":3}},"line":260},"28":{"name":"updatePlayer","decl":{"start":{"line":267,"column":16},"end":{"line":267,"column":28}},"loc":{"start":{"line":270,"column":2},"end":{"line":272,"column":1}},"line":270},"29":{"name":"addPlayer","decl":{"start":{"line":274,"column":16},"end":{"line":274,"column":25}},"loc":{"start":{"line":277,"column":2},"end":{"line":283,"column":1}},"line":277},"30":{"name":"getGamesRef","decl":{"start":{"line":285,"column":16},"end":{"line":285,"column":27}},"loc":{"start":{"line":287,"column":2},"end":{"line":289,"column":1}},"line":287},"31":{"name":"createGame","decl":{"start":{"line":291,"column":16},"end":{"line":291,"column":26}},"loc":{"start":{"line":294,"column":2},"end":{"line":307,"column":1}},"line":294},"32":{"name":"(anonymous_32)","decl":{"start":{"line":309,"column":26},"end":{"line":309,"column":27}},"loc":{"start":{"line":312,"column":5},"end":{"line":316,"column":1}},"line":312},"33":{"name":"(anonymous_33)","decl":{"start":{"line":318,"column":32},"end":{"line":318,"column":33}},"loc":{"start":{"line":321,"column":5},"end":{"line":331,"column":1}},"line":321},"34":{"name":"(anonymous_34)","decl":{"start":{"line":324,"column":17},"end":{"line":324,"column":18}},"loc":{"start":{"line":324,"column":28},"end":{"line":328,"column":3}},"line":324},"35":{"name":"(anonymous_35)","decl":{"start":{"line":334,"column":32},"end":{"line":334,"column":33}},"loc":{"start":{"line":337,"column":5},"end":{"line":352,"column":1}},"line":337},"36":{"name":"(anonymous_36)","decl":{"start":{"line":340,"column":17},"end":{"line":340,"column":18}},"loc":{"start":{"line":340,"column":28},"end":{"line":348,"column":3}},"line":340},"37":{"name":"(anonymous_37)","decl":{"start":{"line":354,"column":32},"end":{"line":354,"column":33}},"loc":{"start":{"line":358,"column":5},"end":{"line":387,"column":1}},"line":358},"38":{"name":"(anonymous_38)","decl":{"start":{"line":389,"column":29},"end":{"line":389,"column":30}},"loc":{"start":{"line":392,"column":5},"end":{"line":399,"column":1}},"line":392},"39":{"name":"(anonymous_39)","decl":{"start":{"line":401,"column":26},"end":{"line":401,"column":27}},"loc":{"start":{"line":404,"column":5},"end":{"line":417,"column":1}},"line":404},"40":{"name":"(anonymous_40)","decl":{"start":{"line":411,"column":10},"end":{"line":411,"column":11}},"loc":{"start":{"line":411,"column":29},"end":{"line":415,"column":5}},"line":411},"41":{"name":"(anonymous_41)","decl":{"start":{"line":412,"column":28},"end":{"line":412,"column":29}},"loc":{"start":{"line":412,"column":37},"end":{"line":414,"column":7}},"line":412},"42":{"name":"(anonymous_42)","decl":{"start":{"line":420,"column":32},"end":{"line":420,"column":33}},"loc":{"start":{"line":423,"column":5},"end":{"line":432,"column":1}},"line":423},"43":{"name":"(anonymous_43)","decl":{"start":{"line":426,"column":17},"end":{"line":426,"column":18}},"loc":{"start":{"line":426,"column":28},"end":{"line":429,"column":3}},"line":426},"44":{"name":"(anonymous_44)","decl":{"start":{"line":434,"column":29},"end":{"line":434,"column":30}},"loc":{"start":{"line":434,"column":41},"end":{"line":438,"column":1}},"line":434},"45":{"name":"(anonymous_45)","decl":{"start":{"line":437,"column":31},"end":{"line":437,"column":32}},"loc":{"start":{"line":437,"column":53},"end":{"line":437,"column":59}},"line":437},"46":{"name":"(anonymous_46)","decl":{"start":{"line":440,"column":32},"end":{"line":440,"column":33}},"loc":{"start":{"line":443,"column":5},"end":{"line":449,"column":1}},"line":443}},"branchMap":{"0":{"loc":{"start":{"line":53,"column":6},"end":{"line":56,"column":7}},"type":"if","locations":[{"start":{"line":53,"column":6},"end":{"line":56,"column":7}},{"start":{},"end":{}}],"line":53},"1":{"loc":{"start":{"line":73,"column":6},"end":{"line":75,"column":7}},"type":"if","locations":[{"start":{"line":73,"column":6},"end":{"line":75,"column":7}},{"start":{},"end":{}}],"line":73},"2":{"loc":{"start":{"line":114,"column":2},"end":{"line":114,"column":40}},"type":"if","locations":[{"start":{"line":114,"column":2},"end":{"line":114,"column":40}},{"start":{},"end":{}}],"line":114},"3":{"loc":{"start":{"line":114,"column":6},"end":{"line":114,"column":26}},"type":"binary-expr","locations":[{"start":{"line":114,"column":6},"end":{"line":114,"column":11}},{"start":{"line":114,"column":15},"end":{"line":114,"column":26}}],"line":114},"4":{"loc":{"start":{"line":156,"column":4},"end":{"line":160,"column":5}},"type":"if","locations":[{"start":{"line":156,"column":4},"end":{"line":160,"column":5}},{"start":{},"end":{}}],"line":156},"5":{"loc":{"start":{"line":162,"column":4},"end":{"line":171,"column":5}},"type":"if","locations":[{"start":{"line":162,"column":4},"end":{"line":171,"column":5}},{"start":{},"end":{}}],"line":162},"6":{"loc":{"start":{"line":163,"column":6},"end":{"line":165,"column":62}},"type":"binary-expr","locations":[{"start":{"line":163,"column":6},"end":{"line":163,"column":25}},{"start":{"line":164,"column":6},"end":{"line":164,"column":22}},{"start":{"line":165,"column":6},"end":{"line":165,"column":62}}],"line":163},"7":{"loc":{"start":{"line":242,"column":46},"end":{"line":242,"column":71}},"type":"binary-expr","locations":[{"start":{"line":242,"column":46},"end":{"line":242,"column":65}},{"start":{"line":242,"column":69},"end":{"line":242,"column":71}}],"line":242},"8":{"loc":{"start":{"line":256,"column":2},"end":{"line":258,"column":3}},"type":"if","locations":[{"start":{"line":256,"column":2},"end":{"line":258,"column":3}},{"start":{},"end":{}}],"line":256},"9":{"loc":{"start":{"line":256,"column":6},"end":{"line":256,"column":54}},"type":"binary-expr","locations":[{"start":{"line":256,"column":6},"end":{"line":256,"column":22}},{"start":{"line":256,"column":26},"end":{"line":256,"column":54}}],"line":256},"10":{"loc":{"start":{"line":357,"column":2},"end":{"line":357,"column":17}},"type":"default-arg","locations":[{"start":{"line":357,"column":12},"end":{"line":357,"column":17}}],"line":357},"11":{"loc":{"start":{"line":360,"column":2},"end":{"line":386,"column":3}},"type":"if","locations":[{"start":{"line":360,"column":2},"end":{"line":386,"column":3}},{"start":{},"end":{}}],"line":360},"12":{"loc":{"start":{"line":366,"column":21},"end":{"line":366,"column":62}},"type":"binary-expr","locations":[{"start":{"line":366,"column":21},"end":{"line":366,"column":33}},{"start":{"line":366,"column":37},"end":{"line":366,"column":62}}],"line":366}},"s":{"0":1,"1":1,"2":0,"3":0,"4":0,"5":1,"6":0,"7":0,"8":0,"9":1,"10":0,"11":0,"12":0,"13":0,"14":0,"15":0,"16":1,"17":0,"18":0,"19":0,"20":0,"21":0,"22":0,"23":1,"24":0,"25":0,"26":1,"27":0,"28":0,"29":1,"30":0,"31":0,"32":0,"33":0,"34":0,"35":0,"36":0,"37":0,"38":0,"39":0,"40":0,"41":0,"42":0,"43":0,"44":0,"45":0,"46":0,"47":0,"48":0,"49":0,"50":1,"51":0,"52":0,"53":0,"54":0,"55":0,"56":0,"57":0,"58":0,"59":0,"60":0,"61":0,"62":0,"63":0,"64":0,"65":0,"66":0,"67":0,"68":0,"69":0,"70":0,"71":0,"72":0,"73":0,"74":0,"75":0,"76":0,"77":0,"78":0,"79":0,"80":0,"81":0,"82":0,"83":0,"84":0,"85":0,"86":1,"87":0,"88":0,"89":0,"90":1,"91":0,"92":0,"93":0,"94":0,"95":0,"96":0,"97":1,"98":0,"99":0,"100":0,"101":0,"102":0,"103":0,"104":0,"105":0,"106":0,"107":1,"108":0,"109":0,"110":0,"111":0,"112":0,"113":0,"114":0,"115":0,"116":0,"117":1,"118":0,"119":1,"120":0,"121":0,"122":0,"123":0,"124":0,"125":1,"126":0,"127":0,"128":0,"129":0,"130":0,"131":1,"132":0,"133":0,"134":0,"135":1,"136":0,"137":0},"f":{"0":0,"1":0,"2":0,"3":0,"4":0,"5":0,"6":0,"7":0,"8":0,"9":0,"10":0,"11":0,"12":0,"13":0,"14":0,"15":0,"16":0,"17":0,"18":0,"19":0,"20":0,"21":0,"22":0,"23":0,"24":0,"25":0,"26":0,"27":0,"28":0,"29":0,"30":0,"31":0,"32":0,"33":0,"34":0,"35":0,"36":0,"37":0,"38":0,"39":0,"40":0,"41":0,"42":0,"43":0,"44":0,"45":0,"46":0},"b":{"0":[0,0],"1":[0,0],"2":[0,0],"3":[0,0],"4":[0,0],"5":[0,0],"6":[0,0,0],"7":[0,0],"8":[0,0],"9":[0,0],"10":[0],"11":[0,0],"12":[0,0]},"_coverageSchema":"1a1c01bbd47fc00a2c39e90264f33305004495a9","hash":"216833f31c8da01e22ca839a09b0f931517b6be9"}
,"C:\\Users\\Asus\\Desktop\\previous11-v\\src\\player-app\\screens\\Auth\\Login.tsx": {"path":"C:\\Users\\Asus\\Desktop\\previous11-v\\src\\player-app\\screens\\Auth\\Login.tsx","statementMap":{"0":{"start":{"line":40,"column":14},"end":{"line":219,"column":1}},"1":{"start":{"line":41,"column":15},"end":{"line":41,"column":41}},"2":{"start":{"line":42,"column":22},"end":{"line":42,"column":55}},"3":{"start":{"line":43,"column":16},"end":{"line":43,"column":43}},"4":{"start":{"line":44,"column":28},"end":{"line":44,"column":64}},"5":{"start":{"line":45,"column":34},"end":{"line":45,"column":46}},"6":{"start":{"line":46,"column":36},"end":{"line":46,"column":51}},"7":{"start":{"line":47,"column":19},"end":{"line":47,"column":35}},"8":{"start":{"line":49,"column":2},"end":{"line":57,"column":26}},"9":{"start":{"line":50,"column":4},"end":{"line":53,"column":5}},"10":{"start":{"line":51,"column":6},"end":{"line":51,"column":39}},"11":{"start":{"line":52,"column":6},"end":{"line":52,"column":33}},"12":{"start":{"line":54,"column":4},"end":{"line":56,"column":5}},"13":{"start":{"line":55,"column":6},"end":{"line":55,"column":26}},"14":{"start":{"line":59,"column":2},"end":{"line":76,"column":14}},"15":{"start":{"line":60,"column":4},"end":{"line":75,"column":5}},"16":{"start":{"line":61,"column":25},"end":{"line":61,"column":74}},"17":{"start":{"line":61,"column":46},"end":{"line":61,"column":73}},"18":{"start":{"line":62,"column":6},"end":{"line":74,"column":7}},"19":{"start":{"line":63,"column":8},"end":{"line":72,"column":60}},"20":{"start":{"line":71,"column":26},"end":{"line":71,"column":60}},"21":{"start":{"line":72,"column":26},"end":{"line":72,"column":58}},"22":{"start":{"line":73,"column":8},"end":{"line":73,"column":44}},"23":{"start":{"line":78,"column":19},"end":{"line":129,"column":3}},"24":{"start":{"line":79,"column":4},"end":{"line":128,"column":5}},"25":{"start":{"line":80,"column":6},"end":{"line":80,"column":58}},"26":{"start":{"line":81,"column":11},"end":{"line":128,"column":5}},"27":{"start":{"line":82,"column":6},"end":{"line":82,"column":48}},"28":{"start":{"line":84,"column":6},"end":{"line":84,"column":25}},"29":{"start":{"line":85,"column":6},"end":{"line":127,"column":44}},"30":{"start":{"line":87,"column":10},"end":{"line":87,"column":44}},"31":{"start":{"line":89,"column":10},"end":{"line":121,"column":11}},"32":{"start":{"line":90,"column":35},"end":{"line":97,"column":33}},"33":{"start":{"line":95,"column":16},"end":{"line":95,"column":50}},"34":{"start":{"line":97,"column":27},"end":{"line":97,"column":32}},"35":{"start":{"line":99,"column":12},"end":{"line":104,"column":13}},"36":{"start":{"line":100,"column":14},"end":{"line":103,"column":16}},"37":{"start":{"line":105,"column":12},"end":{"line":105,"column":58}},"38":{"start":{"line":106,"column":12},"end":{"line":108,"column":15}},"39":{"start":{"line":109,"column":12},"end":{"line":118,"column":13}},"40":{"start":{"line":110,"column":14},"end":{"line":117,"column":17}},"41":{"start":{"line":120,"column":12},"end":{"line":120,"column":41}},"42":{"start":{"line":124,"column":10},"end":{"line":124,"column":34}},"43":{"start":{"line":125,"column":10},"end":{"line":125,"column":51}},"44":{"start":{"line":127,"column":23},"end":{"line":127,"column":42}},"45":{"start":{"line":131,"column":2},"end":{"line":218,"column":4}},"46":{"start":{"line":176,"column":27},"end":{"line":176,"column":74}},"47":{"start":{"line":208,"column":25},"end":{"line":208,"column":58}},"48":{"start":{"line":223,"column":15},"end":{"line":277,"column":2}}},"fnMap":{"0":{"name":"(anonymous_0)","decl":{"start":{"line":40,"column":14},"end":{"line":40,"column":15}},"loc":{"start":{"line":40,"column":53},"end":{"line":219,"column":1}},"line":40},"1":{"name":"(anonymous_1)","decl":{"start":{"line":49,"column":12},"end":{"line":49,"column":13}},"loc":{"start":{"line":49,"column":18},"end":{"line":57,"column":3}},"line":49},"2":{"name":"(anonymous_2)","decl":{"start":{"line":59,"column":12},"end":{"line":59,"column":13}},"loc":{"start":{"line":59,"column":18},"end":{"line":76,"column":3}},"line":59},"3":{"name":"(anonymous_3)","decl":{"start":{"line":61,"column":36},"end":{"line":61,"column":37}},"loc":{"start":{"line":61,"column":46},"end":{"line":61,"column":73}},"line":61},"4":{"name":"(anonymous_4)","decl":{"start":{"line":71,"column":16},"end":{"line":71,"column":17}},"loc":{"start":{"line":71,"column":26},"end":{"line":71,"column":60}},"line":71},"5":{"name":"(anonymous_5)","decl":{"start":{"line":72,"column":17},"end":{"line":72,"column":18}},"loc":{"start":{"line":72,"column":26},"end":{"line":72,"column":58}},"line":72},"6":{"name":"(anonymous_6)","decl":{"start":{"line":78,"column":19},"end":{"line":78,"column":20}},"loc":{"start":{"line":78,"column":25},"end":{"line":129,"column":3}},"line":78},"7":{"name":"(anonymous_7)","decl":{"start":{"line":86,"column":14},"end":{"line":86,"column":15}},"loc":{"start":{"line":86,"column":54},"end":{"line":122,"column":9}},"line":86},"8":{"name":"(anonymous_8)","decl":{"start":{"line":94,"column":20},"end":{"line":94,"column":21}},"loc":{"start":{"line":94,"column":30},"end":{"line":96,"column":15}},"line":94},"9":{"name":"(anonymous_9)","decl":{"start":{"line":97,"column":21},"end":{"line":97,"column":22}},"loc":{"start":{"line":97,"column":27},"end":{"line":97,"column":32}},"line":97},"10":{"name":"(anonymous_10)","decl":{"start":{"line":123,"column":15},"end":{"line":123,"column":16}},"loc":{"start":{"line":123,"column":24},"end":{"line":126,"column":9}},"line":123},"11":{"name":"(anonymous_11)","decl":{"start":{"line":127,"column":17},"end":{"line":127,"column":18}},"loc":{"start":{"line":127,"column":23},"end":{"line":127,"column":42}},"line":127},"12":{"name":"(anonymous_12)","decl":{"start":{"line":176,"column":21},"end":{"line":176,"column":22}},"loc":{"start":{"line":176,"column":27},"end":{"line":176,"column":74}},"line":176},"13":{"name":"(anonymous_13)","decl":{"start":{"line":208,"column":19},"end":{"line":208,"column":20}},"loc":{"start":{"line":208,"column":25},"end":{"line":208,"column":58}},"line":208}},"branchMap":{"0":{"loc":{"start":{"line":44,"column":37},"end":{"line":44,"column":63}},"type":"binary-expr","locations":[{"start":{"line":44,"column":37},"end":{"line":44,"column":57}},{"start":{"line":44,"column":61},"end":{"line":44,"column":63}}],"line":44},"1":{"loc":{"start":{"line":50,"column":4},"end":{"line":53,"column":5}},"type":"if","locations":[{"start":{"line":50,"column":4},"end":{"line":53,"column":5}},{"start":{},"end":{}}],"line":50},"2":{"loc":{"start":{"line":50,"column":8},"end":{"line":50,"column":28}},"type":"binary-expr","locations":[{"start":{"line":50,"column":8},"end":{"line":50,"column":12}},{"start":{"line":50,"column":16},"end":{"line":50,"column":28}}],"line":50},"3":{"loc":{"start":{"line":54,"column":4},"end":{"line":56,"column":5}},"type":"if","locations":[{"start":{"line":54,"column":4},"end":{"line":56,"column":5}},{"start":{},"end":{}}],"line":54},"4":{"loc":{"start":{"line":60,"column":4},"end":{"line":75,"column":5}},"type":"if","locations":[{"start":{"line":60,"column":4},"end":{"line":75,"column":5}},{"start":{},"end":{}}],"line":60},"5":{"loc":{"start":{"line":62,"column":6},"end":{"line":74,"column":7}},"type":"if","locations":[{"start":{"line":62,"column":6},"end":{"line":74,"column":7}},{"start":{},"end":{}}],"line":62},"6":{"loc":{"start":{"line":79,"column":4},"end":{"line":128,"column":5}},"type":"if","locations":[{"start":{"line":79,"column":4},"end":{"line":128,"column":5}},{"start":{"line":81,"column":11},"end":{"line":128,"column":5}}],"line":79},"7":{"loc":{"start":{"line":79,"column":8},"end":{"line":79,"column":47}},"type":"binary-expr","locations":[{"start":{"line":79,"column":8},"end":{"line":79,"column":24}},{"start":{"line":79,"column":28},"end":{"line":79,"column":47}}],"line":79},"8":{"loc":{"start":{"line":81,"column":11},"end":{"line":128,"column":5}},"type":"if","locations":[{"start":{"line":81,"column":11},"end":{"line":128,"column":5}},{"start":{"line":83,"column":11},"end":{"line":128,"column":5}}],"line":81},"9":{"loc":{"start":{"line":89,"column":10},"end":{"line":121,"column":11}},"type":"if","locations":[{"start":{"line":89,"column":10},"end":{"line":121,"column":11}},{"start":{},"end":{}}],"line":89},"10":{"loc":{"start":{"line":99,"column":12},"end":{"line":104,"column":13}},"type":"if","locations":[{"start":{"line":99,"column":12},"end":{"line":104,"column":13}},{"start":{},"end":{}}],"line":99},"11":{"loc":{"start":{"line":109,"column":12},"end":{"line":118,"column":13}},"type":"if","locations":[{"start":{"line":109,"column":12},"end":{"line":118,"column":13}},{"start":{},"end":{}}],"line":109},"12":{"loc":{"start":{"line":114,"column":22},"end":{"line":114,"column":51}},"type":"binary-expr","locations":[{"start":{"line":114,"column":22},"end":{"line":114,"column":39}},{"start":{"line":114,"column":43},"end":{"line":114,"column":51}}],"line":114},"13":{"loc":{"start":{"line":115,"column":26},"end":{"line":115,"column":49}},"type":"binary-expr","locations":[{"start":{"line":115,"column":26},"end":{"line":115,"column":43}},{"start":{"line":115,"column":47},"end":{"line":115,"column":49}}],"line":115},"14":{"loc":{"start":{"line":193,"column":22},"end":{"line":193,"column":65}},"type":"binary-expr","locations":[{"start":{"line":193,"column":22},"end":{"line":193,"column":40}},{"start":{"line":193,"column":44},"end":{"line":193,"column":65}}],"line":193}},"s":{"0":1,"1":11,"2":11,"3":11,"4":11,"5":11,"6":11,"7":11,"8":11,"9":5,"10":0,"11":0,"12":5,"13":0,"14":11,"15":5,"16":0,"17":0,"18":0,"19":0,"20":0,"21":0,"22":0,"23":11,"24":2,"25":1,"26":1,"27":0,"28":1,"29":1,"30":1,"31":1,"32":1,"33":0,"34":0,"35":0,"36":0,"37":0,"38":0,"39":0,"40":0,"41":0,"42":0,"43":0,"44":0,"45":11,"46":1,"47":0,"48":1},"f":{"0":11,"1":5,"2":5,"3":0,"4":0,"5":0,"6":2,"7":1,"8":0,"9":0,"10":0,"11":0,"12":1,"13":0},"b":{"0":[11,0],"1":[0,5],"2":[5,0],"3":[0,5],"4":[0,5],"5":[0,0],"6":[1,1],"7":[2,2],"8":[0,1],"9":[1,0],"10":[0,0],"11":[0,0],"12":[0,0],"13":[0,0],"14":[11,11]},"_coverageSchema":"1a1c01bbd47fc00a2c39e90264f33305004495a9","hash":"ecd23408848fd61fa20c08ebe1212e41e24fac8f"}
,"C:\\Users\\Asus\\Desktop\\previous11-v\\src\\redux\\storage.ts": {"path":"C:\\Users\\Asus\\Desktop\\previous11-v\\src\\redux\\storage.ts","statementMap":{"0":{"start":{"line":3,"column":23},"end":{"line":8,"column":1}},"1":{"start":{"line":4,"column":2},"end":{"line":6,"column":3}},"2":{"start":{"line":5,"column":4},"end":{"line":5,"column":24}},"3":{"start":{"line":7,"column":2},"end":{"line":7,"column":47}}},"fnMap":{"0":{"name":"(anonymous_0)","decl":{"start":{"line":3,"column":23},"end":{"line":3,"column":24}},"loc":{"start":{"line":3,"column":29},"end":{"line":8,"column":1}},"line":3}},"branchMap":{"0":{"loc":{"start":{"line":4,"column":2},"end":{"line":6,"column":3}},"type":"if","locations":[{"start":{"line":4,"column":2},"end":{"line":6,"column":3}},{"start":{},"end":{}}],"line":4}},"s":{"0":1,"1":1,"2":1,"3":0},"f":{"0":1},"b":{"0":[1,0]},"_coverageSchema":"1a1c01bbd47fc00a2c39e90264f33305004495a9","hash":"16088ac13173eb81ece1d25c100d8638383694aa"}
,"C:\\Users\\Asus\\Desktop\\previous11-v\\src\\redux\\store-player.ts": {"path":"C:\\Users\\Asus\\Desktop\\previous11-v\\src\\redux\\store-player.ts","statementMap":{"0":{"start":{"line":32,"column":20},"end":{"line":32,"column":36}},"1":{"start":{"line":34,"column":57},"end":{"line":38,"column":1}},"2":{"start":{"line":40,"column":19},"end":{"line":51,"column":2}},"3":{"start":{"line":53,"column":20},"end":{"line":60,"column":1}},"4":{"start":{"line":54,"column":2},"end":{"line":57,"column":3}},"5":{"start":{"line":55,"column":4},"end":{"line":55,"column":45}},"6":{"start":{"line":56,"column":4},"end":{"line":56,"column":41}},"7":{"start":{"line":59,"column":2},"end":{"line":59,"column":35}},"8":{"start":{"line":62,"column":25},"end":{"line":62,"column":67}},"9":{"start":{"line":63,"column":27},"end":{"line":63,"column":53}},"10":{"start":{"line":64,"column":0},"end":{"line":95,"column":3}},"11":{"start":{"line":71,"column":4},"end":{"line":75,"column":5}},"12":{"start":{"line":72,"column":6},"end":{"line":72,"column":45}},"13":{"start":{"line":74,"column":6},"end":{"line":74,"column":47}},"14":{"start":{"line":76,"column":4},"end":{"line":78,"column":5}},"15":{"start":{"line":77,"column":6},"end":{"line":77,"column":47}},"16":{"start":{"line":80,"column":4},"end":{"line":90,"column":5}},"17":{"start":{"line":81,"column":20},"end":{"line":81,"column":42}},"18":{"start":{"line":82,"column":19},"end":{"line":82,"column":36}},"19":{"start":{"line":83,"column":22},"end":{"line":83,"column":45}},"20":{"start":{"line":84,"column":21},"end":{"line":86,"column":7}},"21":{"start":{"line":85,"column":20},"end":{"line":85,"column":75}},"22":{"start":{"line":87,"column":6},"end":{"line":89,"column":7}},"23":{"start":{"line":88,"column":8},"end":{"line":88,"column":66}},"24":{"start":{"line":97,"column":14},"end":{"line":112,"column":2}},"25":{"start":{"line":100,"column":30},"end":{"line":106,"column":45}},"26":{"start":{"line":107,"column":4},"end":{"line":109,"column":5}},"27":{"start":{"line":108,"column":6},"end":{"line":108,"column":67}},"28":{"start":{"line":110,"column":4},"end":{"line":110,"column":44}},"29":{"start":{"line":115,"column":25},"end":{"line":115,"column":44}},"30":{"start":{"line":119,"column":49},"end":{"line":119,"column":60}},"31":{"start":{"line":120,"column":63},"end":{"line":120,"column":74}}},"fnMap":{"0":{"name":"(anonymous_0)","decl":{"start":{"line":53,"column":20},"end":{"line":53,"column":21}},"loc":{"start":{"line":53,"column":55},"end":{"line":60,"column":1}},"line":53},"1":{"name":"(anonymous_1)","decl":{"start":{"line":70,"column":10},"end":{"line":70,"column":11}},"loc":{"start":{"line":70,"column":46},"end":{"line":94,"column":3}},"line":70},"2":{"name":"(anonymous_2)","decl":{"start":{"line":85,"column":8},"end":{"line":85,"column":9}},"loc":{"start":{"line":85,"column":20},"end":{"line":85,"column":75}},"line":85},"3":{"name":"(anonymous_3)","decl":{"start":{"line":99,"column":14},"end":{"line":99,"column":15}},"loc":{"start":{"line":99,"column":40},"end":{"line":111,"column":3}},"line":99}},"branchMap":{"0":{"loc":{"start":{"line":54,"column":2},
[...]
"end":{"line":55,"column":31}},{"start":{"line":55,"column":35},"end":{"line":55,"column":52}}],"line":55},"11":{"loc":{"start":{"line":86,"column":4},"end":{"line":88,"column":5}},"type":"if","locations":[{"start":{"line":86,"column":4},"end":{"line":88,"column":5}},{"start":{},"end":{}}],"line":86},"12":{"loc":{"start":{"line":103,"column":4},"end":{"line":103,"column":52}},"type":"if","locations":[{"start":{"line":103,"column":4},"end":{"line":103,"column":52}},{"start":{},"end":{}}],"line":103},"13":{"loc":{"start":{"line":104,"column":4},"end":{"line":104,"column":50}},"type":"if","locations":[{"start":{"line":104,"column":4},"end":{"line":104,"column":50}},{"start":{},"end":{}}],"line":104},"14":{"loc":{"start":{"line":108,"column":4},"end":{"line":108,"column":46}},"type":"if","locations":[{"start":{"line":108,"column":4},"end":{"line":108,"column":46}},{"start":{},"end":{}}],"line":108},"15":{"loc":{"start":{"line":109,"column":4},"end":{"line":111,"column":5}},"type":"if","locations":[{"start":{"line":109,"column":4},"end":{"line":111,"column":5}},{"start":{},"end":{}}],"line":109},"16":{"loc":{"start":{"line":112,"column":27},"end":{"line":112,"column":69}},"type":"cond-expr","locations":[{"start":{"line":112,"column":43},"end":{"line":112,"column":52}},{"start":{"line":112,"column":55},"end":{"line":112,"column":69}}],"line":112},"17":{"loc":{"start":{"line":115,"column":4},"end":{"line":117,"column":5}},"type":"if","locations":[{"start":{"line":115,"column":4},"end":{"line":117,"column":5}},{"start":{},"end":{}}],"line":115},"18":{"loc":{"start":{"line":119,"column":4},"end":{"line":121,"column":5}},"type":"if","locations":[{"start":{"line":119,"column":4},"end":{"line":121,"column":5}},{"start":{},"end":{}}],"line":119},"19":{"loc":{"start":{"line":123,"column":23},"end":{"line":123,"column":56}},"type":"cond-expr","locations":[{"start":{"line":123,"column":47},"end":{"line":123,"column":50}},{"start":{"line":123,"column":53},"end":{"line":123,"column":56}}],"line":123},"20":{"loc":{"start":{"line":126,"column":4},"end":{"line":129,"column":5}},"type":"if","locations":[{"start":{"line":126,"column":4},"end":{"line":129,"column":5}},{"start":{},"end":{}}],"line":126},"21":{"loc":{"start":{"line":132,"column":11},"end":{"line":132,"column":45}},"type":"cond-expr","locations":[{"start":{"line":132,"column":25},"end":{"line":132,"column":38}},{"start":{"line":132,"column":41},"end":{"line":132,"column":45}}],"line":132},"22":{"loc":{"start":{"line":137,"column":44},"end":{"line":137,"column":59}},"type":"default-arg","locations":[{"start":{"line":137,"column":54},"end":{"line":137,"column":59}}],"line":137},"23":{"loc":{"start":{"line":139,"column":11},"end":{"line":139,"column":42}},"type":"cond-expr","locations":[{"start":{"line":139,"column":21},"end":{"line":139,"column":36}},{"start":{"line":139,"column":39},"end":{"line":139,"column":42}}],"line":139},"24":{"loc":{"start":{"line":143,"column":6},"end":{"line":143,"column":46}},"type":"if","locations":[{"start":{"line":143,"column":6},"end":{"line":143,"column":46}},{"start":{},"end":{}}],"line":143},"25":{"loc":{"start":{"line":147,"column":11},"end":{"line":147,"column":50}},"type":"cond-expr","locations":[{"start":{"line":147,"column":35},"end":{"line":147,"column":42}},{"start":{"line":147,"column":45},"end":{"line":147,"column":50}}],"line":147},"26":{"loc":{"start":{"line":151,"column":4},"end":{"line":154,"column":5}},"type":"if","locations":[{"start":{"line":151,"column":4},"end":{"line":154,"column":5}},{"start":{},"end":{}}],"line":151},"27":{"loc":{"start":{"line":157,"column":4},"end":{"line":167,"column":5}},"type":"if","locations":[{"start":{"line":157,"column":4},"end":{"line":167,"column":5}},{"start":{"line":159,"column":11},"end":{"line":167,"column":5}}],"line":157},"28":{"loc":{"start":{"line":159,"column":11},"end":{"line":167,"column":5}},"type":"if","locations":[{"start":{"line":159,"column":11},"end":{"line":167,"column":5}},{"start":{"line":161,"column":11},"end":{"line":167,"column":5}}],"line":159},"29":{"loc":{"start":{"line":161,"column":11},"end":{"line":167,"column":5}},"type":"if","locations":[{"start":{"line":161,"column":11},"end":{"line":167,"column":5}},{"start":{"line":163,"column":11},"end":{"line":167,"column":5}}],"line":161},"30":{"loc":{"start":{"line":163,"column":11},"end":{"line":167,"column":5}},"type":"if","locations":[{"start":{"line":163,"column":11},"end":{"line":167,"column":5}},{"start":{"line":165,"column":11},"end":{"line":167,"column":5}}],"line":163},"31":{"loc":{"start":{"line":165,"column":11},"end":{"line":167,"column":5}},"type":"if","locations":[{"start":{"line":165,"column":11},"end":{"line":167,"column":5}},{"start":{},"end":{}}],"line":165},"32":{"loc":{"start":{"line":194,"column":6},"end":{"line":201,"column":25}},"type":"cond-expr","locations":[{"start":{"line":195,"column":10},"end":{"line":200,"column":11}},{"start":{"line":201,"column":10},"end":{"line":201,"column":25}}],"line":194},"33":{"loc":{"start":{"line":199,"column":14},"end":{"line":199,"column":74}},"type":"binary-expr","locations":[{"start":{"line":199,"column":14},"end":{"line":199,"column":42}},{"start":{"line":199,"column":46},"end":{"line":199,"column":74}}],"line":199},"34":{"loc":{"start":{"line":203,"column":4},"end":{"line":205,"column":5}},"type":"if","locations":[{"start":{"line":203,"column":4},"end":{"line":205,"column":5}},{"start":{},"end":{}}],"line":203},"35":{"loc":{"start":{"line":203,"column":8},"end":{"line":203,"column":33}},"type":"binary-expr","locations":[{"start":{"line":203,"column":8},"end":{"line":203,"column":12}},{"start":{"line":203,"column":16},"end":{"line":203,"column":33}}],"line":203},"36":{"loc":{"start":{"line":212,"column":22},"end":{"line":212,"column":35}},"type":"default-arg","locations":[{"start":{"line":212,"column":30},"end":{"line":212,"column":35}}],"line":212},"37":{"loc":{"start":{"line":212,"column":37},"end":{"line":212,"column":53}},"type":"default-arg","locations":[{"start":{"line":212,"column":49},"end":{"line":212,"column":53}}],"line":212},"38":{"loc":{"start":{"line":234,"column":34},"end":{"line":234,"column":61}},"type":"cond-expr","locations":[{"start":{"line":234,"column":46},"end":{"line":234,"column":55}},{"start":{"line":234,"column":58},"end":{"line":234,"column":61}}],"line":234},"39":{"loc":{"start":{"line":235,"column":29},"end":{"line":235,"column":44}},"type":"default-arg","locations":[{"start":{"line":235,"column":43},"end":{"line":235,"column":44}}],"line":235},"40":{"loc":{"start":{"line":240,"column":14},"end":{"line":240,"column":53}},"type":"cond-expr","locations":[{"start":{"line":240,"column":26},"end":{"line":240,"column":48}},{"start":{"line":240,"column":51},"end":{"line":240,"column":53}}],"line":240},"41":{"loc":{"start":{"line":245,"column":27},"end":{"line":245,"column":40}},"type":"default-arg","locations":[{"start":{"line":245,"column":39},"end":{"line":245,"column":40}}],"line":245},"42":{"loc":{"start":{"line":256,"column":39},"end":{"line":256,"column":54}},"type":"default-arg","locations":[{"start":{"line":256,"column":53},"end":{"line":256,"column":54}}],"line":256},"43":{"loc":{"start":{"line":262,"column":34},"end":{"line":262,"column":49}},"type":"default-arg","locations":[{"start":{"line":262,"column":48},"end":{"line":262,"column":49}}],"line":262},"44":{"loc":{"start":{"line":267,"column":14},"end":{"line":267,"column":38}},"type":"cond-expr","locations":[{"start":{"line":267,"column":22},"end":{"line":267,"column":33}},{"start":{"line":267,"column":36},"end":{"line":267,"column":38}}],"line":267},"45":{"loc":{"start":{"line":268,"column":6},"end":{"line":268,"column":34}},"type":"cond-expr","locations":[{"start":{"line":268,"column":16},"end":{"line":268,"column":29}},{"start":{"line":268,"column":32},"end":{"line":268,"column":34}}],"line":268},"46":{"loc":{"start":{"line":271,"column":51},"end":{"line":271,"column":64}},"type":"default-arg","locations":[{"start":{"line":271,"column":60},"end":{"line":271,"column":64}}],"line":271},"47":{"loc":{"start":{"line":311,"column":4},"end":{"line":318,"column":5}},"type":"if","locations":[{"start":{"line":311,"column":4},"end":{"line":318,"column":5}},{"start":{},"end":{}}],"line":311},"48":{"loc":{"start":{"line":356,"column":4},"end":{"line":358,"column":5}},"type":"if","locations":[{"start":{"line":356,"column":4},"end":{"line":358,"column":5}},{"start":{},"end":{}}],"line":356},"49":{"loc":{"start":{"line":357,"column":27},"end":{"line":357,"column":60}},"type":"binary-expr","locations":[{"start":{"line":357,"column":27},"end":{"line":357,"column":55}},{"start":{"line":357,"column":59},"end":{"line":357,"column":60}}],"line":357},"50":{"loc":{"start":{"line":360,"column":11},"end":{"line":362,"column":36}},"type":"cond-expr","locations":[{"start":{"line":361,"column":8},"end":{"line":361,"column":61}},{"start":{"line":362,"column":8},"end":{"line":362,"column":36}}],"line":360},"51":{"loc":{"start":{"line":361,"column":8},"end":{"line":361,"column":61}},"type":"binary-expr","locations":[{"start":{"line":361,"column":8},"end":{"line":361,"column":56}},{"start":{"line":361,"column":60},"end":{"line":361,"column":61}}],"line":361},"52":{"loc":{"start":{"line":362,"column":8},"end":{"line":362,"column":36}},"type":"binary-expr","locations":[{"start":{"line":362,"column":8},"end":{"line":362,"column":31}},{"start":{"line":362,"column":35},"end":{"line":362,"column":36}}],"line":362},"53":{"loc":{"start":{"line":365,"column":11},"end":{"line":371,"column":12}},"type":"cond-expr","locations":[{"start":{"line":366,"column":8},"end":{"line":368,"column":18}},{"start":{"line":369,"column":8},"end":{"line":371,"column":12}}],"line":365},"54":{"loc":{"start":{"line":366,"column":8},"end":{"line":368,"column":18}},"type":"cond-expr","locations":[{"start":{"line":367,"column":10},"end":{"line":367,"column":12}},{"start":{"line":368,"column":10},"end":{"line":368,"column":18}}],"line":366},"55":{"loc":{"start":{"line":366,"column":8},"end":{"line":366,"column":32}},"type":"binary-expr","locations":[{"start":{"line":366,"column":8},"end":{"line":366,"column":18}},{"start":{"line":366,"column":22},"end":{"line":366,"column":32}}],"line":366},"56":{"loc":{"start":{"line":369,"column":8},"end":{"line":371,"column":12}},"type":"cond-expr","locations":[{"start":{"line":370,"column":10},"end":{"line":370,"column":18}},{"start":{"line":371,"column":10},"end":{"line":371,"column":12}}],"line":369},"57":{"loc":{"start":{"line":376,"column":4},"end":{"line":381,"column":5}},"type":"if","locations":[{"start":{"line":376,"column":4},"end":{"line":381,"column":5}},{"start":{},"end":{}}],"line":376},"58":{"loc":{"start":{"line":385,"column":4},"end":{"line":393,"column":5}},"type":"if","locations":[{"start":{"line":385,"column":4},"end":{"line":393,"column":5}},{"start":{},"end":{}}],"line":385},"59":{"loc":{"start":{"line":385,"column":8},"end":{"line":385,"column":60}},"type":"binary-expr","locations":[{"start":{"line":385,"column":8},"end":{"line":385,"column":37}},{"start":{"line":385,"column":41},"end":{"line":385,"column":60}}],"line":385},"60":{"loc":{"start":{"line":386,"column":35},"end":{"line":386,"column":59}},"type":"cond-expr","locations":[{"start":{"line":386,"column":51},"end":{"line":386,"column":54}},{"start":{"line":386,"column":57},"end":{"line":386,"column":59}}],"line":386},"61":{"loc":{"start":{"line":388,"column":8},"end":{"line":390,"column":58}},"type":"cond-expr","locations":[{"start":{"line":389,"column":12},"end":{"line":389,"column":25}},{"start":{"line":390,"column":12},"end":{"line":390,"column":58}}],"line":388},"62":{"loc":{"start":{"line":395,"column":4},"end":{"line":401,"column":5}},"type":"if","locations":[{"start":{"line":395,"column":4},"end":{"line":401,"column":5}},{"start":{},"end":{}}],"line":395},"63":{"loc":{"start":{"line":423,"column":8},"end":{"line":423,"column":70}},"type":"binary-expr","locations":[{"start":{"line":423,"column":8},"end":{"line":423,"column":65}},{"start":{"line":423,"column":69},"end":{"line":423,"column":70}}],"line":423},"64":{"loc":{"start":{"line":424,"column":19},"end":{"line":424,"column":28}},"type":"binary-expr","locations":[{"start":{"line":424,"column":19},"end":{"line":424,"column":23}},{"start":{"line":424,"column":27},"end":{"line":424,"column":28}}],"line":424},"65":{"loc":{"start":{"line":425,"column":6},"end":{"line":430,"column":7}},"type":"if","locations":[{"start":{"line":425,"column":6},"end":{"line":430,"column":7}},{"start":{},"end":{}}],"line":425},"66":{"loc":{"start":{"line":425,"column":28},"end":{"line":425,"column":37}},"type":"binary-expr","locations":[{"start":{"line":425,"column":28},"end":{"line":425,"column":32}},{"start":{"line":425,"column":36},"end":{"line":425,"column":37}}],"line":425},"67":{"loc":{"start":{"line":426,"column":23},"end":{"line":426,"column":40}},"type":"binary-expr","locations":[{"start":{"line":426,"column":23},"end":{"line":426,"column":34}},{"start":{"line":426,"column":38},"end":{"line":426,"column":40}}],"line":426},"68":{"loc":{"start":{"line":441,"column":32},"end":{"line":443,"column":16}},"type":"cond-expr","locations":[{"start":{"line":442,"column":8},"end":{"line":442,"column":42}},{"start":{"line":443,"column":8},"end":{"line":443,"column":16}}],"line":441},"69":{"loc":{"start":{"line":449,"column":6},"end":{"line":452,"column":7}},"type":"if","locations":[{"start":{"line":449,"column":6},"end":{"line":452,"column":7}},{"start":{},"end":{}}],"line":449},"70":{"loc":{"start":{"line":464,"column":8},"end":{"line":466,"column":34}},"type":"cond-expr","locations":[{"start":{"line":465,"column":12},"end":{"line":465,"column":38}},{"start":{"line":466,"column":12},"end":{"line":466,"column":34}}],"line":464},"71":{"loc":{"start":{"line":464,"column":8},"end":{"line":464,"column":44}},"type":"binary-expr","locations":[{"start":{"line":464,"column":8},"end":{"line":464,"column":15}},{"start":{"line":464,"column":19},"end":{"line":464,"column":44}}],"line":464},"72":{"loc":{"start":{"line":468,"column":20},"end":{"line":468,"column":56}},"type":"binary-expr","locations":[{"start":{"line":468,"column":20},"end":{"line":468,"column":27}},{"start":{"line":468,"column":31},"end":{"line":468,"column":56}}],"line":468},"73":{"loc":{"start":{"line":477,"column":16},"end":{"line":477,"column":34}},"type":"binary-expr","locations":[{"start":{"line":477,"column":16},"end":{"line":477,"column":20}},{"start":{"line":477,"column":24},"end":{"line":477,"column":34}}],"line":477},"74":{"loc":{"start":{"line":478,"column":8},"end":{"line":478,"column":58}},"type":"cond-expr","locations":[{"start":{"line":478,"column":23},"end":{"line":478,"column":27}},{"start":{"line":478,"column":30},"end":{"line":478,"column":58}}],"line":478},"75":{"loc":{"start":{"line":485,"column":30},"end":{"line":485,"column":60}},"type":"default-arg","locations":[{"start":{"line":485,"column":42},"end":{"line":485,"column":60}}],"line":485},"76":{"loc":{"start":{"line":496,"column":6},"end":{"line":496,"column":47}},"type":"binary-expr","locations":[{"start":{"line":496,"column":6},"end":{"line":496,"column":23}},{"start":{"line":496,"column":28},"end":{"line":496,"column":46}}],"line":496},"77":{"loc":{"start":{"line":501,"column":6},"end":{"line":505,"column":7}},"type":"if","locations":[{"start":{"line":501,"column":6},"end":{"line":505,"column":7}},{"start":{},"end":{}}],"line":501}},"s":{"0":1,"1":1,"2":0,"3":0,"4":0,"5":0,"6":0,"7":0,"8":0,"9":0,"10":0,"11":0,"12":0,"13":0,"14":0,"15":0,"16":0,"17":0,"18":0,"19":0,"20":0,"21":0,"22":0,"23":0,"24":0,"25":0,"26":0,"27":0,"28":0,"29":0,"30":0,"31":1,"32":1,"33":0,"34":0,"35":0,"36":0,"37":0,"38":0,"39":0,"40":0,"41":0,"42":0,"43":0,"44":0,"45":0,"46":0,"47":0,"48":0,"49":0,"50":0,"51":0,"52":0,"53":0,"54":0,"55":0,"56":0,"57":0,"58":0,"59":0,"60":0,"61":0,"62":0,"63":0,"64":0,"65":0,"66":0,"67":0,"68":0,"69":0,"70":0,"71":0,"72":0,"73":0,"74":0,"75":0,"76":0,"77":0,"78":0,"79":0,"80":0,"81":0,"82":0,"83":0,"84":0,"85":0,"86":0,"87":0,"88":0,"89":0,"90":0,"91":0,"92":0,"93":0,"94":0,"95":0,"96":0,"97":0,"98":0,"99":0,"100":0,"101":0,"102":0,"103":0,"104":0,"105":0,"106":0,"107":0,"108":0,"109":0,"110":0,"111":0,"112":0,"113":0,"114":0,"115":0,"116":0,"117":0,"118":0,"119":0,"120":0,"121":0,"122":0,"123":0,"124":0,"125":0,"126":0,"127":0,"128":0,"129":0,"130":0,"131":0,"132":0,"133":0,"134":0,"135":0,"136":0,"137":0,"138":0,"139":0,"140":0,"141":0,"142":0,"143":0,"144":0,"145":0,"146":0,"147":0,"148":0,"149":0,"150":0,"151":0,"152":0,"153":0,"154":0,"155":0,"156":0,"157":0,"158":0,"159":0,"160":0,"161":0,"162":0,"163":0,"164":0,"165":0,"166":0,"167":0,"168":0,"169":0,"170":0,"171":0,"172":0,"173":0,"174":0,"175":0,"176":0,"177":0,"178":0,"179":0,"180":0,"181":0,"182":0,"183":0,"184":0,"185":0,"186":0,"187":0,"188":0,"189":0,"190":0,"191":0,"192":0,"193":0,"194":0,"195":0,"196":0,"197":0,"198":0,"199":0,"200":0,"201":0,"202":0,"203":0,"204":0,"205":0,"206":0,"207":0,"208":0,"209":0,"210":0,"211":0,"212":0,"213":0,"214":1,"215":1,"216":1,"217":1,"218":1,"219":1,"220":1,"221":1,"222":1,"223":1,"224":1,"225":1,"226":1,"227":1,"228":1,"229":1,"230":1,"231":1,"232":1,"233":1,"234":1,"235":1,"236":1,"237":1,"238":1,"239":1,"240":1,"241":1,"242":1,"243":1,"244":1,"245":1,"246":1,"247":1,"248":1,"249":1,"250":1,"251":1,"252":1,"253":1,"254":1,"255":1,"256":1,"257":1,"258":1,"259":1,"260":1,"261":1},"f":{"0":0,"1":0,"2":0,"3":0,"4":0,"5":1,"6":0,"7":0,"8":0,"9":0,"10":0,"11":0,"12":0,"13":0,"14":0,"15":0,"16":0,"17":0,"18":0,"19":0,"20":0,"21":0,"22":0,"23":0,"24":0,"25":0,"26":0,"27":0,"28":0,"29":0,"30":0,"31":0,"32":0,"33":0,"34":0,"35":0,"36":0,"37":0,"38":0,"39":0,"40":0,"41":0,"42":0,"43":0,"44":0,"45":0,"46":0,"47":0,"48":0,"49":0,"50":0},"b":{"0":[0,0],"1":[0,0],"2":[0],"3":[0,0],"4":[0,0],"5":[0,0],"6":[0],"7":[0,0],"8":[0,0],"9":[0,0],"10":[0,0],"11":[0,0],"12":[0,0],"13":[0,0],"14":[0,0],"15":[0,0],"16":[0,0],"17":[0,0],"18":[0,0],"19":[0,0],"20":[0,0],"21":[0,0],"22":[0],"23":[0,0],"24":[0,0],"25":[0,0],"26":[0,0],"27":[0,0],"28":[0,0],"29":[0,0],"30":[0,0],"31":[0,0],"32":[0,0],"33":[0,0],"34":[0,0],"35":[0,0],"36":[0],"37":[0],"38":[0,0],"39":[0],"40":[0,0],"41":[0],"42":[0],"43":[0],"44":[0,0],"45":[0,0],"46":[0],"47":[0,0],"48":[0,0],"49":[0,0],"50":[0,0],"51":[0,0],"52":[0,0],"53":[0,0],"54":[0,0],"55":[0,0],"56":[0,0],"57":[0,0],"58":[0,0],"59":[0,0],"60":[0,0],"61":[0,0],"62":[0,0],"63":[0,0],"64":[0,0],"65":[0,0],"66":[0,0],"67":[0,0],"68":[0,0],"69":[0,0],"70":[0,0],"71":[0,0],"72":[0,0],"73":[0,0],"74":[0,0],"75":[0],"76":[0,0],"77":[0,0]},"_coverageSchema":"1a1c01bbd47fc00a2c39e90264f33305004495a9","hash":"fc49ebe080f827bfd38ca46d15a51e846fa06b6c"}
,"C:\\Users\\Asus\\Desktop\\previous11-v\\types\\game.d.ts": {"path":"C:\\Users\\Asus\\Desktop\\previous11-v\\types\\game.d.ts","statementMap":{},"fnMap":{},"branchMap":{},"s":{},"f":{},"b":{},"_coverageSchema":"1a1c01bbd47fc00a2c39e90264f33305004495a9","hash":"5903955cd5883d1772141d1b938d8e3e1e5532e0"}
,"C:\\Users\\Asus\\Desktop\\previous11-v\\types\\general.d.ts": {"path":"C:\\Users\\Asus\\Desktop\\previous11-v\\types\\general.d.ts","statementMap":{},"fnMap":{},"branchMap":{},"s":{},"f":{},"b":{},"_coverageSchema":"1a1c01bbd47fc00a2c39e90264f33305004495a9","hash":"b34536a65146df1c30ca7f083c99f20619f43da9"}
,"C:\\Users\\Asus\\Desktop\\previous11-v\\types\\index.ts": {"path":"C:\\Users\\Asus\\Desktop\\previous11-v\\types\\index.ts","statementMap":{},"fnMap":{},"branchMap":{},"s":{},"f":{},"b":{},"_coverageSchema":"1a1c01bbd47fc00a2c39e90264f33305004495a9","hash":"f6ec1cd2471251db2a6f8de0074762575cad0db7"}
,"C:\\Users\\Asus\\Desktop\\previous11-v\\types\\report.d.ts": {"path":"C:\\Users\\Asus\\Desktop\\previous11-v\\types\\report.d.ts","statementMap":{},"fnMap":{},"branchMap":{},"s":{},"f":{},"b":{},"_coverageSchema":"1a1c01bbd47fc00a2c39e90264f33305004495a9","hash":"f08118337d83399aa91f7acac10bb1e460715bea"}
}
