TN:
SF:assets\images\logo_black.png
FNF:0
FNH:0
DA:1,1
LF:1
LH:1
BRF:0
BRH:0
end_of_record
TN:
SF:src\assets\images\bg_corner_splash.png
FNF:0
FNH:0
DA:1,1
LF:1
LH:1
BRF:0
BRH:0
end_of_record
TN:
SF:src\components\EventModals\helpers\index.ts
FN:7,(anonymous_0)
FN:38,(anonymous_1)
FN:71,(anonymous_2)
FN:78,(anonymous_3)
FN:84,(anonymous_4)
FN:89,(anonymous_5)
FN:106,(anonymous_6)
FN:111,(anonymous_7)
FN:118,(anonymous_8)
FN:119,(anonymous_9)
FN:129,(anonymous_10)
FNF:11
FNH:0
FNDA:0,(anonymous_0)
FNDA:0,(anonymous_1)
FNDA:0,(anonymous_2)
FNDA:0,(anonymous_3)
FNDA:0,(anonymous_4)
FNDA:0,(anonymous_5)
FNDA:0,(anonymous_6)
FNDA:0,(anonymous_7)
FNDA:0,(anonymous_8)
FNDA:0,(anonymous_9)
FNDA:0,(anonymous_10)
DA:7,1
DA:8,0
DA:10,0
DA:12,0
DA:14,0
DA:16,0
DA:18,0
DA:20,0
DA:22,0
DA:24,0
DA:26,0
DA:28,0
DA:30,0
DA:32,0
DA:34,0
DA:38,1
DA:39,0
DA:41,0
DA:43,0
DA:45,0
DA:47,0
DA:49,0
DA:51,0
DA:53,0
DA:55,0
DA:57,0
DA:59,0
DA:61,0
DA:63,0
DA:65,0
DA:67,0
DA:71,1
DA:77,0
DA:78,0
DA:82,0
DA:84,0
DA:85,0
DA:89,0
DA:90,0
DA:91,0
DA:97,0
DA:98,0
DA:100,0
DA:101,0
DA:105,0
DA:106,0
DA:110,0
DA:111,0
DA:115,0
DA:117,0
DA:119,0
DA:123,0
DA:126,0
DA:129,1
DA:133,0
DA:143,0
DA:144,0
LF:57
LH:4
BRDA:8,0,0,0
BRDA:8,0,1,0
BRDA:8,0,2,0
BRDA:8,0,3,0
BRDA:8,0,4,0
BRDA:8,0,5,0
BRDA:8,0,6,0
BRDA:8,0,7,0
BRDA:8,0,8,0
BRDA:8,0,9,0
BRDA:8,0,10,0
BRDA:8,0,11,0
BRDA:8,0,12,0
BRDA:39,1,0,0
BRDA:39,1,1,0
BRDA:39,1,2,0
BRDA:39,1,3,0
BRDA:39,1,4,0
BRDA:39,1,5,0
BRDA:39,1,6,0
BRDA:39,1,7,0
BRDA:39,1,8,0
BRDA:39,1,9,0
BRDA:39,1,10,0
BRDA:39,1,11,0
BRDA:39,1,12,0
BRDA:39,1,13,0
BRDA:82,2,0,0
BRDA:82,2,1,0
BRDA:85,3,0,0
BRDA:85,3,1,0
BRDA:85,3,2,0
BRDA:90,4,0,0
BRDA:90,4,1,0
BRDA:92,5,0,0
BRDA:92,5,1,0
BRDA:93,6,0,0
BRDA:93,6,1,0
BRDA:100,7,0,0
BRDA:100,7,1,0
BRDA:100,8,0,0
BRDA:100,8,1,0
BRDA:102,9,0,0
BRDA:102,9,1,0
BRDA:143,10,0,0
BRDA:143,10,1,0
BRF:46
BRH:0
end_of_record
TN:
SF:src\components\EventModals\types\index.ts
FN:61,(anonymous_0)
FN:67,(anonymous_1)
FNF:2
FNH:2
FNDA:5,(anonymous_0)
FNDA:14,(anonymous_1)
DA:3,1
DA:9,1
DA:25,1
DA:33,1
DA:50,1
DA:55,1
DA:60,1
DA:62,5
DA:66,1
DA:68,14
LF:10
LH:10
BRF:0
BRH:0
end_of_record
TN:
SF:src\components\common\ButtonNew.tsx
FN:24,ButtonNew
FNF:1
FNH:1
FNDA:22,ButtonNew
DA:33,22
DA:65,1
LF:2
LH:2
BRDA:26,0,0,11
BRDA:38,1,0,11
BRDA:38,1,1,11
BRDA:39,2,0,22
BRDA:39,2,1,22
BRDA:40,3,0,22
BRDA:40,3,1,0
BRDA:42,4,0,22
BRDA:42,4,1,22
BRDA:45,5,0,22
BRDA:45,5,1,0
BRDA:50,6,0,11
BRDA:50,6,1,11
BRDA:51,7,0,22
BRDA:51,7,1,11
BRDA:52,8,0,22
BRDA:52,8,1,0
BRF:17
BRH:14
end_of_record
TN:
SF:src\components\common\OverlayLoader.tsx
FN:13,(anonymous_0)
FNF:1
FNH:1
FNDA:11,(anonymous_0)
DA:13,1
DA:19,11
DA:20,10
DA:23,1
DA:24,0
DA:27,1
LF:6
LH:5
BRDA:14,0,0,0
BRDA:15,1,0,11
BRDA:16,2,0,11
BRDA:17,3,0,11
BRDA:19,4,0,10
BRDA:19,4,1,1
BRDA:23,5,0,0
BRDA:23,5,1,1
BRF:8
BRH:6
end_of_record
TN:
SF:src\converters\auth.ts
FN:38,(anonymous_0)
FN:43,(anonymous_1)
FNF:2
FNH:0
FNDA:0,(anonymous_0)
FNDA:0,(anonymous_1)
DA:37,1
DA:39,0
DA:47,0
DA:48,0
LF:4
LH:1
BRF:0
BRH:0
end_of_record
TN:
SF:src\converters\club.ts
FN:52,(anonymous_0)
FN:57,(anonymous_1)
FNF:2
FNH:0
FNDA:0,(anonymous_0)
FNDA:0,(anonymous_1)
DA:51,1
DA:53,0
DA:61,0
DA:62,0
LF:4
LH:1
BRDA:78,0,0,0
BRDA:78,0,1,0
BRDA:79,1,0,0
BRDA:79,1,1,0
BRDA:80,2,0,0
BRDA:80,2,1,0
BRDA:81,3,0,0
BRDA:81,3,1,0
BRDA:82,4,0,0
BRDA:82,4,1,0
BRDA:83,5,0,0
BRDA:83,5,1,0
BRDA:84,6,0,0
BRDA:84,6,1,0
BRF:14
BRH:0
end_of_record
TN:
SF:src\converters\game.ts
FN:8,(anonymous_0)
FN:16,(anonymous_1)
FN:29,(anonymous_2)
FN:47,(anonymous_3)
FN:55,(anonymous_4)
FNF:5
FNH:0
FNDA:0,(anonymous_0)
FNDA:0,(anonymous_1)
FNDA:0,(anonymous_2)
FNDA:0,(anonymous_3)
FNDA:0,(anonymous_4)
DA:7,1
DA:9,0
DA:10,0
DA:12,0
DA:16,0
DA:17,0
DA:18,0
DA:22,0
DA:30,0
DA:31,0
DA:34,0
DA:37,0
DA:48,0
DA:49,0
DA:57,0
LF:15
LH:1
BRDA:10,0,0,0
BRDA:10,0,1,0
BRDA:13,1,0,0
BRDA:13,1,1,0
BRDA:17,2,0,0
BRDA:17,2,1,0
BRDA:30,3,0,0
BRDA:30,3,1,0
BRDA:48,4,0,0
BRDA:48,4,1,0
BRF:10
BRH:0
end_of_record
TN:
SF:src\converters\index.ts
FNF:0
FNH:0
LF:0
LH:0
BRF:0
BRH:0
end_of_record
TN:
SF:src\converters\player.ts
FN:27,(anonymous_0)
FN:29,(anonymous_1)
FN:38,(anonymous_2)
FNF:3
FNH:0
FNDA:0,(anonymous_0)
FNDA:0,(anonymous_1)
FNDA:0,(anonymous_2)
DA:26,1
DA:29,0
DA:30,0
DA:31,0
DA:34,0
DA:39,0
DA:40,0
LF:7
LH:1
BRDA:30,0,0,0
BRDA:30,0,1,0
BRDA:42,1,0,0
BRDA:42,1,1,0
BRDA:43,2,0,0
BRDA:43,2,1,0
BRDA:47,3,0,0
BRDA:47,3,1,0
BRDA:48,4,0,0
BRDA:48,4,1,0
BRDA:49,5,0,0
BRDA:49,5,1,0
BRDA:50,6,0,0
BRDA:50,6,1,0
BRDA:51,7,0,0
BRDA:51,7,1,0
BRDA:52,8,0,0
BRDA:52,8,1,0
BRDA:53,9,0,0
BRDA:53,9,1,0
BRDA:54,10,0,0
BRDA:54,10,1,0
BRDA:55,11,0,0
BRDA:55,11,1,0
BRDA:56,12,0,0
BRDA:56,12,1,0
BRDA:57,13,0,0
BRDA:57,13,1,0
BRF:28
BRH:0
end_of_record
TN:
SF:src\converters\userProfile.ts
FN:37,(anonymous_0)
FN:42,(anonymous_1)
FNF:2
FNH:0
FNDA:0,(anonymous_0)
FNDA:0,(anonymous_1)
DA:36,1
DA:38,0
DA:46,0
DA:47,0
LF:4
LH:1
BRF:0
BRH:0
end_of_record
TN:
SF:src\helpers\api.ts
FN:17,(anonymous_0)
FN:19,(anonymous_1)
FN:23,(anonymous_2)
FN:27,(anonymous_3)
FN:32,(anonymous_4)
FN:34,(anonymous_5)
FN:36,(anonymous_6)
FN:38,(anonymous_7)
FN:49,(anonymous_8)
FN:51,(anonymous_9)
FN:53,(anonymous_10)
FN:60,(anonymous_11)
FN:67,(anonymous_12)
FNF:13
FNH:1
FNDA:1,(anonymous_0)
FNDA:0,(anonymous_1)
FNDA:0,(anonymous_2)
FNDA:0,(anonymous_3)
FNDA:0,(anonymous_4)
FNDA:0,(anonymous_5)
FNDA:0,(anonymous_6)
FNDA:0,(anonymous_7)
FNDA:0,(anonymous_8)
FNDA:0,(anonymous_9)
FNDA:0,(anonymous_10)
FNDA:0,(anonymous_11)
FNDA:0,(anonymous_12)
DA:16,1
DA:18,1
DA:20,0
DA:24,0
DA:28,0
DA:33,0
DA:35,0
DA:37,0
DA:43,0
DA:50,0
DA:52,0
DA:54,0
DA:60,1
DA:66,0
DA:67,0
DA:68,0
DA:69,0
DA:70,0
DA:71,0
DA:72,0
DA:73,0
DA:75,0
DA:76,0
LF:23
LH:3
BRDA:17,0,0,0
BRDA:45,1,0,0
BRDA:45,1,1,0
BRDA:46,2,0,0
BRDA:46,2,1,0
BRDA:46,3,0,0
BRDA:46,3,1,0
BRDA:64,4,0,0
BRDA:69,5,0,0
BRDA:69,5,1,0
BRDA:72,6,0,0
BRDA:72,6,1,0
BRF:12
BRH:0
end_of_record
TN:
SF:src\helpers\api_endpoints.ts
FN:17,(anonymous_0)
FN:31,(anonymous_1)
FN:33,(anonymous_2)
FN:35,(anonymous_3)
FN:37,(anonymous_4)
FN:39,(anonymous_5)
FN:42,(anonymous_6)
FNF:7
FNH:2
FNDA:1,(anonymous_0)
FNDA:0,(anonymous_1)
FNDA:0,(anonymous_2)
FNDA:0,(anonymous_3)
FNDA:0,(anonymous_4)
FNDA:0,(anonymous_5)
FNDA:1,(anonymous_6)
DA:4,1
DA:6,1
DA:8,1
DA:17,1
DA:18,1
DA:19,1
DA:20,1
DA:21,1
DA:24,1
DA:32,0
DA:34,0
DA:36,0
DA:38,0
DA:40,0
DA:43,1
LF:15
LH:10
BRDA:4,0,0,1
BRDA:4,0,1,1
BRDA:9,1,0,0
BRDA:9,1,1,1
BRDA:12,2,0,1
BRDA:12,2,1,0
BRDA:18,3,0,0
BRDA:18,3,1,1
BRDA:19,4,0,0
BRDA:19,4,1,1
BRDA:26,5,0,0
BRDA:26,5,1,1
BRDA:42,6,0,0
BRF:13
BRH:7
end_of_record
TN:
SF:src\helpers\firestoreService.ts
FN:24,(anonymous_0)
FN:27,(anonymous_1)
FN:34,(anonymous_2)
FN:37,(anonymous_3)
FN:40,(anonymous_4)
FN:45,(anonymous_5)
FN:52,(anonymous_6)
FN:59,(anonymous_7)
FN:62,(anonymous_8)
FN:72,(anonymous_9)
FN:78,(anonymous_10)
FN:84,(anonymous_11)
FN:97,getClub
FN:101,(anonymous_13)
FN:109,(anonymous_14)
FN:117,(anonymous_15)
FN:120,(anonymous_16)
FN:146,getCollectionOfTeam
FN:153,(anonymous_18)
FN:174,(anonymous_19)
FN:181,getGames
FN:187,getPlayers
FN:204,(anonymous_22)
FN:224,(anonymous_23)
FN:226,(anonymous_24)
FN:229,(anonymous_25)
FN:251,getConfigData
FN:260,(anonymous_27)
FN:267,updatePlayer
FN:274,addPlayer
FN:285,getGamesRef
FN:291,createGame
FN:309,(anonymous_32)
FN:318,(anonymous_33)
FN:324,(anonymous_34)
FN:334,(anonymous_35)
FN:340,(anonymous_36)
FN:354,(anonymous_37)
FN:389,(anonymous_38)
FN:401,(anonymous_39)
FN:411,(anonymous_40)
FN:412,(anonymous_41)
FN:420,(anonymous_42)
FN:426,(anonymous_43)
FN:434,(anonymous_44)
FN:437,(anonymous_45)
FN:440,(anonymous_46)
FNF:47
FNH:0
FNDA:0,(anonymous_0)
FNDA:0,(anonymous_1)
FNDA:0,(anonymous_2)
FNDA:0,(anonymous_3)
FNDA:0,(anonymous_4)
FNDA:0,(anonymous_5)
FNDA:0,(anonymous_6)
FNDA:0,(anonymous_7)
FNDA:0,(anonymous_8)
FNDA:0,(anonymous_9)
FNDA:0,(anonymous_10)
FNDA:0,(anonymous_11)
FNDA:0,getClub
FNDA:0,(anonymous_13)
FNDA:0,(anonymous_14)
FNDA:0,(anonymous_15)
FNDA:0,(anonymous_16)
FNDA:0,getCollectionOfTeam
FNDA:0,(anonymous_18)
FNDA:0,(anonymous_19)
FNDA:0,getGames
FNDA:0,getPlayers
FNDA:0,(anonymous_22)
FNDA:0,(anonymous_23)
FNDA:0,(anonymous_24)
FNDA:0,(anonymous_25)
FNDA:0,getConfigData
FNDA:0,(anonymous_27)
FNDA:0,updatePlayer
FNDA:0,addPlayer
FNDA:0,getGamesRef
FNDA:0,createGame
FNDA:0,(anonymous_32)
FNDA:0,(anonymous_33)
FNDA:0,(anonymous_34)
FNDA:0,(anonymous_35)
FNDA:0,(anonymous_36)
FNDA:0,(anonymous_37)
FNDA:0,(anonymous_38)
FNDA:0,(anonymous_39)
FNDA:0,(anonymous_40)
FNDA:0,(anonymous_41)
FNDA:0,(anonymous_42)
FNDA:0,(anonymous_43)
FNDA:0,(anonymous_44)
FNDA:0,(anonymous_45)
FNDA:0,(anonymous_46)
DA:22,1
DA:24,1
DA:27,0
DA:28,0
DA:30,0
DA:34,1
DA:35,0
DA:38,0
DA:41,0
DA:45,1
DA:48,0
DA:53,0
DA:54,0
DA:55,0
DA:57,0
DA:59,0
DA:62,1
DA:66,0
DA:73,0
DA:74,0
DA:76,0
DA:79,0
DA:80,0
DA:84,1
DA:89,0
DA:98,0
DA:101,1
DA:105,0
DA:106,0
DA:109,1
DA:113,0
DA:114,0
DA:115,0
DA:118,0
DA:121,0
DA:122,0
DA:151,0
DA:152,0
DA:153,0
DA:154,0
DA:156,0
DA:157,0
DA:159,0
DA:162,0
DA:167,0
DA:174,0
DA:184,0
DA:190,0
DA:204,1
DA:218,0
DA:224,0
DA:225,0
DA:226,0
DA:227,0
DA:229,0
DA:230,0
DA:231,0
DA:233,0
DA:234,0
DA:235,0
DA:238,0
DA:239,0
DA:240,0
DA:241,0
DA:242,0
DA:245,0
DA:246,0
DA:248,0
DA:254,0
DA:256,0
DA:257,0
DA:259,0
DA:260,0
DA:261,0
DA:264,0
DA:271,0
DA:278,0
DA:280,0
DA:282,0
DA:288,0
DA:295,0
DA:303,0
DA:304,0
DA:306,0
DA:309,1
DA:313,0
DA:314,0
DA:315,0
DA:318,1
DA:322,0
DA:324,0
DA:325,0
DA:326,0
DA:327,0
DA:330,0
DA:334,1
DA:338,0
DA:339,0
DA:340,0
DA:341,0
DA:342,0
DA:343,0
DA:344,0
DA:350,0
DA:351,0
DA:354,1
DA:360,0
DA:363,0
DA:366,0
DA:367,0
DA:373,0
DA:375,0
DA:376,0
DA:377,0
DA:389,1
DA:393,0
DA:401,1
DA:405,0
DA:408,0
DA:412,0
DA:413,0
DA:416,0
DA:420,1
DA:424,0
DA:426,0
DA:427,0
DA:428,0
DA:431,0
DA:434,1
DA:435,0
DA:437,0
DA:440,1
DA:444,0
DA:445,0
LF:134
LH:18
BRDA:53,0,0,0
BRDA:53,0,1,0
BRDA:73,1,0,0
BRDA:73,1,1,0
BRDA:114,2,0,0
BRDA:114,2,1,0
BRDA:114,3,0,0
BRDA:114,3,1,0
BRDA:156,4,0,0
BRDA:156,4,1,0
BRDA:162,5,0,0
BRDA:162,5,1,0
BRDA:163,6,0,0
BRDA:163,6,1,0
BRDA:163,6,2,0
BRDA:242,7,0,0
BRDA:242,7,1,0
BRDA:256,8,0,0
BRDA:256,8,1,0
BRDA:256,9,0,0
BRDA:256,9,1,0
BRDA:357,10,0,0
BRDA:360,11,0,0
BRDA:360,11,1,0
BRDA:366,12,0,0
BRDA:366,12,1,0
BRF:26
BRH:0
end_of_record
TN:
SF:src\player-app\screens\Auth\Login.tsx
FN:40,(anonymous_0)
FN:49,(anonymous_1)
FN:59,(anonymous_2)
FN:61,(anonymous_3)
FN:71,(anonymous_4)
FN:72,(anonymous_5)
FN:78,(anonymous_6)
FN:86,(anonymous_7)
FN:94,(anonymous_8)
FN:97,(anonymous_9)
FN:123,(anonymous_10)
FN:127,(anonymous_11)
FN:176,(anonymous_12)
FN:208,(anonymous_13)
FNF:14
FNH:6
FNDA:11,(anonymous_0)
FNDA:5,(anonymous_1)
FNDA:5,(anonymous_2)
FNDA:0,(anonymous_3)
FNDA:0,(anonymous_4)
FNDA:0,(anonymous_5)
FNDA:2,(anonymous_6)
FNDA:1,(anonymous_7)
FNDA:0,(anonymous_8)
FNDA:0,(anonymous_9)
FNDA:0,(anonymous_10)
FNDA:0,(anonymous_11)
FNDA:1,(anonymous_12)
FNDA:0,(anonymous_13)
DA:40,1
DA:41,11
DA:42,11
DA:43,11
DA:44,11
DA:45,11
DA:46,11
DA:47,11
DA:49,11
DA:50,5
DA:51,0
DA:52,0
DA:54,5
DA:55,0
DA:59,11
DA:60,5
DA:61,0
DA:62,0
DA:63,0
DA:71,0
DA:72,0
DA:73,0
DA:78,11
DA:79,2
DA:80,1
DA:81,1
DA:82,0
DA:84,1
DA:85,1
DA:87,1
DA:89,1
DA:90,1
DA:95,0
DA:97,0
DA:99,0
DA:100,0
DA:105,0
DA:106,0
DA:109,0
DA:110,0
DA:120,0
DA:124,0
DA:125,0
DA:127,0
DA:131,11
DA:176,1
DA:208,0
DA:223,1
LF:48
LH:25
BRDA:44,0,0,11
BRDA:44,0,1,0
BRDA:50,1,0,0
BRDA:50,1,1,5
BRDA:50,2,0,5
BRDA:50,2,1,0
BRDA:54,3,0,0
BRDA:54,3,1,5
BRDA:60,4,0,0
BRDA:60,4,1,5
BRDA:62,5,0,0
BRDA:62,5,1,0
BRDA:79,6,0,1
BRDA:79,6,1,1
BRDA:79,7,0,2
BRDA:79,7,1,2
BRDA:81,8,0,0
BRDA:81,8,1,1
BRDA:89,9,0,1
BRDA:89,9,1,0
BRDA:99,10,0,0
BRDA:99,10,1,0
BRDA:109,11,0,0
BRDA:109,11,1,0
BRDA:114,12,0,0
BRDA:114,12,1,0
BRDA:115,13,0,0
BRDA:115,13,1,0
BRDA:193,14,0,11
BRDA:193,14,1,11
BRF:30
BRH:13
end_of_record
TN:
SF:src\redux\storage.ts
FN:3,(anonymous_0)
FNF:1
FNH:1
FNDA:1,(anonymous_0)
DA:3,1
DA:4,1
DA:5,1
DA:7,0
LF:4
LH:3
BRDA:4,0,0,1
BRDA:4,0,1,0
BRF:2
BRH:1
end_of_record
TN:
SF:src\redux\store-player.ts
FN:53,(anonymous_0)
FN:70,(anonymous_1)
FN:85,(anonymous_2)
FN:99,(anonymous_3)
FNF:4
FNH:3
FNDA:3,(anonymous_0)
FNDA:2,(anonymous_1)
FNDA:0,(anonymous_2)
FNDA:1,(anonymous_3)
DA:32,1
DA:34,1
DA:40,1
DA:53,1
DA:54,3
DA:55,0
DA:56,0
DA:59,3
DA:62,1
DA:63,1
DA:64,1
DA:71,2
DA:72,0
DA:74,0
DA:76,2
DA:77,0
DA:80,2
DA:81,0
DA:82,0
DA:83,0
DA:84,0
DA:85,0
DA:87,0
DA:88,0
DA:97,1
DA:100,1
DA:107,1
DA:108,0
DA:110,1
DA:115,1
DA:119,1
DA:120,1
LF:32
LH:19
BRDA:54,0,0,0
BRDA:54,0,1,3
BRDA:71,1,0,0
BRDA:71,1,1,2
BRDA:76,2,0,0
BRDA:76,2,1,2
BRDA:80,3,0,0
BRDA:80,3,1,2
BRDA:87,4,0,0
BRDA:87,4,1,0
BRDA:107,5,0,0
BRDA:107,5,1,1
BRF:12
BRH:5
end_of_record
TN:
SF:src\redux\slices\authSlice.ts
FN:23,(anonymous_0)
FN:26,(anonymous_1)
FN:32,(anonymous_2)
FN:65,(anonymous_3)
FNF:4
FNH:1
FNDA:0,(anonymous_0)
FNDA:0,(anonymous_1)
FNDA:0,(anonymous_2)
FNDA:5,(anonymous_3)
DA:11,1
DA:18,1
DA:24,0
DA:27,0
DA:33,0
DA:60,1
DA:65,5
LF:7
LH:4
BRF:0
BRH:0
end_of_record
TN:
SF:src\redux\slices\clubsSlice.ts
FN:25,(anonymous_0)
FN:30,(anonymous_1)
FN:42,(anonymous_2)
FN:60,(anonymous_3)
FN:63,(anonymous_4)
FN:66,(anonymous_5)
FN:69,(anonymous_6)
FN:80,(anonymous_7)
FN:92,(anonymous_8)
FN:96,(anonymous_9)
FN:97,(anonymous_10)
FN:100,(anonymous_11)
FN:105,(anonymous_12)
FN:112,(anonymous_13)
FN:122,(anonymous_14)
FN:124,(anonymous_15)
FN:126,(anonymous_16)
FNF:17
FNH:2
FNDA:0,(anonymous_0)
FNDA:0,(anonymous_1)
FNDA:0,(anonymous_2)
FNDA:0,(anonymous_3)
FNDA:0,(anonymous_4)
FNDA:0,(anonymous_5)
FNDA:0,(anonymous_6)
FNDA:0,(anonymous_7)
FNDA:0,(anonymous_8)
FNDA:1,(anonymous_9)
FNDA:0,(anonymous_10)
FNDA:0,(anonymous_11)
FNDA:0,(anonymous_12)
FNDA:0,(anonymous_13)
FNDA:5,(anonymous_14)
FNDA:0,(anonymous_15)
FNDA:0,(anonymous_16)
DA:15,1
DA:23,1
DA:26,0
DA:27,0
DA:28,0
DA:29,0
DA:30,0
DA:31,0
DA:33,0
DA:35,0
DA:40,1
DA:43,0
DA:44,0
DA:46,0
DA:47,0
DA:50,0
DA:51,0
DA:55,1
DA:61,0
DA:64,0
DA:67,0
DA:73,0
DA:74,0
DA:79,0
DA:80,0
DA:81,0
DA:82,0
DA:87,0
DA:93,0
DA:97,1
DA:98,0
DA:100,1
DA:101,0
DA:102,0
DA:103,0
DA:105,1
DA:106,0
DA:107,0
DA:108,0
DA:112,1
DA:117,1
DA:122,1
DA:123,5
DA:124,1
DA:125,0
DA:126,1
LF:46
LH:13
BRDA:73,0,0,0
BRDA:73,0,1,0
BRDA:73,1,0,0
BRDA:73,1,1,0
BRDA:79,2,0,0
BRDA:79,2,1,0
BRDA:81,3,0,0
BRDA:81,3,1,0
BRF:8
BRH:0
end_of_record
TN:
SF:src\redux\slices\configSlice.ts
FN:12,(anonymous_0)
FN:31,(anonymous_1)
FN:72,(anonymous_2)
FN:75,(anonymous_3)
FN:83,(anonymous_4)
FN:84,(anonymous_5)
FN:87,(anonymous_6)
FN:92,(anonymous_7)
FN:102,(anonymous_8)
FN:108,(anonymous_9)
FN:112,(anonymous_10)
FN:113,(anonymous_11)
FNF:12
FNH:1
FNDA:0,(anonymous_0)
FNDA:0,(anonymous_1)
FNDA:0,(anonymous_2)
FNDA:0,(anonymous_3)
FNDA:1,(anonymous_4)
FNDA:0,(anonymous_5)
FNDA:0,(anonymous_6)
FNDA:0,(anonymous_7)
FNDA:0,(anonymous_8)
FNDA:0,(anonymous_9)
FNDA:0,(anonymous_10)
FNDA:0,(anonymous_11)
DA:10,1
DA:13,0
DA:14,0
DA:15,0
DA:16,0
DA:17,0
DA:20,0
DA:21,0
DA:22,0
DA:24,0
DA:29,1
DA:32,0
DA:33,0
DA:34,0
DA:35,0
DA:36,0
DA:40,0
DA:42,0
DA:44,0
DA:46,0
DA:58,1
DA:68,1
DA:73,0
DA:76,0
DA:79,0
DA:80,0
DA:84,1
DA:85,0
DA:87,1
DA:88,0
DA:89,0
DA:90,0
DA:92,1
DA:93,0
DA:94,0
DA:95,0
DA:100,1
DA:102,1
DA:106,0
DA:108,1
DA:109,0
DA:110,0
DA:112,0
DA:113,0
LF:44
LH:10
BRDA:22,0,0,0
BRDA:22,0,1,0
BRDA:76,1,0,0
BRDA:76,1,1,0
BRDA:95,2,0,0
BRDA:95,2,1,0
BRDA:110,3,0,0
BRDA:110,3,1,0
BRDA:112,4,0,0
BRDA:112,4,1,0
BRF:10
BRH:0
end_of_record
TN:
SF:src\redux\slices\deviceSlice.ts
FN:6,(anonymous_0)
FN:23,(anonymous_1)
FN:25,(anonymous_2)
FN:38,(anonymous_3)
FN:38,(anonymous_4)
FN:46,(anonymous_5)
FNF:6
FNH:1
FNDA:0,(anonymous_0)
FNDA:1,(anonymous_1)
FNDA:0,(anonymous_2)
FNDA:0,(anonymous_3)
FNDA:0,(anonymous_4)
FNDA:0,(anonymous_5)
DA:4,1
DA:7,0
DA:9,0
DA:10,0
DA:13,0
DA:17,1
DA:25,1
DA:27,0
DA:38,1
DA:39,0
DA:40,0
DA:46,1
LF:12
LH:5
BRDA:9,0,0,0
BRDA:9,0,1,0
BRF:2
BRH:0
end_of_record
TN:
SF:src\redux\slices\filterSlice.ts
FN:42,(anonymous_0)
FN:66,(anonymous_1)
FN:74,(anonymous_2)
FNF:3
FNH:0
FNDA:0,(anonymous_0)
FNDA:0,(anonymous_1)
FNDA:0,(anonymous_2)
DA:30,1
DA:38,1
DA:62,0
DA:64,0
DA:67,0
DA:73,1
DA:74,1
DA:90,0
LF:8
LH:4
BRDA:62,0,0,0
BRF:1
BRH:0
end_of_record
TN:
SF:src\redux\slices\gamesSlice.ts
FN:25,(anonymous_0)
FN:36,(anonymous_1)
FN:37,(anonymous_2)
FN:42,(anonymous_3)
FN:43,(anonymous_4)
FN:54,(anonymous_5)
FN:72,(anonymous_6)
FN:83,(anonymous_7)
FN:85,(anonymous_8)
FN:107,(anonymous_9)
FN:123,(anonymous_10)
FN:146,(anonymous_11)
FN:153,(anonymous_12)
FN:158,(anonymous_13)
FN:159,(anonymous_14)
FN:184,(anonymous_15)
FN:210,(anonymous_16)
FN:218,(anonymous_17)
FN:226,(anonymous_18)
FN:247,(anonymous_19)
FN:276,(anonymous_20)
FN:300,(anonymous_21)
FN:309,(anonymous_22)
FN:314,(anonymous_23)
FN:315,(anonymous_24)
FN:348,(anonymous_25)
FN:362,(anonymous_26)
FN:367,(anonymous_27)
FN:389,(anonymous_28)
FN:396,(anonymous_29)
FN:400,(anonymous_30)
FN:401,(anonymous_31)
FN:424,(anonymous_32)
FN:439,(anonymous_33)
FN:444,(anonymous_34)
FN:456,(anonymous_35)
FN:462,(anonymous_36)
FN:473,(anonymous_37)
FN:483,(anonymous_38)
FN:484,(anonymous_39)
FN:519,(anonymous_40)
FN:520,(anonymous_41)
FN:523,(anonymous_42)
FN:529,(anonymous_43)
FN:534,(anonymous_44)
FN:537,(anonymous_45)
FN:544,(anonymous_46)
FN:554,(anonymous_47)
FN:576,(anonymous_48)
FN:578,(anonymous_49)
FN:580,(anonymous_50)
FN:582,(anonymous_51)
FN:584,(anonymous_52)
FN:591,(anonymous_53)
FN:592,(anonymous_54)
FN:594,(anonymous_55)
FN:596,(anonymous_56)
FN:599,(anonymous_57)
FN:615,(anonymous_58)
FN:620,(anonymous_59)
FN:625,(anonymous_60)
FN:628,(anonymous_61)
FN:638,(anonymous_62)
FN:650,(anonymous_63)
FN:661,(anonymous_64)
FN:673,(anonymous_65)
FN:674,(anonymous_66)
FNF:67
FNH:1
FNDA:0,(anonymous_0)
FNDA:0,(anonymous_1)
FNDA:0,(anonymous_2)
FNDA:0,(anonymous_3)
FNDA:0,(anonymous_4)
FNDA:0,(anonymous_5)
FNDA:0,(anonymous_6)
FNDA:0,(anonymous_7)
FNDA:0,(anonymous_8)
FNDA:0,(anonymous_9)
FNDA:0,(anonymous_10)
FNDA:0,(anonymous_11)
FNDA:0,(anonymous_12)
FNDA:0,(anonymous_13)
FNDA:0,(anonymous_14)
FNDA:0,(anonymous_15)
FNDA:0,(anonymous_16)
FNDA:0,(anonymous_17)
FNDA:0,(anonymous_18)
FNDA:0,(anonymous_19)
FNDA:0,(anonymous_20)
FNDA:0,(anonymous_21)
FNDA:0,(anonymous_22)
FNDA:0,(anonymous_23)
FNDA:0,(anonymous_24)
FNDA:0,(anonymous_25)
FNDA:0,(anonymous_26)
FNDA:0,(anonymous_27)
FNDA:0,(anonymous_28)
FNDA:0,(anonymous_29)
FNDA:0,(anonymous_30)
FNDA:0,(anonymous_31)
FNDA:0,(anonymous_32)
FNDA:0,(anonymous_33)
FNDA:0,(anonymous_34)
FNDA:0,(anonymous_35)
FNDA:0,(anonymous_36)
FNDA:0,(anonymous_37)
FNDA:0,(anonymous_38)
FNDA:0,(anonymous_39)
FNDA:1,(anonymous_40)
FNDA:0,(anonymous_41)
FNDA:0,(anonymous_42)
FNDA:0,(anonymous_43)
FNDA:0,(anonymous_44)
FNDA:0,(anonymous_45)
FNDA:0,(anonymous_46)
FNDA:0,(anonymous_47)
FNDA:0,(anonymous_48)
FNDA:0,(anonymous_49)
FNDA:0,(anonymous_50)
FNDA:0,(anonymous_51)
FNDA:0,(anonymous_52)
FNDA:0,(anonymous_53)
FNDA:0,(anonymous_54)
FNDA:0,(anonymous_55)
FNDA:0,(anonymous_56)
FNDA:0,(anonymous_57)
FNDA:0,(anonymous_58)
FNDA:0,(anonymous_59)
FNDA:0,(anonymous_60)
FNDA:0,(anonymous_61)
FNDA:0,(anonymous_62)
FNDA:0,(anonymous_63)
FNDA:0,(anonymous_64)
FNDA:0,(anonymous_65)
FNDA:0,(anonymous_66)
DA:23,1
DA:26,0
DA:27,0
DA:28,0
DA:29,0
DA:30,0
DA:35,0
DA:36,0
DA:37,0
DA:39,0
DA:41,0
DA:42,0
DA:43,0
DA:52,1
DA:55,0
DA:56,0
DA:57,0
DA:58,0
DA:59,0
DA:62,0
DA:63,0
DA:65,0
DA:70,1
DA:73,0
DA:74,0
DA:76,0
DA:77,0
DA:81,0
DA:83,0
DA:84,0
DA:85,0
DA:89,0
DA:98,0
DA:99,0
DA:101,0
DA:105,1
DA:108,0
DA:109,0
DA:111,0
DA:112,0
DA:115,0
DA:117,0
DA:121,0
DA:122,0
DA:123,0
DA:127,0
DA:131,0
DA:133,0
DA:136,0
DA:140,0
DA:147,0
DA:152,0
DA:153,0
DA:157,0
DA:158,0
DA:160,0
DA:161,0
DA:162,0
DA:163,0
DA:164,0
DA:169,0
DA:173,0
DA:176,0
DA:178,0
DA:182,1
DA:185,0
DA:186,0
DA:187,0
DA:188,0
DA:189,0
DA:190,0
DA:193,0
DA:194,0
DA:195,0
DA:197,0
DA:201,0
DA:203,0
DA:204,0
DA:205,0
DA:206,0
DA:208,0
DA:210,0
DA:215,0
DA:216,0
DA:218,0
DA:223,0
DA:226,0
DA:229,0
DA:234,0
DA:235,0
DA:238,0
DA:239,0
DA:245,0
DA:246,0
DA:247,0
DA:251,0
DA:253,0
DA:258,0
DA:261,0
DA:269,0
DA:275,0
DA:276,0
DA:280,0
DA:285,0
DA:288,0
DA:290,0
DA:293,0
DA:295,0
DA:301,0
DA:308,0
DA:309,0
DA:313,0
DA:314,0
DA:316,0
DA:317,0
DA:318,0
DA:319,0
DA:320,0
DA:325,0
DA:329,0
DA:332,0
DA:338,0
DA:340,0
DA:341,0
DA:346,1
DA:349,0
DA:350,0
DA:351,0
DA:352,0
DA:353,0
DA:356,0
DA:358,0
DA:359,0
DA:360,0
DA:362,0
DA:364,0
DA:366,0
DA:367,0
DA:369,0
DA:372,0
DA:376,0
DA:378,0
DA:381,0
DA:383,0
DA:390,0
DA:395,0
DA:396,0
DA:399,0
DA:400,0
DA:402,0
DA:403,0
DA:404,0
DA:405,0
DA:406,0
DA:411,0
DA:415,0
DA:418,0
DA:422,1
DA:425,0
DA:426,0
DA:427,0
DA:428,0
DA:429,0
DA:432,0
DA:434,0
DA:435,0
DA:436,0
DA:437,0
DA:439,0
DA:441,0
DA:443,0
DA:444,0
DA:446,0
DA:449,0
DA:456,0
DA:460,1
DA:463,0
DA:464,0
DA:465,0
DA:466,0
DA:469,0
DA:471,0
DA:473,0
DA:482,1
DA:483,0
DA:485,0
DA:504,1
DA:520,1
DA:521,0
DA:523,1
DA:524,0
DA:525,0
DA:527,0
DA:529,1
DA:530,0
DA:531,0
DA:532,0
DA:534,1
DA:535,0
DA:537,1
DA:538,0
DA:539,0
DA:541,0
DA:542,0
DA:545,0
DA:554,1
DA:555,0
DA:556,0
DA:557,0
DA:569,1
DA:575,1
DA:576,0
DA:578,1
DA:580,1
DA:582,1
DA:583,0
DA:585,0
DA:591,1
DA:592,0
DA:594,1
DA:595,0
DA:596,0
DA:599,1
DA:600,0
DA:601,0
DA:602,0
DA:605,0
DA:606,0
DA:607,0
DA:608,0
DA:609,0
DA:612,0
DA:615,1
DA:616,0
DA:617,0
DA:620,1
DA:621,0
DA:622,0
DA:625,1
DA:626,0
DA:628,1
DA:634,0
DA:635,0
DA:636,0
DA:638,0
DA:639,0
DA:640,0
DA:647,0
DA:650,1
DA:657,0
DA:658,0
DA:659,0
DA:661,0
DA:662,0
DA:663,0
DA:670,0
DA:673,1
DA:674,0
DA:675,0
LF:259
LH:30
BRDA:36,0,0,0
BRDA:36,0,1,0
BRDA:121,1,0,0
BRDA:121,1,1,0
BRDA:147,2,0,0
BRDA:147,2,1,0
BRDA:147,2,2,0
BRDA:160,3,0,0
BRDA:160,3,1,0
BRDA:162,4,0,0
BRDA:162,4,1,0
BRDA:162,5,0,0
BRDA:162,5,1,0
BRDA:203,6,0,0
BRDA:203,6,1,0
BRDA:203,7,0,0
BRDA:203,7,1,0
BRDA:215,8,0,0
BRDA:215,8,1,0
BRDA:238,9,0,0
BRDA:238,9,1,0
BRDA:245,10,0,0
BRDA:245,10,1,0
BRDA:269,11,0,0
BRDA:269,11,1,0
BRDA:270,12,0,0
BRDA:270,12,1,0
BRDA:288,13,0,0
BRDA:288,13,1,0
BRDA:302,14,0,0
BRDA:302,14,1,0
BRDA:302,14,2,0
BRDA:316,15,0,0
BRDA:316,15,1,0
BRDA:318,16,0,0
BRDA:318,16,1,0
BRDA:318,17,0,0
BRDA:318,17,1,0
BRDA:358,18,0,0
BRDA:358,18,1,0
BRDA:359,19,0,0
BRDA:359,19,1,0
BRDA:376,20,0,0
BRDA:376,20,1,0
BRDA:390,21,0,0
BRDA:390,21,1,0
BRDA:390,21,2,0
BRDA:402,22,0,0
BRDA:402,22,1,0
BRDA:404,23,0,0
BRDA:404,23,1,0
BRDA:404,24,0,0
BRDA:404,24,1,0
BRDA:435,25,0,0
BRDA:435,25,1,0
BRDA:436,26,0,0
BRDA:436,26,1,0
BRDA:485,27,0,0
BRDA:485,27,1,0
BRDA:532,28,0,0
BRDA:532,28,1,0
BRDA:557,29,0,0
BRDA:557,29,1,0
BRDA:585,30,0,0
BRDA:585,30,1,0
BRDA:585,30,2,0
BRDA:585,30,3,0
BRDA:585,30,4,0
BRDA:596,31,0,0
BRDA:596,31,1,0
BRDA:596,31,2,0
BRDA:608,32,0,0
BRDA:608,32,1,0
BRDA:608,33,0,0
BRDA:608,33,1,0
BRDA:608,33,2,0
BRDA:608,33,3,0
BRDA:641,34,0,0
BRDA:641,34,1,0
BRDA:641,34,2,0
BRDA:641,34,3,0
BRDA:664,35,0,0
BRDA:664,35,1,0
BRDA:664,35,2,0
BRDA:664,35,3,0
BRDA:676,36,0,0
BRDA:676,36,1,0
BRDA:676,36,2,0
BRDA:676,36,3,0
BRDA:676,36,4,0
BRDA:676,36,5,0
BRF:91
BRH:0
end_of_record
TN:
SF:src\redux\slices\onlineTagsSlice.ts
FN:26,(anonymous_0)
FN:34,(anonymous_1)
FNF:2
FNH:0
FNDA:0,(anonymous_0)
FNDA:0,(anonymous_1)
DA:20,1
DA:27,0
DA:32,1
DA:34,1
DA:35,0
LF:5
LH:3
BRDA:35,0,0,0
BRDA:35,0,1,0
BRF:2
BRH:0
end_of_record
TN:
SF:src\redux\slices\playersSlice.ts
FN:23,(anonymous_0)
FN:33,(anonymous_1)
FN:44,(anonymous_2)
FN:59,(anonymous_3)
FN:87,(anonymous_4)
FN:107,(anonymous_5)
FN:116,(anonymous_6)
FN:117,(anonymous_7)
FN:120,(anonymous_8)
FN:126,(anonymous_9)
FN:143,(anonymous_10)
FN:145,(anonymous_11)
FN:147,(anonymous_12)
FN:148,(anonymous_13)
FN:150,(anonymous_14)
FN:153,(anonymous_15)
FN:158,(anonymous_16)
FN:159,(anonymous_17)
FNF:18
FNH:1
FNDA:0,(anonymous_0)
FNDA:0,(anonymous_1)
FNDA:0,(anonymous_2)
FNDA:0,(anonymous_3)
FNDA:0,(anonymous_4)
FNDA:0,(anonymous_5)
FNDA:1,(anonymous_6)
FNDA:0,(anonymous_7)
FNDA:0,(anonymous_8)
FNDA:0,(anonymous_9)
FNDA:0,(anonymous_10)
FNDA:0,(anonymous_11)
FNDA:0,(anonymous_12)
FNDA:0,(anonymous_13)
FNDA:0,(anonymous_14)
FNDA:0,(anonymous_15)
FNDA:0,(anonymous_16)
FNDA:0,(anonymous_17)
DA:21,1
DA:24,0
DA:25,0
DA:26,0
DA:27,0
DA:28,0
DA:31,0
DA:33,0
DA:34,0
DA:37,0
DA:42,1
DA:45,0
DA:46,0
DA:47,0
DA:48,0
DA:51,0
DA:53,0
DA:57,1
DA:60,0
DA:61,0
DA:62,0
DA:63,0
DA:66,0
DA:68,0
DA:74,0
DA:75,0
DA:82,0
DA:86,1
DA:87,0
DA:98,1
DA:108,0
DA:117,1
DA:118,0
DA:120,1
DA:121,0
DA:122,0
DA:124,0
DA:126,1
DA:127,0
DA:128,0
DA:129,0
DA:136,1
DA:142,1
DA:143,0
DA:145,1
DA:147,1
DA:148,0
DA:150,1
DA:151,0
DA:153,1
DA:157,0
DA:158,0
DA:159,0
LF:53
LH:14
BRDA:74,0,0,0
BRDA:74,0,1,0
BRDA:129,1,0,0
BRDA:129,1,1,0
BRF:4
BRH:0
end_of_record
TN:
SF:src\redux\slices\progressFilter.ts
FN:39,(anonymous_0)
FN:47,(anonymous_1)
FN:51,(anonymous_2)
FN:54,(anonymous_3)
FN:63,(anonymous_4)
FNF:5
FNH:0
FNDA:0,(anonymous_0)
FNDA:0,(anonymous_1)
FNDA:0,(anonymous_2)
FNDA:0,(anonymous_3)
FNDA:0,(anonymous_4)
DA:10,1
DA:35,1
DA:45,0
DA:46,0
DA:47,0
DA:49,0
DA:52,0
DA:55,0
DA:61,1
DA:63,1
LF:10
LH:4
BRF:0
BRH:0
end_of_record
TN:
SF:src\redux\slices\syncSlice.ts
FN:16,(anonymous_0)
FN:23,(anonymous_1)
FN:33,(anonymous_2)
FN:52,(anonymous_3)
FN:55,(anonymous_4)
FN:62,(anonymous_5)
FN:63,(anonymous_6)
FNF:7
FNH:0
FNDA:0,(anonymous_0)
FNDA:0,(anonymous_1)
FNDA:0,(anonymous_2)
FNDA:0,(anonymous_3)
FNDA:0,(anonymous_4)
FNDA:0,(anonymous_5)
FNDA:0,(anonymous_6)
DA:14,1
DA:17,0
DA:18,0
DA:19,0
DA:20,0
DA:22,0
DA:23,0
DA:24,0
DA:27,0
DA:29,0
DA:31,0
DA:32,0
DA:33,0
DA:36,0
DA:37,0
DA:41,0
DA:46,1
DA:53,0
DA:56,0
DA:61,1
DA:62,1
DA:63,1
DA:64,0
DA:65,0
DA:66,0
DA:67,0
DA:69,0
DA:71,0
DA:74,0
LF:29
LH:5
BRDA:31,0,0,0
BRDA:31,0,1,0
BRDA:36,1,0,0
BRDA:36,1,1,0
BRDA:65,2,0,0
BRDA:65,2,1,0
BRDA:69,3,0,0
BRDA:69,3,1,0
BRF:8
BRH:0
end_of_record
TN:
SF:src\redux\slices\userProfileSlice.ts
FN:13,(anonymous_0)
FN:27,(anonymous_1)
FN:54,(anonymous_2)
FN:58,(anonymous_3)
FN:65,(anonymous_4)
FN:66,(anonymous_5)
FN:69,(anonymous_6)
FN:75,(anonymous_7)
FN:82,(anonymous_8)
FN:91,(anonymous_9)
FNF:10
FNH:2
FNDA:0,(anonymous_0)
FNDA:0,(anonymous_1)
FNDA:0,(anonymous_2)
FNDA:0,(anonymous_3)
FNDA:1,(anonymous_4)
FNDA:0,(anonymous_5)
FNDA:0,(anonymous_6)
FNDA:0,(anonymous_7)
FNDA:0,(anonymous_8)
FNDA:5,(anonymous_9)
DA:11,1
DA:14,0
DA:15,0
DA:16,0
DA:17,0
DA:18,0
DA:21,0
DA:25,1
DA:28,0
DA:29,0
DA:30,0
DA:32,0
DA:42,1
DA:49,1
DA:55,0
DA:59,0
DA:66,1
DA:67,0
DA:69,1
DA:70,0
DA:71,0
DA:72,0
DA:73,0
DA:75,1
DA:76,0
DA:77,0
DA:78,0
DA:82,1
DA:86,1
DA:91,1
DA:92,5
LF:31
LH:11
BRDA:17,0,0,0
BRDA:17,0,1,0
BRF:2
BRH:0
end_of_record
TN:
SF:src\theme\color.ts
FNF:0
FNH:0
DA:12,1
LF:1
LH:1
BRF:0
BRH:0
end_of_record
TN:
SF:src\theme\commonStyles.ts
FNF:0
FNH:0
DA:8,1
LF:1
LH:1
BRF:0
BRH:0
end_of_record
TN:
SF:src\theme\index.ts
FNF:0
FNH:0
LF:0
LH:0
BRF:0
BRH:0
end_of_record
TN:
SF:src\theme\palette.ts
FNF:0
FNH:0
DA:1,1
LF:1
LH:1
BRF:0
BRH:0
end_of_record
TN:
SF:src\theme\spacing.ts
FNF:0
FNH:0
DA:41,1
LF:1
LH:1
BRF:0
BRH:0
end_of_record
TN:
SF:src\theme\typography.ts
FNF:0
FNH:0
DA:16,1
LF:1
LH:1
BRF:0
BRH:0
end_of_record
TN:
SF:src\utils\index.ts
FN:30,formatDateTime
FN:44,getCurrentWeekRange
FN:55,isDateInCurrentWeek
FN:61,(anonymous_3)
FN:85,(anonymous_4)
FN:93,(anonymous_5)
FN:119,(anonymous_6)
FN:150,(anonymous_7)
FN:155,(anonymous_8)
FN:165,(anonymous_9)
FN:195,(anonymous_10)
FN:199,(anonymous_11)
FN:215,(anonymous_12)
FN:245,(anonymous_13)
FN:292,(anonymous_14)
FN:380,(anonymous_15)
FN:385,(anonymous_16)
FN:391,(anonymous_17)
FN:393,(anonymous_18)
FN:407,(anonymous_19)
FN:411,(anonymous_20)
FN:412,(anonymous_21)
FN:431,(anonymous_22)
FN:464,(anonymous_23)
FN:472,(anonymous_24)
FN:479,(anonymous_25)
FN:501,(anonymous_26)
FN:549,(anonymous_27)
FN:558,(anonymous_28)
FN:561,(anonymous_29)
FN:564,(anonymous_30)
FN:578,(anonymous_31)
FN:592,(anonymous_32)
FN:601,(anonymous_33)
FN:608,(anonymous_34)
FN:613,(anonymous_35)
FN:614,(anonymous_36)
FN:617,(anonymous_37)
FN:624,(anonymous_38)
FN:633,(anonymous_39)
FN:638,(anonymous_40)
FN:640,(anonymous_41)
FN:644,(anonymous_42)
FN:649,(anonymous_43)
FN:651,(anonymous_44)
FN:654,(anonymous_45)
FN:661,(anonymous_46)
FN:667,(anonymous_47)
FN:693,(anonymous_48)
FN:727,(anonymous_49)
FN:765,(anonymous_50)
FN:777,(anonymous_51)
FN:792,(anonymous_52)
FN:796,(anonymous_53)
FN:821,(anonymous_54)
FN:822,(anonymous_55)
FN:833,(anonymous_56)
FN:838,(anonymous_57)
FN:868,(anonymous_58)
FN:873,(anonymous_59)
FN:875,(anonymous_60)
FN:878,(anonymous_61)
FN:886,(anonymous_62)
FN:887,(anonymous_63)
FN:889,(anonymous_64)
FN:899,(anonymous_65)
FN:909,(anonymous_66)
FN:922,(anonymous_67)
FN:951,(anonymous_68)
FN:952,(anonymous_69)
FN:955,(anonymous_70)
FN:956,(anonymous_71)
FN:1009,(anonymous_72)
FN:1010,(anonymous_73)
FN:1031,(anonymous_74)
FNF:75
FNH:1
FNDA:0,formatDateTime
FNDA:0,getCurrentWeekRange
FNDA:0,isDateInCurrentWeek
FNDA:0,(anonymous_3)
FNDA:0,(anonymous_4)
FNDA:0,(anonymous_5)
FNDA:0,(anonymous_6)
FNDA:0,(anonymous_7)
FNDA:0,(anonymous_8)
FNDA:0,(anonymous_9)
FNDA:0,(anonymous_10)
FNDA:0,(anonymous_11)
FNDA:0,(anonymous_12)
FNDA:0,(anonymous_13)
FNDA:0,(anonymous_14)
FNDA:0,(anonymous_15)
FNDA:0,(anonymous_16)
FNDA:0,(anonymous_17)
FNDA:0,(anonymous_18)
FNDA:0,(anonymous_19)
FNDA:0,(anonymous_20)
FNDA:0,(anonymous_21)
FNDA:0,(anonymous_22)
FNDA:0,(anonymous_23)
FNDA:0,(anonymous_24)
FNDA:0,(anonymous_25)
FNDA:0,(anonymous_26)
FNDA:0,(anonymous_27)
FNDA:0,(anonymous_28)
FNDA:0,(anonymous_29)
FNDA:0,(anonymous_30)
FNDA:0,(anonymous_31)
FNDA:12,(anonymous_32)
FNDA:0,(anonymous_33)
FNDA:0,(anonymous_34)
FNDA:0,(anonymous_35)
FNDA:0,(anonymous_36)
FNDA:0,(anonymous_37)
FNDA:0,(anonymous_38)
FNDA:0,(anonymous_39)
FNDA:0,(anonymous_40)
FNDA:0,(anonymous_41)
FNDA:0,(anonymous_42)
FNDA:0,(anonymous_43)
FNDA:0,(anonymous_44)
FNDA:0,(anonymous_45)
FNDA:0,(anonymous_46)
FNDA:0,(anonymous_47)
FNDA:0,(anonymous_48)
FNDA:0,(anonymous_49)
FNDA:0,(anonymous_50)
FNDA:0,(anonymous_51)
FNDA:0,(anonymous_52)
FNDA:0,(anonymous_53)
FNDA:0,(anonymous_54)
FNDA:0,(anonymous_55)
FNDA:0,(anonymous_56)
FNDA:0,(anonymous_57)
FNDA:0,(anonymous_58)
FNDA:0,(anonymous_59)
FNDA:0,(anonymous_60)
FNDA:0,(anonymous_61)
FNDA:0,(anonymous_62)
FNDA:0,(anonymous_63)
FNDA:0,(anonymous_64)
FNDA:0,(anonymous_65)
FNDA:0,(anonymous_66)
FNDA:0,(anonymous_67)
FNDA:0,(anonymous_68)
FNDA:0,(anonymous_69)
FNDA:0,(anonymous_70)
FNDA:0,(anonymous_71)
FNDA:0,(anonymous_72)
FNDA:0,(anonymous_73)
FNDA:0,(anonymous_74)
DA:28,1
DA:34,0
DA:35,0
DA:37,0
DA:38,0
DA:40,0
DA:45,0
DA:46,0
DA:48,0
DA:56,0
DA:58,0
DA:61,1
DA:81,0
DA:83,0
DA:86,0
DA:93,0
DA:94,0
DA:96,0
DA:98,0
DA:99,0
DA:105,0
DA:116,0
DA:119,1
DA:124,0
DA:131,0
DA:132,0
DA:135,0
DA:137,0
DA:138,0
DA:139,0
DA:140,0
DA:143,0
DA:144,0
DA:147,0
DA:150,1
DA:154,0
DA:155,0
DA:156,0
DA:157,0
DA:163,1
DA:165,1
DA:184,0
DA:186,0
DA:187,0
DA:188,0
DA:189,0
DA:190,0
DA:192,0
DA:196,0
DA:199,0
DA:205,0
DA:211,0
DA:214,0
DA:215,0
DA:216,0
DA:217,0
DA:221,0
DA:223,0
DA:235,0
DA:236,0
DA:239,0
DA:242,0
DA:245,1
DA:262,0
DA:263,0
DA:264,0
DA:274,0
DA:275,0
DA:283,0
DA:290,0
DA:291,0
DA:292,0
DA:293,0
DA:294,0
DA:296,0
DA:301,0
DA:302,0
DA:303,0
DA:304,0
DA:305,0
DA:306,0
DA:309,0
DA:314,0
DA:315,0
DA:316,0
DA:317,0
DA:318,0
DA:320,0
DA:322,0
DA:323,0
DA:324,0
DA:325,0
DA:327,0
DA:328,0
DA:329,0
DA:331,0
DA:334,0
DA:353,0
DA:354,0
DA:357,0
DA:360,0
DA:361,0
DA:362,0
DA:364,0
DA:368,0
DA:371,0
DA:380,1
DA:381,0
DA:383,0
DA:386,0
DA:391,0
DA:392,0
DA:394,0
DA:397,0
DA:398,0
DA:407,0
DA:409,0
DA:410,0
DA:412,0
DA:413,0
DA:415,0
DA:428,0
DA:431,1
DA:436,0
DA:437,0
DA:438,0
DA:440,0
DA:441,0
DA:443,0
DA:444,0
DA:445,0
DA:449,0
DA:450,0
DA:452,0
DA:453,0
DA:454,0
DA:458,0
DA:464,1
DA:465,0
DA:467,0
DA:472,1
DA:473,0
DA:479,1
DA:490,0
DA:493,0
DA:494,0
DA:500,0
DA:501,0
DA:503,0
DA:504,0
DA:506,0
DA:508,0
DA:510,0
DA:512,0
DA:519,0
DA:520,0
DA:521,0
DA:522,0
DA:523,0
DA:524,0
DA:525,0
DA:527,0
DA:528,0
DA:530,0
DA:535,0
DA:545,0
DA:546,0
DA:549,1
DA:550,0
DA:552,0
DA:558,1
DA:559,0
DA:561,0
DA:562,0
DA:564,0
DA:569,0
DA:574,0
DA:577,0
DA:579,0
DA:584,0
DA:592,1
DA:595,12
DA:597,12
DA:601,1
DA:604,0
DA:605,0
DA:608,1
DA:613,0
DA:614,0
DA:615,0
DA:617,0
DA:619,0
DA:622,0
DA:624,0
DA:625,0
DA:626,0
DA:630,0
DA:633,1
DA:637,0
DA:640,0
DA:642,0
DA:644,0
DA:646,0
DA:649,1
DA:650,0
DA:651,0
DA:652,0
DA:654,0
DA:655,0
DA:656,0
DA:660,0
DA:661,0
DA:662,0
DA:664,0
DA:667,1
DA:673,0
DA:674,0
DA:677,0
DA:678,0
DA:680,0
DA:682,0
DA:683,0
DA:686,0
DA:687,0
DA:690,0
DA:693,1
DA:699,0
DA:700,0
DA:703,0
DA:706,0
DA:708,0
DA:710,0
DA:712,0
DA:713,0
DA:716,0
DA:717,0
DA:720,0
DA:721,0
DA:724,0
DA:727,1
DA:733,0
DA:734,0
DA:736,0
DA:740,0
DA:742,0
DA:744,0
DA:748,0
DA:752,0
DA:759,0
DA:765,0
DA:766,0
DA:771,0
DA:774,0
DA:777,1
DA:783,0
DA:784,0
DA:791,0
DA:792,0
DA:795,0
DA:796,0
DA:797,0
DA:798,0
DA:802,0
DA:807,0
DA:813,0
DA:821,1
DA:822,0
DA:823,0
DA:824,0
DA:826,0
DA:827,0
DA:829,0
DA:833,1
DA:838,0
DA:839,0
DA:840,0
DA:842,0
DA:843,0
DA:845,0
DA:868,1
DA:873,0
DA:874,0
DA:875,0
DA:877,0
DA:878,0
DA:880,0
DA:883,0
DA:886,1
DA:887,0
DA:889,1
DA:896,0
DA:897,0
DA:899,0
DA:900,0
DA:901,0
DA:909,1
DA:910,0
DA:912,0
DA:914,0
DA:916,0
DA:918,0
DA:922,1
DA:931,0
DA:933,0
DA:935,0
DA:939,0
DA:951,0
DA:952,0
DA:955,0
DA:956,0
DA:961,0
DA:962,0
DA:965,0
DA:966,0
DA:972,0
DA:973,0
DA:974,0
DA:975,0
DA:980,0
DA:981,0
DA:985,0
DA:987,0
DA:988,0
DA:990,0
DA:997,0
DA:1008,0
DA:1010,0
DA:1011,0
DA:1014,0
DA:1016,0
DA:1017,0
DA:1021,0
DA:1025,0
DA:1029,0
DA:1031,0
DA:1032,0
DA:1035,0
LF:337
LH:32
BRDA:32,0,0,0
BRDA:34,1,0,0
BRDA:34,1,1,0
BRDA:34,2,0,0
BRDA:34,2,1,0
BRDA:37,3,0,0
BRDA:37,3,1,0
BRDA:86,4,0,0
BRDA:86,4,1,0
BRDA:96,5,0,0
BRDA:96,5,1,0
BRDA:96,6,0,0
BRDA:96,6,1,0
BRDA:98,7,0,0
BRDA:98,7,1,0
BRDA:109,8,0,0
BRDA:109,8,1,0
BRDA:135,9,0,0
BRDA:135,9,1,0
BRDA:137,10,0,0
BRDA:137,10,1,0
BRDA:137,11,0,0
BRDA:137,11,1,0
BRDA:139,12,0,0
BRDA:139,12,1,0
BRDA:139,13,0,0
BRDA:139,13,1,0
BRDA:143,14,0,0
BRDA:143,14,1,0
BRDA:143,15,0,0
BRDA:143,15,1,0
BRDA:143,15,2,0
BRDA:158,16,0,0
BRDA:158,16,1,0
BRDA:158,16,2,0
BRDA:186,17,0,0
BRDA:186,17,1,0
BRDA:192,18,0,0
BRDA:192,18,1,0
BRDA:196,19,0,0
BRDA:196,19,1,0
BRDA:206,20,0,0
BRDA:206,20,1,0
BRDA:207,21,0,0
BRDA:207,21,1,0
BRDA:216,22,0,0
BRDA:216,22,1,0
BRDA:221,23,0,0
BRDA:221,23,1,0
BRDA:224,24,0,0
BRDA:224,24,1,0
BRDA:235,25,0,0
BRDA:235,25,1,0
BRDA:293,26,0,0
BRDA:293,26,1,0
BRDA:293,27,0,0
BRDA:293,27,1,0
BRDA:296,28,0,0
BRDA:296,28,1,0
BRDA:297,29,0,0
BRDA:297,29,1,0
BRDA:297,29,2,0
BRDA:314,30,0,0
BRDA:314,30,1,0
BRDA:317,31,0,0
BRDA:317,31,1,0
BRDA:318,32,0,0
BRDA:318,32,1,0
BRDA:320,33,0,0
BRDA:320,33,1,0
BRDA:322,34,0,0
BRDA:322,34,1,0
BRDA:325,35,0,0
BRDA:325,35,1,0
BRDA:337,36,0,0
BRDA:337,36,1,0
BRDA:340,37,0,0
BRDA:340,37,1,0
BRDA:355,38,0,0
BRDA:355,38,1,0
BRDA:358,39,0,0
BRDA:358,39,1,0
BRDA:363,40,0,0
BRDA:363,40,1,0
BRDA:365,41,0,0
BRDA:365,41,1,0
BRDA:375,42,0,0
BRDA:375,42,1,0
BRDA:376,43,0,0
BRDA:376,43,1,0
BRDA:386,44,0,0
BRDA:386,44,1,0
BRDA:386,44,2,0
BRDA:386,44,3,0
BRDA:399,45,0,0
BRDA:399,45,1,0
BRDA:399,45,2,0
BRDA:399,45,3,0
BRDA:399,45,4,0
BRDA:399,45,5,0
BRDA:413,46,0,0
BRDA:413,46,1,0
BRDA:443,47,0,0
BRDA:443,47,1,0
BRDA:452,48,0,0
BRDA:452,48,1,0
BRDA:473,49,0,0
BRDA:473,49,1,0
BRDA:473,50,0,0
BRDA:473,50,1,0
BRDA:481,51,0,0
BRDA:493,52,0,0
BRDA:493,52,1,0
BRDA:501,53,0,0
BRDA:501,53,1,0
BRDA:501,53,2,0
BRDA:506,54,0,0
BRDA:506,54,1,0
BRDA:508,55,0,0
BRDA:508,55,1,0
BRDA:510,56,0,0
BRDA:510,56,1,0
BRDA:519,57,0,0
BRDA:519,57,1,0
BRDA:524,58,0,0
BRDA:524,58,1,0
BRDA:525,59,0,0
BRDA:525,59,1,0
BRDA:527,60,0,0
BRDA:527,60,1,0
BRDA:530,61,0,0
BRDA:530,61,1,0
BRDA:531,62,0,0
BRDA:531,62,1,0
BRDA:532,63,0,0
BRDA:532,63,1,0
BRDA:550,64,0,0
BRDA:550,64,1,0
BRDA:550,65,0,0
BRDA:550,65,1,0
BRDA:552,66,0,0
BRDA:552,66,1,0
BRDA:579,67,0,0
BRDA:579,67,1,0
BRDA:579,67,2,0
BRDA:584,68,0,0
BRDA:584,68,1,0
BRDA:615,69,0,0
BRDA:615,69,1,0
BRDA:615,70,0,0
BRDA:615,70,1,0
BRDA:617,71,0,0
BRDA:617,71,1,0
BRDA:625,72,0,0
BRDA:625,72,1,0
BRDA:625,73,0,0
BRDA:625,73,1,0
BRDA:640,74,0,0
BRDA:640,74,1,0
BRDA:651,75,0,0
BRDA:651,75,1,0
BRDA:654,76,0,0
BRDA:654,76,1,0
BRDA:655,77,0,0
BRDA:655,77,1,0
BRDA:662,78,0,0
BRDA:662,78,1,0
BRDA:673,79,0,0
BRDA:673,79,1,0
BRDA:674,80,0,0
BRDA:674,80,1,0
BRDA:678,81,0,0
BRDA:678,81,1,0
BRDA:680,82,0,0
BRDA:680,82,1,0
BRDA:682,83,0,0
BRDA:682,83,1,0
BRDA:686,84,0,0
BRDA:686,84,1,0
BRDA:699,85,0,0
BRDA:699,85,1,0
BRDA:700,86,0,0
BRDA:700,86,1,0
BRDA:706,87,0,0
BRDA:706,87,1,0
BRDA:708,88,0,0
BRDA:708,88,1,0
BRDA:710,89,0,0
BRDA:710,89,1,0
BRDA:712,90,0,0
BRDA:712,90,1,0
BRDA:716,91,0,0
BRDA:716,91,1,0
BRDA:720,92,0,0
BRDA:720,92,1,0
BRDA:733,93,0,0
BRDA:733,93,1,0
BRDA:737,94,0,0
BRDA:737,94,1,0
BRDA:740,95,0,0
BRDA:740,95,1,0
BRDA:742,96,0,0
BRDA:742,96,1,0
BRDA:744,97,0,0
BRDA:744,97,1,0
BRDA:745,98,0,0
BRDA:745,98,1,0
BRDA:748,99,0,0
BRDA:748,99,1,0
BRDA:753,100,0,0
BRDA:753,100,1,0
BRDA:759,101,0,0
BRDA:759,101,1,0
BRDA:760,102,0,0
BRDA:760,102,1,0
BRDA:767,103,0,0
BRDA:767,103,1,0
BRDA:771,104,0,0
BRDA:771,104,1,0
BRDA:783,105,0,0
BRDA:783,105,1,0
BRDA:795,106,0,0
BRDA:795,106,1,0
BRDA:797,107,0,0
BRDA:797,107,1,0
BRDA:798,108,0,0
BRDA:798,108,1,0
BRDA:802,109,0,0
BRDA:802,109,1,0
BRDA:807,110,0,0
BRDA:807,110,1,0
BRDA:809,111,0,0
BRDA:809,111,1,0
BRDA:823,112,0,0
BRDA:823,112,1,0
BRDA:823,113,0,0
BRDA:823,113,1,0
BRDA:824,114,0,0
BRDA:824,114,1,0
BRDA:824,115,0,0
BRDA:824,115,1,0
BRDA:826,116,0,0
BRDA:826,116,1,0
BRDA:826,117,0,0
BRDA:826,117,1,0
BRDA:839,118,0,0
BRDA:839,118,1,0
BRDA:839,119,0,0
BRDA:839,119,1,0
BRDA:840,120,0,0
BRDA:840,120,1,0
BRDA:840,121,0,0
BRDA:840,121,1,0
BRDA:842,122,0,0
BRDA:842,122,1,0
BRDA:842,123,0,0
BRDA:842,123,1,0
BRDA:870,124,0,0
BRDA:877,125,0,0
BRDA:877,125,1,0
BRDA:893,126,0,0
BRDA:894,127,0,0
BRDA:902,128,0,0
BRDA:902,128,1,0
BRDA:902,128,2,0
BRDA:910,129,0,0
BRDA:910,129,1,0
BRDA:910,129,2,0
BRDA:910,129,3,0
BRDA:940,130,0,0
BRDA:940,130,1,0
BRDA:948,131,0,0
BRDA:948,131,1,0
BRDA:958,132,0,0
BRDA:958,132,1,0
BRDA:961,133,0,0
BRDA:961,133,1,0
BRDA:961,134,0,0
BRDA:961,134,1,0
BRDA:965,135,0,0
BRDA:965,135,1,0
BRDA:965,136,0,0
BRDA:965,136,1,0
BRDA:972,137,0,0
BRDA:972,137,1,0
BRDA:978,138,0,0
BRDA:978,138,1,0
BRDA:992,139,0,0
BRDA:992,139,1,0
BRDA:993,140,0,0
BRDA:993,140,1,0
BRDA:1002,141,0,0
BRDA:1002,141,1,0
BRDA:1003,142,0,0
BRDA:1003,142,1,0
BRDA:1014,143,0,0
BRDA:1014,143,1,0
BRDA:1016,144,0,0
BRDA:1016,144,1,0
BRDA:1021,145,0,0
BRDA:1021,145,1,0
BRF:301
BRH:0
end_of_record
TN:
SF:src\utils\mixins.ts
FN:9,(anonymous_0)
FN:21,(anonymous_1)
FN:35,(anonymous_2)
FN:47,(anonymous_3)
FN:54,(anonymous_4)
FN:61,(anonymous_5)
FN:65,(anonymous_6)
FN:70,(anonymous_7)
FN:74,(anonymous_8)
FN:78,(anonymous_9)
FN:83,(anonymous_10)
FN:91,(anonymous_11)
FN:96,(anonymous_12)
FN:102,(anonymous_13)
FN:107,(anonymous_14)
FN:125,(anonymous_15)
FN:134,(anonymous_16)
FN:137,(anonymous_17)
FN:141,(anonymous_18)
FN:146,(anonymous_19)
FN:149,(anonymous_20)
FN:169,(anonymous_21)
FN:174,(anonymous_22)
FN:184,(anonymous_23)
FN:192,(anonymous_24)
FN:198,(anonymous_25)
FN:208,(anonymous_26)
FN:208,(anonymous_27)
FN:212,(anonymous_28)
FN:215,(anonymous_29)
FN:234,(anonymous_30)
FN:235,(anonymous_31)
FN:245,(anonymous_32)
FN:256,(anonymous_33)
FN:262,(anonymous_34)
FN:271,(anonymous_35)
FN:286,(anonymous_36)
FN:300,(anonymous_37)
FN:331,(anonymous_38)
FN:338,(anonymous_39)
FN:345,(anonymous_40)
FN:355,(anonymous_41)
FN:364,(anonymous_42)
FN:373,(anonymous_43)
FN:408,(anonymous_44)
FN:421,(anonymous_45)
FN:437,(anonymous_46)
FN:457,(anonymous_47)
FN:471,(anonymous_48)
FN:485,(anonymous_49)
FN:488,(anonymous_50)
FNF:51
FNH:1
FNDA:0,(anonymous_0)
FNDA:0,(anonymous_1)
FNDA:0,(anonymous_2)
FNDA:0,(anonymous_3)
FNDA:0,(anonymous_4)
FNDA:1,(anonymous_5)
FNDA:0,(anonymous_6)
FNDA:0,(anonymous_7)
FNDA:0,(anonymous_8)
FNDA:0,(anonymous_9)
FNDA:0,(anonymous_10)
FNDA:0,(anonymous_11)
FNDA:0,(anonymous_12)
FNDA:0,(anonymous_13)
FNDA:0,(anonymous_14)
FNDA:0,(anonymous_15)
FNDA:0,(anonymous_16)
FNDA:0,(anonymous_17)
FNDA:0,(anonymous_18)
FNDA:0,(anonymous_19)
FNDA:0,(anonymous_20)
FNDA:0,(anonymous_21)
FNDA:0,(anonymous_22)
FNDA:0,(anonymous_23)
FNDA:0,(anonymous_24)
FNDA:0,(anonymous_25)
FNDA:0,(anonymous_26)
FNDA:0,(anonymous_27)
FNDA:0,(anonymous_28)
FNDA:0,(anonymous_29)
FNDA:0,(anonymous_30)
FNDA:0,(anonymous_31)
FNDA:0,(anonymous_32)
FNDA:0,(anonymous_33)
FNDA:0,(anonymous_34)
FNDA:0,(anonymous_35)
FNDA:0,(anonymous_36)
FNDA:0,(anonymous_37)
FNDA:0,(anonymous_38)
FNDA:0,(anonymous_39)
FNDA:0,(anonymous_40)
FNDA:0,(anonymous_41)
FNDA:0,(anonymous_42)
FNDA:0,(anonymous_43)
FNDA:0,(anonymous_44)
FNDA:0,(anonymous_45)
FNDA:0,(anonymous_46)
FNDA:0,(anonymous_47)
FNDA:0,(anonymous_48)
FNDA:0,(anonymous_49)
FNDA:0,(anonymous_50)
DA:6,1
DA:8,1
DA:10,0
DA:11,0
DA:12,0
DA:16,0
DA:18,0
DA:22,0
DA:23,0
DA:26,0
DA:27,0
DA:28,0
DA:29,0
DA:30,0
DA:31,0
DA:33,0
DA:36,0
DA:37,0
DA:39,0
DA:40,0
DA:41,0
DA:42,0
DA:43,0
DA:45,0
DA:48,0
DA:49,0
DA:50,0
DA:51,0
DA:55,0
DA:56,0
DA:58,0
DA:62,1
DA:63,1
DA:66,0
DA:71,0
DA:75,0
DA:76,0
DA:79,0
DA:81,0
DA:84,0
DA:85,0
DA:86,0
DA:87,0
DA:89,0
DA:92,0
DA:97,0
DA:98,0
DA:103,0
DA:104,0
DA:105,0
DA:108,0
DA:109,0
DA:110,0
DA:112,0
DA:113,0
DA:114,0
DA:115,0
DA:116,0
DA:119,0
DA:120,0
DA:123,0
DA:126,0
DA:127,0
DA:128,0
DA:132,0
DA:135,0
DA:138,0
DA:139,0
DA:142,0
DA:143,0
DA:147,0
DA:151,0
DA:152,0
DA:153,0
DA:155,0
DA:156,0
DA:157,0
DA:158,0
DA:159,0
DA:160,0
DA:161,0
DA:162,0
DA:163,0
DA:164,0
DA:165,0
DA:166,0
DA:170,0
DA:179,0
DA:180,0
DA:181,0
DA:182,0
DA:185,0
DA:186,0
DA:188,0
DA:194,0
DA:199,0
DA:202,0
DA:203,0
DA:204,0
DA:206,0
DA:208,0
DA:213,0
DA:216,0
DA:217,0
DA:218,0
DA:219,0
DA:220,0
DA:221,0
DA:225,0
DA:234,0
DA:236,0
DA:237,0
DA:238,0
DA:240,0
DA:246,0
DA:247,0
DA:248,0
DA:250,0
DA:257,0
DA:258,0
DA:260,0
DA:263,0
DA:264,0
DA:265,0
DA:267,0
DA:272,0
DA:273,0
DA:275,0
DA:276,0
DA:278,0
DA:279,0
DA:280,0
DA:283,0
DA:287,0
DA:288,0
DA:290,0
DA:291,0
DA:293,0
DA:294,0
DA:295,0
DA:298,0
DA:302,0
DA:303,0
DA:307,0
DA:308,0
DA:310,0
DA:311,0
DA:312,0
DA:319,0
DA:324,0
DA:331,0
DA:332,0
DA:338,0
DA:339,0
DA:345,0
DA:346,0
DA:353,0
DA:356,0
DA:357,0
DA:360,0
DA:365,0
DA:374,0
DA:376,0
DA:377,0
DA:383,0
DA:385,0
DA:386,0
DA:388,0
DA:392,0
DA:395,0
DA:396,0
DA:397,0
DA:403,0
DA:409,0
DA:415,0
DA:421,0
DA:423,0
DA:424,0
DA:425,0
DA:426,0
DA:427,0
DA:428,0
DA:429,0
DA:432,0
DA:441,0
DA:444,0
DA:446,0
DA:447,0
DA:449,0
DA:450,0
DA:451,0
DA:455,0
DA:462,0
DA:476,0
DA:486,0
DA:490,0
DA:491,0
DA:492,0
DA:494,0
DA:495,0
DA:499,0
DA:501,0
DA:502,0
DA:507,0
DA:510,0
DA:513,1
DA:731,1
DA:738,1
DA:743,1
DA:748,1
DA:781,1
DA:784,1
DA:787,1
DA:789,1
DA:790,1
DA:791,1
DA:794,1
DA:797,1
DA:799,1
DA:826,1
DA:857,1
DA:880,1
DA:899,1
DA:918,1
DA:941,1
DA:965,1
DA:968,1
DA:992,1
DA:1023,1
DA:1040,1
DA:1057,1
DA:1084,1
DA:1129,1
DA:1174,1
DA:1183,1
DA:1191,1
DA:1195,1
DA:1213,1
DA:1218,1
DA:1225,1
DA:1236,1
DA:1250,1
DA:1258,1
DA:1274,1
DA:1284,1
DA:1305,1
DA:1319,1
DA:1321,1
DA:1322,1
DA:1324,1
DA:1383,1
DA:1390,1
DA:1395,1
LF:253
LH:52
BRDA:11,0,0,0
BRDA:11,0,1,0
BRDA:13,1,0,0
BRDA:13,1,1,0
BRDA:21,2,0,0
BRDA:22,3,0,0
BRDA:22,3,1,0
BRDA:29,4,0,0
BRDA:29,4,1,0
BRDA:30,5,0,0
BRDA:30,5,1,0
BRDA:35,6,0,0
BRDA:36,7,0,0
BRDA:36,7,1,0
BRDA:42,8,0,0
BRDA:42,8,1,0
BRDA:55,9,0,0
BRDA:55,9,1,0
BRDA:55,10,0,0
BRDA:55,10,1,0
BRDA:86,11,0,0
BRDA:86,11,1,0
BRDA:103,12,0,0
BRDA:103,12,1,0
BRDA:104,13,0,0
BRDA:104,13,1,0
BRDA:108,14,0,0
BRDA:108,14,1,0
BRDA:109,15,0,0
BRDA:109,15,1,0
BRDA:112,16,0,0
BRDA:112,16,1,0
BRDA:115,17,0,0
BRDA:115,17,1,0
BRDA:119,18,0,0
BRDA:119,18,1,0
BRDA:123,19,0,0
BRDA:123,19,1,0
BRDA:126,20,0,0
BRDA:126,20,1,0
BRDA:132,21,0,0
BRDA:132,21,1,0
BRDA:137,22,0,0
BRDA:139,23,0,0
BRDA:139,23,1,0
BRDA:143,24,0,0
BRDA:143,24,1,0
BRDA:147,25,0,0
BRDA:147,25,1,0
BRDA:151,26,0,0
BRDA:151,26,1,0
BRDA:157,27,0,0
BRDA:157,27,1,0
BRDA:159,28,0,0
BRDA:159,28,1,0
BRDA:161,29,0,0
BRDA:161,29,1,0
BRDA:163,30,0,0
BRDA:163,30,1,0
BRDA:165,31,0,0
BRDA:165,31,1,0
BRDA:194,32,0,0
BRDA:194,32,1,0
BRDA:199,33,0,0
BRDA:199,33,1,0
BRDA:203,34,0,0
BRDA:203,34,1,0
BRDA:203,35,0,0
BRDA:203,35,1,0
BRDA:212,36,0,0
BRDA:212,37,0,0
BRDA:234,38,0,0
BRDA:234,38,1,0
BRDA:235,39,0,0
BRDA:240,40,0,0
BRDA:240,40,1,0
BRDA:245,41,0,0
BRDA:256,42,0,0
BRDA:262,43,0,0
BRDA:267,44,0,0
BRDA:267,44,1,0
BRDA:268,45,0,0
BRDA:268,45,1,0
BRDA:271,46,0,0
BRDA:311,47,0,0
BRDA:311,47,1,0
BRDA:356,48,0,0
BRDA:356,48,1,0
BRDA:357,49,0,0
BRDA:357,49,1,0
BRDA:360,50,0,0
BRDA:360,50,1,0
BRDA:361,51,0,0
BRDA:361,51,1,0
BRDA:362,52,0,0
BRDA:362,52,1,0
BRDA:365,53,0,0
BRDA:365,53,1,0
BRDA:366,54,0,0
BRDA:366,54,1,0
BRDA:366,55,0,0
BRDA:366,55,1,0
BRDA:369,56,0,0
BRDA:369,56,1,0
BRDA:376,57,0,0
BRDA:376,57,1,0
BRDA:385,58,0,0
BRDA:385,58,1,0
BRDA:385,59,0,0
BRDA:385,59,1,0
BRDA:386,60,0,0
BRDA:386,60,1,0
BRDA:388,61,0,0
BRDA:388,61,1,0
BRDA:395,62,0,0
BRDA:395,62,1,0
BRDA:423,63,0,0
BRDA:423,63,1,0
BRDA:424,64,0,0
BRDA:424,64,1,0
BRDA:425,65,0,0
BRDA:425,65,1,0
BRDA:425,66,0,0
BRDA:425,66,1,0
BRDA:426,67,0,0
BRDA:426,67,1,0
BRDA:441,68,0,0
BRDA:441,68,1,0
BRDA:449,69,0,0
BRDA:449,69,1,0
BRDA:464,70,0,0
BRDA:464,70,1,0
BRDA:464,71,0,0
BRDA:464,71,1,0
BRDA:468,72,0,0
BRDA:468,72,1,0
BRDA:477,73,0,0
BRDA:477,73,1,0
BRDA:478,74,0,0
BRDA:478,74,1,0
BRDA:485,75,0,0
BRDA:496,76,0,0
BRDA:496,76,1,0
BRDA:501,77,0,0
BRDA:501,77,1,0
BRF:145
BRH:0
end_of_record
TN:
SF:types\game.d.ts
FNF:0
FNH:0
LF:0
LH:0
BRF:0
BRH:0
end_of_record
TN:
SF:types\general.d.ts
FNF:0
FNH:0
LF:0
LH:0
BRF:0
BRH:0
end_of_record
TN:
SF:types\index.ts
FNF:0
FNH:0
LF:0
LH:0
BRF:0
BRH:0
end_of_record
TN:
SF:types\report.d.ts
FNF:0
FNH:0
LF:0
LH:0
BRF:0
BRH:0
end_of_record
